{"/Users/nathanaeldavidson/Overtime+/app/_layout.tsx": {"path":"/Users/nathanaeldavidson/Overtime+/app/_layout.tsx","statementMap":{"0":{"start":{"line":12,"column":22},"end":{"line":12,"column":38}},"1":{"start":{"line":13,"column":26},"end":{"line":13,"column":43}},"2":{"start":{"line":14,"column":25},"end":{"line":14,"column":41}},"3":{"start":{"line":15,"column":42},"end":{"line":15,"column":56}},"4":{"start":{"line":17,"column":2},"end":{"line":19,"column":9}},"5":{"start":{"line":18,"column":4},"end":{"line":18,"column":20}},"6":{"start":{"line":21,"column":24},"end":{"line":42,"column":3}},"7":{"start":{"line":22,"column":4},"end":{"line":41,"column":5}},"8":{"start":{"line":24,"column":6},"end":{"line":24,"column":28}},"9":{"start":{"line":25,"column":6},"end":{"line":25,"column":42}},"10":{"start":{"line":28,"column":6},"end":{"line":28,"column":53}},"11":{"start":{"line":31,"column":6},"end":{"line":36,"column":9}},"12":{"start":{"line":38,"column":6},"end":{"line":38,"column":50}},"13":{"start":{"line":40,"column":6},"end":{"line":40,"column":56}},"14":{"start":{"line":44,"column":2},"end":{"line":119,"column":4}}},"fnMap":{"0":{"name":"RootLayout","decl":{"start":{"line":11,"column":24},"end":{"line":11,"column":34}},"loc":{"start":{"line":11,"column":37},"end":{"line":120,"column":1}},"line":11},"1":{"name":"(anonymous_1)","decl":{"start":{"line":17,"column":12},"end":{"line":17,"column":13}},"loc":{"start":{"line":17,"column":18},"end":{"line":19,"column":3}},"line":17},"2":{"name":"(anonymous_2)","decl":{"start":{"line":21,"column":24},"end":{"line":21,"column":25}},"loc":{"start":{"line":21,"column":36},"end":{"line":42,"column":3}},"line":21}},"branchMap":{"0":{"loc":{"start":{"line":46,"column":24},"end":{"line":46,"column":65}},"type":"cond-expr","locations":[{"start":{"line":46,"column":49},"end":{"line":46,"column":56}},{"start":{"line":46,"column":59},"end":{"line":46,"column":65}}],"line":46},"1":{"loc":{"start":{"line":56,"column":31},"end":{"line":56,"column":71}},"type":"cond-expr","locations":[{"start":{"line":56,"column":56},"end":{"line":56,"column":62}},{"start":{"line":56,"column":65},"end":{"line":56,"column":71}}],"line":56},"2":{"loc":{"start":{"line":58,"column":29},"end":{"line":58,"column":69}},"type":"cond-expr","locations":[{"start":{"line":58,"column":54},"end":{"line":58,"column":60}},{"start":{"line":58,"column":63},"end":{"line":58,"column":69}}],"line":58},"3":{"loc":{"start":{"line":60,"column":21},"end":{"line":60,"column":61}},"type":"cond-expr","locations":[{"start":{"line":60,"column":46},"end":{"line":60,"column":52}},{"start":{"line":60,"column":55},"end":{"line":60,"column":61}}],"line":60},"4":{"loc":{"start":{"line":71,"column":31},"end":{"line":71,"column":71}},"type":"cond-expr","locations":[{"start":{"line":71,"column":56},"end":{"line":71,"column":62}},{"start":{"line":71,"column":65},"end":{"line":71,"column":71}}],"line":71},"5":{"loc":{"start":{"line":73,"column":29},"end":{"line":73,"column":69}},"type":"cond-expr","locations":[{"start":{"line":73,"column":54},"end":{"line":73,"column":60}},{"start":{"line":73,"column":63},"end":{"line":73,"column":69}}],"line":73},"6":{"loc":{"start":{"line":75,"column":21},"end":{"line":75,"column":61}},"type":"cond-expr","locations":[{"start":{"line":75,"column":46},"end":{"line":75,"column":52}},{"start":{"line":75,"column":55},"end":{"line":75,"column":61}}],"line":75},"7":{"loc":{"start":{"line":86,"column":31},"end":{"line":86,"column":71}},"type":"cond-expr","locations":[{"start":{"line":86,"column":56},"end":{"line":86,"column":62}},{"start":{"line":86,"column":65},"end":{"line":86,"column":71}}],"line":86},"8":{"loc":{"start":{"line":88,"column":29},"end":{"line":88,"column":69}},"type":"cond-expr","locations":[{"start":{"line":88,"column":54},"end":{"line":88,"column":60}},{"start":{"line":88,"column":63},"end":{"line":88,"column":69}}],"line":88},"9":{"loc":{"start":{"line":90,"column":21},"end":{"line":90,"column":61}},"type":"cond-expr","locations":[{"start":{"line":90,"column":46},"end":{"line":90,"column":52}},{"start":{"line":90,"column":55},"end":{"line":90,"column":61}}],"line":90},"10":{"loc":{"start":{"line":101,"column":31},"end":{"line":101,"column":71}},"type":"cond-expr","locations":[{"start":{"line":101,"column":56},"end":{"line":101,"column":62}},{"start":{"line":101,"column":65},"end":{"line":101,"column":71}}],"line":101},"11":{"loc":{"start":{"line":103,"column":29},"end":{"line":103,"column":69}},"type":"cond-expr","locations":[{"start":{"line":103,"column":54},"end":{"line":103,"column":60}},{"start":{"line":103,"column":63},"end":{"line":103,"column":69}}],"line":103},"12":{"loc":{"start":{"line":105,"column":21},"end":{"line":105,"column":61}},"type":"cond-expr","locations":[{"start":{"line":105,"column":46},"end":{"line":105,"column":52}},{"start":{"line":105,"column":55},"end":{"line":105,"column":61}}],"line":105}},"s":{"0":0,"1":0,"2":0,"3":0,"4":0,"5":0,"6":0,"7":0,"8":0,"9":0,"10":0,"11":0,"12":0,"13":0,"14":0},"f":{"0":0,"1":0,"2":0},"b":{"0":[0,0],"1":[0,0],"2":[0,0],"3":[0,0],"4":[0,0],"5":[0,0],"6":[0,0],"7":[0,0],"8":[0,0],"9":[0,0],"10":[0,0],"11":[0,0],"12":[0,0]}}
,"/Users/nathanaeldavidson/Overtime+/app/clear-data.tsx": {"path":"/Users/nathanaeldavidson/Overtime+/app/clear-data.tsx","statementMap":{"0":{"start":{"line":18,"column":17},"end":{"line":18,"column":28}},"1":{"start":{"line":19,"column":22},"end":{"line":19,"column":38}},"2":{"start":{"line":20,"column":17},"end":{"line":20,"column":39}},"3":{"start":{"line":22,"column":23},"end":{"line":22,"column":37}},"4":{"start":{"line":23,"column":25},"end":{"line":23,"column":41}},"5":{"start":{"line":25,"column":38},"end":{"line":25,"column":53}},"6":{"start":{"line":26,"column":38},"end":{"line":30,"column":17}},"7":{"start":{"line":32,"column":26},"end":{"line":35,"column":3}},"8":{"start":{"line":33,"column":19},"end":{"line":33,"column":42}},"9":{"start":{"line":34,"column":4},"end":{"line":34,"column":26}},"10":{"start":{"line":37,"column":26},"end":{"line":77,"column":3}},"11":{"start":{"line":38,"column":4},"end":{"line":76,"column":6}},"12":{"start":{"line":47,"column":12},"end":{"line":47,"column":32}},"13":{"start":{"line":48,"column":12},"end":{"line":72,"column":13}},"14":{"start":{"line":49,"column":30},"end":{"line":49,"column":51}},"15":{"start":{"line":50,"column":14},"end":{"line":67,"column":15}},"16":{"start":{"line":52,"column":16},"end":{"line":55,"column":19}},"17":{"start":{"line":58,"column":16},"end":{"line":58,"column":40}},"18":{"start":{"line":60,"column":16},"end":{"line":64,"column":18}},"19":{"start":{"line":63,"column":48},"end":{"line":63,"column":61}},"20":{"start":{"line":66,"column":16},"end":{"line":66,"column":80}},"21":{"start":{"line":69,"column":14},"end":{"line":69,"column":78}},"22":{"start":{"line":71,"column":14},"end":{"line":71,"column":35}},"23":{"start":{"line":79,"column":2},"end":{"line":170,"column":4}},"24":{"start":{"line":86,"column":27},"end":{"line":86,"column":40}},"25":{"start":{"line":173,"column":15},"end":{"line":311,"column":2}}},"fnMap":{"0":{"name":"ClearDataScreen","decl":{"start":{"line":17,"column":24},"end":{"line":17,"column":39}},"loc":{"start":{"line":17,"column":42},"end":{"line":171,"column":1}},"line":17},"1":{"name":"(anonymous_1)","decl":{"start":{"line":32,"column":26},"end":{"line":32,"column":27}},"loc":{"start":{"line":32,"column":38},"end":{"line":35,"column":3}},"line":32},"2":{"name":"(anonymous_2)","decl":{"start":{"line":37,"column":26},"end":{"line":37,"column":27}},"loc":{"start":{"line":37,"column":38},"end":{"line":77,"column":3}},"line":37},"3":{"name":"(anonymous_3)","decl":{"start":{"line":46,"column":19},"end":{"line":46,"column":20}},"loc":{"start":{"line":46,"column":31},"end":{"line":73,"column":11}},"line":46},"4":{"name":"(anonymous_4)","decl":{"start":{"line":63,"column":42},"end":{"line":63,"column":43}},"loc":{"start":{"line":63,"column":48},"end":{"line":63,"column":61}},"line":63},"5":{"name":"(anonymous_5)","decl":{"start":{"line":86,"column":21},"end":{"line":86,"column":22}},"loc":{"start":{"line":86,"column":27},"end":{"line":86,"column":40}},"line":86}},"branchMap":{"0":{"loc":{"start":{"line":50,"column":14},"end":{"line":67,"column":15}},"type":"if","locations":[{"start":{"line":50,"column":14},"end":{"line":67,"column":15}},{"start":{"line":65,"column":21},"end":{"line":67,"column":15}}],"line":50},"1":{"loc":{"start":{"line":80,"column":42},"end":{"line":80,"column":72}},"type":"binary-expr","locations":[{"start":{"line":80,"column":42},"end":{"line":80,"column":48}},{"start":{"line":80,"column":52},"end":{"line":80,"column":72}}],"line":80},"2":{"loc":{"start":{"line":83,"column":37},"end":{"line":83,"column":62}},"type":"binary-expr","locations":[{"start":{"line":83,"column":37},"end":{"line":83,"column":43}},{"start":{"line":83,"column":47},"end":{"line":83,"column":62}}],"line":83},"3":{"loc":{"start":{"line":88,"column":57},"end":{"line":88,"column":81}},"type":"cond-expr","locations":[{"start":{"line":88,"column":66},"end":{"line":88,"column":72}},{"start":{"line":88,"column":75},"end":{"line":88,"column":81}}],"line":88},"4":{"loc":{"start":{"line":90,"column":38},"end":{"line":90,"column":63}},"type":"binary-expr","locations":[{"start":{"line":90,"column":38},"end":{"line":90,"column":44}},{"start":{"line":90,"column":48},"end":{"line":90,"column":63}}],"line":90},"5":{"loc":{"start":{"line":94,"column":38},"end":{"line":94,"column":63}},"type":"binary-expr","locations":[{"start":{"line":94,"column":38},"end":{"line":94,"column":44}},{"start":{"line":94,"column":48},"end":{"line":94,"column":63}}],"line":94},"6":{"loc":{"start":{"line":97,"column":47},"end":{"line":97,"column":72}},"type":"binary-expr","locations":[{"start":{"line":97,"column":47},"end":{"line":97,"column":53}},{"start":{"line":97,"column":57},"end":{"line":97,"column":72}}],"line":97},"7":{"loc":{"start":{"line":101,"column":41},"end":{"line":101,"column":66}},"type":"binary-expr","locations":[{"start":{"line":101,"column":41},"end":{"line":101,"column":47}},{"start":{"line":101,"column":51},"end":{"line":101,"column":66}}],"line":101},"8":{"loc":{"start":{"line":105,"column":43},"end":{"line":105,"column":68}},"type":"binary-expr","locations":[{"start":{"line":105,"column":43},"end":{"line":105,"column":49}},{"start":{"line":105,"column":53},"end":{"line":105,"column":68}}],"line":105},"9":{"loc":{"start":{"line":106,"column":43},"end":{"line":106,"column":68}},"type":"binary-expr","locations":[{"start":{"line":106,"column":43},"end":{"line":106,"column":49}},{"start":{"line":106,"column":53},"end":{"line":106,"column":68}}],"line":106},"10":{"loc":{"start":{"line":107,"column":43},"end":{"line":107,"column":68}},"type":"binary-expr","locations":[{"start":{"line":107,"column":43},"end":{"line":107,"column":49}},{"start":{"line":107,"column":53},"end":{"line":107,"column":68}}],"line":107},"11":{"loc":{"start":{"line":109,"column":44},"end":{"line":109,"column":69}},"type":"binary-expr","locations":[{"start":{"line":109,"column":44},"end":{"line":109,"column":50}},{"start":{"line":109,"column":54},"end":{"line":109,"column":69}}],"line":109},"12":{"loc":{"start":{"line":115,"column":38},"end":{"line":115,"column":63}},"type":"binary-expr","locations":[{"start":{"line":115,"column":38},"end":{"line":115,"column":44}},{"start":{"line":115,"column":48},"end":{"line":115,"column":63}}],"line":115},"13":{"loc":{"start":{"line":116,"column":45},"end":{"line":116,"column":70}},"type":"binary-expr","locations":[{"start":{"line":116,"column":45},"end":{"line":116,"column":51}},{"start":{"line":116,"column":55},"end":{"line":116,"column":70}}],"line":116},"14":{"loc":{"start":{"line":120,"column":40},"end":{"line":120,"column":67}},"type":"binary-expr","locations":[{"start":{"line":120,"column":40},"end":{"line":120,"column":46}},{"start":{"line":120,"column":50},"end":{"line":120,"column":67}}],"line":120},"15":{"loc":{"start":{"line":123,"column":54},"end":{"line":123,"column":81}},"type":"cond-expr","locations":[{"start":{"line":123,"column":63},"end":{"line":123,"column":69}},{"start":{"line":123,"column":72},"end":{"line":123,"column":81}}],"line":123},"16":{"loc":{"start":{"line":124,"column":50},"end":{"line":124,"column":81}},"type":"binary-expr","locations":[{"start":{"line":124,"column":50},"end":{"line":124,"column":56}},{"start":{"line":124,"column":60},"end":{"line":124,"column":81}}],"line":124},"17":{"loc":{"start":{"line":129,"column":11},"end":{"line":144,"column":11}},"type":"binary-expr","locations":[{"start":{"line":129,"column":11},"end":{"line":129,"column":21}},{"start":{"line":130,"column":12},"end":{"line":143,"column":19}}],"line":129},"18":{"loc":{"start":{"line":132,"column":50},"end":{"line":132,"column":75}},"type":"binary-expr","locations":[{"start":{"line":132,"column":50},"end":{"line":132,"column":56}},{"start":{"line":132,"column":60},"end":{"line":132,"column":75}}],"line":132},"19":{"loc":{"start":{"line":133,"column":50},"end":{"line":133,"column":75}},"type":"binary-expr","locations":[{"start":{"line":133,"column":50},"end":{"line":133,"column":56}},{"start":{"line":133,"column":60},"end":{"line":133,"column":75}}],"line":133},"20":{"loc":{"start":{"line":136,"column":50},"end":{"line":136,"column":75}},"type":"binary-expr","locations":[{"start":{"line":136,"column":50},"end":{"line":136,"column":56}},{"start":{"line":136,"column":60},"end":{"line":136,"column":75}}],"line":136},"21":{"loc":{"start":{"line":137,"column":50},"end":{"line":137,"column":75}},"type":"binary-expr","locations":[{"start":{"line":137,"column":50},"end":{"line":137,"column":56}},{"start":{"line":137,"column":60},"end":{"line":137,"column":75}}],"line":137},"22":{"loc":{"start":{"line":140,"column":50},"end":{"line":140,"column":75}},"type":"binary-expr","locations":[{"start":{"line":140,"column":50},"end":{"line":140,"column":56}},{"start":{"line":140,"column":60},"end":{"line":140,"column":75}}],"line":140},"23":{"loc":{"start":{"line":141,"column":50},"end":{"line":141,"column":75}},"type":"binary-expr","locations":[{"start":{"line":141,"column":50},"end":{"line":141,"column":56}},{"start":{"line":141,"column":60},"end":{"line":141,"column":75}}],"line":141},"24":{"loc":{"start":{"line":148,"column":38},"end":{"line":148,"column":63}},"type":"binary-expr","locations":[{"start":{"line":148,"column":38},"end":{"line":148,"column":44}},{"start":{"line":148,"column":48},"end":{"line":148,"column":63}}],"line":148},"25":{"loc":{"start":{"line":152,"column":14},"end":{"line":152,"column":54}},"type":"binary-expr","locations":[{"start":{"line":152,"column":14},"end":{"line":152,"column":24}},{"start":{"line":152,"column":28},"end":{"line":152,"column":54}}],"line":152},"26":{"loc":{"start":{"line":153,"column":14},"end":{"line":153,"column":46}},"type":"binary-expr","locations":[{"start":{"line":153,"column":14},"end":{"line":153,"column":20}},{"start":{"line":153,"column":24},"end":{"line":153,"column":46}}],"line":153},"27":{"loc":{"start":{"line":159,"column":20},"end":{"line":159,"column":54}},"type":"cond-expr","locations":[{"start":{"line":159,"column":33},"end":{"line":159,"column":44}},{"start":{"line":159,"column":47},"end":{"line":159,"column":54}}],"line":159},"28":{"loc":{"start":{"line":164,"column":15},"end":{"line":164,"column":70}},"type":"cond-expr","locations":[{"start":{"line":164,"column":28},"end":{"line":164,"column":46}},{"start":{"line":164,"column":49},"end":{"line":164,"column":70}}],"line":164}},"s":{"0":0,"1":0,"2":0,"3":0,"4":0,"5":0,"6":0,"7":0,"8":0,"9":0,"10":0,"11":0,"12":0,"13":0,"14":0,"15":0,"16":0,"17":0,"18":0,"19":0,"20":0,"21":0,"22":0,"23":0,"24":0,"25":0},"f":{"0":0,"1":0,"2":0,"3":0,"4":0,"5":0},"b":{"0":[0,0],"1":[0,0],"2":[0,0],"3":[0,0],"4":[0,0],"5":[0,0],"6":[0,0],"7":[0,0],"8":[0,0],"9":[0,0],"10":[0,0],"11":[0,0],"12":[0,0],"13":[0,0],"14":[0,0],"15":[0,0],"16":[0,0],"17":[0,0],"18":[0,0],"19":[0,0],"20":[0,0],"21":[0,0],"22":[0,0],"23":[0,0],"24":[0,0],"25":[0,0],"26":[0,0],"27":[0,0],"28":[0,0]}}
,"/Users/nathanaeldavidson/Overtime+/app/email-settings.tsx": {"path":"/Users/nathanaeldavidson/Overtime+/app/email-settings.tsx","statementMap":{"0":{"start":{"line":19,"column":17},"end":{"line":19,"column":28}},"1":{"start":{"line":20,"column":22},"end":{"line":20,"column":38}},"2":{"start":{"line":21,"column":17},"end":{"line":21,"column":39}},"3":{"start":{"line":23,"column":46},"end":{"line":23,"column":63}},"4":{"start":{"line":24,"column":28},"end":{"line":24,"column":40}},"5":{"start":{"line":25,"column":44},"end":{"line":25,"column":56}},"6":{"start":{"line":26,"column":34},"end":{"line":26,"column":49}},"7":{"start":{"line":28,"column":2},"end":{"line":33,"column":16}},"8":{"start":{"line":29,"column":4},"end":{"line":32,"column":5}},"9":{"start":{"line":30,"column":6},"end":{"line":30,"column":36}},"10":{"start":{"line":31,"column":6},"end":{"line":31,"column":75}},"11":{"start":{"line":35,"column":21},"end":{"line":60,"column":3}},"12":{"start":{"line":36,"column":4},"end":{"line":36,"column":25}},"13":{"start":{"line":36,"column":18},"end":{"line":36,"column":25}},"14":{"start":{"line":39,"column":23},"end":{"line":39,"column":51}},"15":{"start":{"line":40,"column":4},"end":{"line":43,"column":5}},"16":{"start":{"line":41,"column":6},"end":{"line":41,"column":74}},"17":{"start":{"line":42,"column":6},"end":{"line":42,"column":13}},"18":{"start":{"line":45,"column":4},"end":{"line":45,"column":22}},"19":{"start":{"line":46,"column":4},"end":{"line":59,"column":5}},"20":{"start":{"line":47,"column":29},"end":{"line":51,"column":7}},"21":{"start":{"line":53,"column":6},"end":{"line":53,"column":40}},"22":{"start":{"line":54,"column":6},"end":{"line":54,"column":67}},"23":{"start":{"line":56,"column":6},"end":{"line":56,"column":79}},"24":{"start":{"line":58,"column":6},"end":{"line":58,"column":25}},"25":{"start":{"line":62,"column":30},"end":{"line":74,"column":3}},"26":{"start":{"line":63,"column":4},"end":{"line":73,"column":6}},"27":{"start":{"line":70,"column":25},"end":{"line":70,"column":68}},"28":{"start":{"line":76,"column":32},"end":{"line":87,"column":3}},"29":{"start":{"line":77,"column":24},"end":{"line":80,"column":39}},"30":{"start":{"line":82,"column":4},"end":{"line":86,"column":6}},"31":{"start":{"line":89,"column":2},"end":{"line":98,"column":3}},"32":{"start":{"line":90,"column":4},"end":{"line":97,"column":6}},"33":{"start":{"line":100,"column":2},"end":{"line":189,"column":4}},"34":{"start":{"line":107,"column":27},"end":{"line":107,"column":40}},"35":{"start":{"line":192,"column":15},"end":{"line":332,"column":2}}},"fnMap":{"0":{"name":"EmailSettingsScreen","decl":{"start":{"line":18,"column":24},"end":{"line":18,"column":43}},"loc":{"start":{"line":18,"column":46},"end":{"line":190,"column":1}},"line":18},"1":{"name":"(anonymous_1)","decl":{"start":{"line":28,"column":12},"end":{"line":28,"column":13}},"loc":{"start":{"line":28,"column":18},"end":{"line":33,"column":3}},"line":28},"2":{"name":"(anonymous_2)","decl":{"start":{"line":35,"column":21},"end":{"line":35,"column":22}},"loc":{"start":{"line":35,"column":33},"end":{"line":60,"column":3}},"line":35},"3":{"name":"(anonymous_3)","decl":{"start":{"line":62,"column":30},"end":{"line":62,"column":31}},"loc":{"start":{"line":62,"column":36},"end":{"line":74,"column":3}},"line":62},"4":{"name":"(anonymous_4)","decl":{"start":{"line":70,"column":19},"end":{"line":70,"column":20}},"loc":{"start":{"line":70,"column":25},"end":{"line":70,"column":68}},"line":70},"5":{"name":"(anonymous_5)","decl":{"start":{"line":76,"column":32},"end":{"line":76,"column":33}},"loc":{"start":{"line":76,"column":38},"end":{"line":87,"column":3}},"line":76},"6":{"name":"(anonymous_6)","decl":{"start":{"line":107,"column":21},"end":{"line":107,"column":22}},"loc":{"start":{"line":107,"column":27},"end":{"line":107,"column":40}},"line":107}},"branchMap":{"0":{"loc":{"start":{"line":29,"column":4},"end":{"line":32,"column":5}},"type":"if","locations":[{"start":{"line":29,"column":4},"end":{"line":32,"column":5}},{"start":{},"end":{}}],"line":29},"1":{"loc":{"start":{"line":30,"column":15},"end":{"line":30,"column":34}},"type":"binary-expr","locations":[{"start":{"line":30,"column":15},"end":{"line":30,"column":28}},{"start":{"line":30,"column":32},"end":{"line":30,"column":34}}],"line":30},"2":{"loc":{"start":{"line":31,"column":23},"end":{"line":31,"column":73}},"type":"binary-expr","locations":[{"start":{"line":31,"column":23},"end":{"line":31,"column":44}},{"start":{"line":31,"column":48},"end":{"line":31,"column":73}}],"line":31},"3":{"loc":{"start":{"line":36,"column":4},"end":{"line":36,"column":25}},"type":"if","locations":[{"start":{"line":36,"column":4},"end":{"line":36,"column":25}},{"start":{},"end":{}}],"line":36},"4":{"loc":{"start":{"line":40,"column":4},"end":{"line":43,"column":5}},"type":"if","locations":[{"start":{"line":40,"column":4},"end":{"line":43,"column":5}},{"start":{},"end":{}}],"line":40},"5":{"loc":{"start":{"line":40,"column":8},"end":{"line":40,"column":40}},"type":"binary-expr","locations":[{"start":{"line":40,"column":8},"end":{"line":40,"column":13}},{"start":{"line":40,"column":17},"end":{"line":40,"column":40}}],"line":40},"6":{"loc":{"start":{"line":50,"column":23},"end":{"line":50,"column":56}},"type":"binary-expr","locations":[{"start":{"line":50,"column":23},"end":{"line":50,"column":43}},{"start":{"line":50,"column":47},"end":{"line":50,"column":56}}],"line":50},"7":{"loc":{"start":{"line":78,"column":31},"end":{"line":78,"column":64}},"type":"binary-expr","locations":[{"start":{"line":78,"column":31},"end":{"line":78,"column":48}},{"start":{"line":78,"column":52},"end":{"line":78,"column":64}}],"line":78},"8":{"loc":{"start":{"line":84,"column":36},"end":{"line":84,"column":69}},"type":"binary-expr","locations":[{"start":{"line":84,"column":36},"end":{"line":84,"column":53}},{"start":{"line":84,"column":57},"end":{"line":84,"column":69}}],"line":84},"9":{"loc":{"start":{"line":89,"column":2},"end":{"line":98,"column":3}},"type":"if","locations":[{"start":{"line":89,"column":2},"end":{"line":98,"column":3}},{"start":{},"end":{}}],"line":89},"10":{"loc":{"start":{"line":89,"column":6},"end":{"line":89,"column":27}},"type":"binary-expr","locations":[{"start":{"line":89,"column":6},"end":{"line":89,"column":15}},{"start":{"line":89,"column":19},"end":{"line":89,"column":27}}],"line":89},"11":{"loc":{"start":{"line":91,"column":60},"end":{"line":91,"column":90}},"type":"binary-expr","locations":[{"start":{"line":91,"column":60},"end":{"line":91,"column":66}},{"start":{"line":91,"column":70},"end":{"line":91,"column":90}}],"line":91},"12":{"loc":{"start":{"line":93,"column":42},"end":{"line":93,"column":67}},"type":"binary-expr","locations":[{"start":{"line":93,"column":42},"end":{"line":93,"column":48}},{"start":{"line":93,"column":52},"end":{"line":93,"column":67}}],"line":93},"13":{"loc":{"start":{"line":101,"column":42},"end":{"line":101,"column":72}},"type":"binary-expr","locations":[{"start":{"line":101,"column":42},"end":{"line":101,"column":48}},{"start":{"line":101,"column":52},"end":{"line":101,"column":72}}],"line":101},"14":{"loc":{"start":{"line":109,"column":57},"end":{"line":109,"column":81}},"type":"cond-expr","locations":[{"start":{"line":109,"column":66},"end":{"line":109,"column":72}},{"start":{"line":109,"column":75},"end":{"line":109,"column":81}}],"line":109},"15":{"loc":{"start":{"line":111,"column":38},"end":{"line":111,"column":63}},"type":"binary-expr","locations":[{"start":{"line":111,"column":38},"end":{"line":111,"column":44}},{"start":{"line":111,"column":48},"end":{"line":111,"column":63}}],"line":111},"16":{"loc":{"start":{"line":117,"column":38},"end":{"line":117,"column":66}},"type":"binary-expr","locations":[{"start":{"line":117,"column":38},"end":{"line":117,"column":44}},{"start":{"line":117,"column":48},"end":{"line":117,"column":66}}],"line":117},"17":{"loc":{"start":{"line":118,"column":45},"end":{"line":118,"column":70}},"type":"binary-expr","locations":[{"start":{"line":118,"column":45},"end":{"line":118,"column":51}},{"start":{"line":118,"column":55},"end":{"line":118,"column":70}}],"line":118},"18":{"loc":{"start":{"line":121,"column":51},"end":{"line":121,"column":76}},"type":"binary-expr","locations":[{"start":{"line":121,"column":51},"end":{"line":121,"column":57}},{"start":{"line":121,"column":61},"end":{"line":121,"column":76}}],"line":121},"19":{"loc":{"start":{"line":125,"column":38},"end":{"line":125,"column":68}},"type":"binary-expr","locations":[{"start":{"line":125,"column":38},"end":{"line":125,"column":44}},{"start":{"line":125,"column":48},"end":{"line":125,"column":68}}],"line":125},"20":{"loc":{"start":{"line":129,"column":34},"end":{"line":129,"column":58}},"type":"cond-expr","locations":[{"start":{"line":129,"column":43},"end":{"line":129,"column":49}},{"start":{"line":129,"column":52},"end":{"line":129,"column":58}}],"line":129},"21":{"loc":{"start":{"line":136,"column":38},"end":{"line":136,"column":66}},"type":"binary-expr","locations":[{"start":{"line":136,"column":38},"end":{"line":136,"column":44}},{"start":{"line":136,"column":48},"end":{"line":136,"column":66}}],"line":136},"22":{"loc":{"start":{"line":138,"column":47},"end":{"line":138,"column":72}},"type":"binary-expr","locations":[{"start":{"line":138,"column":47},"end":{"line":138,"column":53}},{"start":{"line":138,"column":57},"end":{"line":138,"column":72}}],"line":138},"23":{"loc":{"start":{"line":158,"column":51},"end":{"line":158,"column":76}},"type":"binary-expr","locations":[{"start":{"line":158,"column":51},"end":{"line":158,"column":57}},{"start":{"line":158,"column":61},"end":{"line":158,"column":76}}],"line":158},"24":{"loc":{"start":{"line":162,"column":37},"end":{"line":162,"column":67}},"type":"binary-expr","locations":[{"start":{"line":162,"column":37},"end":{"line":162,"column":43}},{"start":{"line":162,"column":47},"end":{"line":162,"column":67}}],"line":162},"25":{"loc":{"start":{"line":166,"column":34},"end":{"line":166,"column":58}},"type":"cond-expr","locations":[{"start":{"line":166,"column":43},"end":{"line":166,"column":49}},{"start":{"line":166,"column":52},"end":{"line":166,"column":58}}],"line":166},"26":{"loc":{"start":{"line":174,"column":37},"end":{"line":174,"column":74}},"type":"binary-expr","locations":[{"start":{"line":174,"column":37},"end":{"line":174,"column":45}},{"start":{"line":174,"column":49},"end":{"line":174,"column":74}}],"line":174},"27":{"loc":{"start":{"line":178,"column":11},"end":{"line":185,"column":11}},"type":"cond-expr","locations":[{"start":{"line":179,"column":12},"end":{"line":179,"column":59}},{"start":{"line":181,"column":12},"end":{"line":184,"column":15}}],"line":178}},"s":{"0":0,"1":0,"2":0,"3":0,"4":0,"5":0,"6":0,"7":0,"8":0,"9":0,"10":0,"11":0,"12":0,"13":0,"14":0,"15":0,"16":0,"17":0,"18":0,"19":0,"20":0,"21":0,"22":0,"23":0,"24":0,"25":0,"26":0,"27":0,"28":0,"29":0,"30":0,"31":0,"32":0,"33":0,"34":0,"35":0},"f":{"0":0,"1":0,"2":0,"3":0,"4":0,"5":0,"6":0},"b":{"0":[0,0],"1":[0,0],"2":[0,0],"3":[0,0],"4":[0,0],"5":[0,0],"6":[0,0],"7":[0,0],"8":[0,0],"9":[0,0],"10":[0,0],"11":[0,0],"12":[0,0],"13":[0,0],"14":[0,0],"15":[0,0],"16":[0,0],"17":[0,0],"18":[0,0],"19":[0,0],"20":[0,0],"21":[0,0],"22":[0,0],"23":[0,0],"24":[0,0],"25":[0,0],"26":[0,0],"27":[0,0]}}
,"/Users/nathanaeldavidson/Overtime+/app/index.tsx": {"path":"/Users/nathanaeldavidson/Overtime+/app/index.tsx","statementMap":{"0":{"start":{"line":4,"column":2},"end":{"line":4,"column":42}}},"fnMap":{"0":{"name":"Index","decl":{"start":{"line":3,"column":24},"end":{"line":3,"column":29}},"loc":{"start":{"line":3,"column":32},"end":{"line":5,"column":1}},"line":3}},"branchMap":{},"s":{"0":0},"f":{"0":0},"b":{}}
,"/Users/nathanaeldavidson/Overtime+/app/(tabs)/_layout.tsx": {"path":"/Users/nathanaeldavidson/Overtime+/app/(tabs)/_layout.tsx","statementMap":{"0":{"start":{"line":7,"column":22},"end":{"line":7,"column":38}},"1":{"start":{"line":8,"column":17},"end":{"line":8,"column":39}},"2":{"start":{"line":10,"column":2},"end":{"line":71,"column":4}},"3":{"start":{"line":30,"column":12},"end":{"line":30,"column":62}},"4":{"start":{"line":39,"column":12},"end":{"line":39,"column":62}},"5":{"start":{"line":48,"column":12},"end":{"line":48,"column":66}},"6":{"start":{"line":57,"column":12},"end":{"line":57,"column":71}},"7":{"start":{"line":66,"column":12},"end":{"line":66,"column":64}}},"fnMap":{"0":{"name":"TabLayout","decl":{"start":{"line":6,"column":24},"end":{"line":6,"column":33}},"loc":{"start":{"line":6,"column":36},"end":{"line":72,"column":1}},"line":6},"1":{"name":"(anonymous_1)","decl":{"start":{"line":29,"column":22},"end":{"line":29,"column":23}},"loc":{"start":{"line":30,"column":12},"end":{"line":30,"column":62}},"line":30},"2":{"name":"(anonymous_2)","decl":{"start":{"line":38,"column":22},"end":{"line":38,"column":23}},"loc":{"start":{"line":39,"column":12},"end":{"line":39,"column":62}},"line":39},"3":{"name":"(anonymous_3)","decl":{"start":{"line":47,"column":22},"end":{"line":47,"column":23}},"loc":{"start":{"line":48,"column":12},"end":{"line":48,"column":66}},"line":48},"4":{"name":"(anonymous_4)","decl":{"start":{"line":56,"column":22},"end":{"line":56,"column":23}},"loc":{"start":{"line":57,"column":12},"end":{"line":57,"column":71}},"line":57},"5":{"name":"(anonymous_5)","decl":{"start":{"line":65,"column":22},"end":{"line":65,"column":23}},"loc":{"start":{"line":66,"column":12},"end":{"line":66,"column":64}},"line":66}},"branchMap":{"0":{"loc":{"start":{"line":14,"column":33},"end":{"line":14,"column":57}},"type":"cond-expr","locations":[{"start":{"line":14,"column":42},"end":{"line":14,"column":48}},{"start":{"line":14,"column":51},"end":{"line":14,"column":57}}],"line":14},"1":{"loc":{"start":{"line":16,"column":27},"end":{"line":16,"column":54}},"type":"cond-expr","locations":[{"start":{"line":16,"column":36},"end":{"line":16,"column":45}},{"start":{"line":16,"column":48},"end":{"line":16,"column":54}}],"line":16},"2":{"loc":{"start":{"line":17,"column":26},"end":{"line":17,"column":53}},"type":"cond-expr","locations":[{"start":{"line":17,"column":35},"end":{"line":17,"column":41}},{"start":{"line":17,"column":44},"end":{"line":17,"column":53}}],"line":17},"3":{"loc":{"start":{"line":20,"column":27},"end":{"line":20,"column":54}},"type":"cond-expr","locations":[{"start":{"line":20,"column":36},"end":{"line":20,"column":45}},{"start":{"line":20,"column":48},"end":{"line":20,"column":54}}],"line":20},"4":{"loc":{"start":{"line":22,"column":25},"end":{"line":22,"column":49}},"type":"cond-expr","locations":[{"start":{"line":22,"column":34},"end":{"line":22,"column":40}},{"start":{"line":22,"column":43},"end":{"line":22,"column":49}}],"line":22}},"s":{"0":0,"1":0,"2":0,"3":0,"4":0,"5":0,"6":0,"7":0},"f":{"0":0,"1":0,"2":0,"3":0,"4":0,"5":0},"b":{"0":[0,0],"1":[0,0],"2":[0,0],"3":[0,0],"4":[0,0]}}
,"/Users/nathanaeldavidson/Overtime+/app/(tabs)/exports.tsx": {"path":"/Users/nathanaeldavidson/Overtime+/app/(tabs)/exports.tsx","statementMap":{"0":{"start":{"line":26,"column":17},"end":{"line":26,"column":28}},"1":{"start":{"line":27,"column":22},"end":{"line":27,"column":38}},"2":{"start":{"line":28,"column":17},"end":{"line":28,"column":39}},"3":{"start":{"line":30,"column":118},"end":{"line":30,"column":132}},"4":{"start":{"line":31,"column":22},"end":{"line":31,"column":39}},"5":{"start":{"line":32,"column":38},"end":{"line":32,"column":53}},"6":{"start":{"line":33,"column":36},"end":{"line":33,"column":65}},"7":{"start":{"line":34,"column":34},"end":{"line":34,"column":46}},"8":{"start":{"line":35,"column":44},"end":{"line":35,"column":59}},"9":{"start":{"line":36,"column":42},"end":{"line":36,"column":71}},"10":{"start":{"line":38,"column":2},"end":{"line":40,"column":9}},"11":{"start":{"line":39,"column":4},"end":{"line":39,"column":24}},"12":{"start":{"line":42,"column":24},"end":{"line":46,"column":3}},"13":{"start":{"line":43,"column":4},"end":{"line":43,"column":24}},"14":{"start":{"line":44,"column":4},"end":{"line":44,"column":30}},"15":{"start":{"line":45,"column":4},"end":{"line":45,"column":25}},"16":{"start":{"line":48,"column":24},"end":{"line":54,"column":3}},"17":{"start":{"line":49,"column":4},"end":{"line":53,"column":5}},"18":{"start":{"line":50,"column":6},"end":{"line":50,"column":54}},"19":{"start":{"line":52,"column":6},"end":{"line":52,"column":79}},"20":{"start":{"line":56,"column":25},"end":{"line":75,"column":3}},"21":{"start":{"line":57,"column":4},"end":{"line":60,"column":5}},"22":{"start":{"line":58,"column":6},"end":{"line":58,"column":79}},"23":{"start":{"line":59,"column":6},"end":{"line":59,"column":13}},"24":{"start":{"line":62,"column":4},"end":{"line":74,"column":5}},"25":{"start":{"line":63,"column":6},"end":{"line":70,"column":7}},"26":{"start":{"line":64,"column":8},"end":{"line":67,"column":11}},"27":{"start":{"line":69,"column":8},"end":{"line":69,"column":89}},"28":{"start":{"line":72,"column":6},"end":{"line":72,"column":46}},"29":{"start":{"line":73,"column":6},"end":{"line":73,"column":78}},"30":{"start":{"line":77,"column":28},"end":{"line":92,"column":3}},"31":{"start":{"line":78,"column":4},"end":{"line":91,"column":6}},"32":{"start":{"line":87,"column":12},"end":{"line":87,"column":40}},"33":{"start":{"line":94,"column":25},"end":{"line":98,"column":3}},"34":{"start":{"line":95,"column":4},"end":{"line":95,"column":27}},"35":{"start":{"line":96,"column":4},"end":{"line":96,"column":73}},"36":{"start":{"line":97,"column":4},"end":{"line":97,"column":27}},"37":{"start":{"line":100,"column":25},"end":{"line":115,"column":3}},"38":{"start":{"line":101,"column":4},"end":{"line":101,"column":27}},"39":{"start":{"line":101,"column":20},"end":{"line":101,"column":27}},"40":{"start":{"line":103,"column":4},"end":{"line":114,"column":5}},"41":{"start":{"line":104,"column":20},"end":{"line":104,"column":63}},"42":{"start":{"line":104,"column":44},"end":{"line":104,"column":62}},"43":{"start":{"line":105,"column":6},"end":{"line":108,"column":7}},"44":{"start":{"line":106,"column":29},"end":{"line":106,"column":83}},"45":{"start":{"line":107,"column":8},"end":{"line":107,"column":46}},"46":{"start":{"line":109,"column":6},"end":{"line":109,"column":30}},"47":{"start":{"line":110,"column":6},"end":{"line":110,"column":25}},"48":{"start":{"line":111,"column":6},"end":{"line":111,"column":22}},"49":{"start":{"line":113,"column":6},"end":{"line":113,"column":78}},"50":{"start":{"line":117,"column":27},"end":{"line":121,"column":3}},"51":{"start":{"line":118,"column":4},"end":{"line":118,"column":28}},"52":{"start":{"line":119,"column":4},"end":{"line":119,"column":23}},"53":{"start":{"line":120,"column":4},"end":{"line":120,"column":20}},"54":{"start":{"line":123,"column":28},"end":{"line":151,"column":3}},"55":{"start":{"line":124,"column":4},"end":{"line":127,"column":5}},"56":{"start":{"line":125,"column":6},"end":{"line":125,"column":100}},"57":{"start":{"line":126,"column":6},"end":{"line":126,"column":13}},"58":{"start":{"line":129,"column":4},"end":{"line":132,"column":5}},"59":{"start":{"line":130,"column":6},"end":{"line":130,"column":111}},"60":{"start":{"line":131,"column":6},"end":{"line":131,"column":13}},"61":{"start":{"line":134,"column":4},"end":{"line":134,"column":30}},"62":{"start":{"line":135,"column":4},"end":{"line":150,"column":5}},"63":{"start":{"line":136,"column":21},"end":{"line":136,"column":63}},"64":{"start":{"line":138,"column":6},"end":{"line":144,"column":7}},"65":{"start":{"line":140,"column":8},"end":{"line":140,"column":54}},"66":{"start":{"line":141,"column":8},"end":{"line":141,"column":94}},"67":{"start":{"line":143,"column":8},"end":{"line":143,"column":92}},"68":{"start":{"line":146,"column":6},"end":{"line":146,"column":53}},"69":{"start":{"line":147,"column":6},"end":{"line":147,"column":78}},"70":{"start":{"line":149,"column":6},"end":{"line":149,"column":28}},"71":{"start":{"line":153,"column":21},"end":{"line":163,"column":3}},"72":{"start":{"line":154,"column":4},"end":{"line":154,"column":35}},"73":{"start":{"line":154,"column":23},"end":{"line":154,"column":35}},"74":{"start":{"line":156,"column":4},"end":{"line":162,"column":5}},"75":{"start":{"line":157,"column":19},"end":{"line":157,"column":51}},"76":{"start":{"line":158,"column":6},"end":{"line":158,"column":18}},"77":{"start":{"line":160,"column":6},"end":{"line":160,"column":54}},"78":{"start":{"line":161,"column":6},"end":{"line":161,"column":18}},"79":{"start":{"line":165,"column":27},"end":{"line":257,"column":3}},"80":{"start":{"line":166,"column":23},"end":{"line":166,"column":57}},"81":{"start":{"line":167,"column":29},"end":{"line":167,"column":51}},"82":{"start":{"line":168,"column":24},"end":{"line":168,"column":48}},"83":{"start":{"line":170,"column":4},"end":{"line":256,"column":6}},"84":{"start":{"line":190,"column":29},"end":{"line":190,"column":48}},"85":{"start":{"line":196,"column":29},"end":{"line":196,"column":52}},"86":{"start":{"line":207,"column":29},"end":{"line":207,"column":49}},"87":{"start":{"line":213,"column":29},"end":{"line":213,"column":49}},"88":{"start":{"line":219,"column":29},"end":{"line":219,"column":52}},"89":{"start":{"line":259,"column":27},"end":{"line":275,"column":3}},"90":{"start":{"line":260,"column":4},"end":{"line":274,"column":11}},"91":{"start":{"line":270,"column":23},"end":{"line":270,"column":49}},"92":{"start":{"line":277,"column":2},"end":{"line":286,"column":3}},"93":{"start":{"line":278,"column":4},"end":{"line":285,"column":6}},"94":{"start":{"line":288,"column":2},"end":{"line":343,"column":4}},"95":{"start":{"line":293,"column":32},"end":{"line":293,"column":39}},"96":{"start":{"line":346,"column":15},"end":{"line":544,"column":2}}},"fnMap":{"0":{"name":"ExportsScreen","decl":{"start":{"line":25,"column":24},"end":{"line":25,"column":37}},"loc":{"start":{"line":25,"column":40},"end":{"line":344,"column":1}},"line":25},"1":{"name":"(anonymous_1)","decl":{"start":{"line":38,"column":12},"end":{"line":38,"column":13}},"loc":{"start":{"line":38,"column":18},"end":{"line":40,"column":3}},"line":38},"2":{"name":"(anonymous_2)","decl":{"start":{"line":42,"column":24},"end":{"line":42,"column":25}},"loc":{"start":{"line":42,"column":36},"end":{"line":46,"column":3}},"line":42},"3":{"name":"(anonymous_3)","decl":{"start":{"line":48,"column":24},"end":{"line":48,"column":25}},"loc":{"start":{"line":48,"column":48},"end":{"line":54,"column":3}},"line":48},"4":{"name":"(anonymous_4)","decl":{"start":{"line":56,"column":25},"end":{"line":56,"column":26}},"loc":{"start":{"line":56,"column":55},"end":{"line":75,"column":3}},"line":56},"5":{"name":"(anonymous_5)","decl":{"start":{"line":77,"column":28},"end":{"line":77,"column":29}},"loc":{"start":{"line":77,"column":52},"end":{"line":92,"column":3}},"line":77},"6":{"name":"(anonymous_6)","decl":{"start":{"line":86,"column":19},"end":{"line":86,"column":20}},"loc":{"start":{"line":86,"column":25},"end":{"line":88,"column":11}},"line":86},"7":{"name":"(anonymous_7)","decl":{"start":{"line":94,"column":25},"end":{"line":94,"column":26}},"loc":{"start":{"line":94,"column":49},"end":{"line":98,"column":3}},"line":94},"8":{"name":"(anonymous_8)","decl":{"start":{"line":100,"column":25},"end":{"line":100,"column":26}},"loc":{"start":{"line":100,"column":37},"end":{"line":115,"column":3}},"line":100},"9":{"name":"(anonymous_9)","decl":{"start":{"line":104,"column":39},"end":{"line":104,"column":40}},"loc":{"start":{"line":104,"column":44},"end":{"line":104,"column":62}},"line":104},"10":{"name":"(anonymous_10)","decl":{"start":{"line":117,"column":27},"end":{"line":117,"column":28}},"loc":{"start":{"line":117,"column":33},"end":{"line":121,"column":3}},"line":117},"11":{"name":"(anonymous_11)","decl":{"start":{"line":123,"column":28},"end":{"line":123,"column":29}},"loc":{"start":{"line":123,"column":58},"end":{"line":151,"column":3}},"line":123},"12":{"name":"(anonymous_12)","decl":{"start":{"line":153,"column":21},"end":{"line":153,"column":22}},"loc":{"start":{"line":153,"column":51},"end":{"line":163,"column":3}},"line":153},"13":{"name":"(anonymous_13)","decl":{"start":{"line":165,"column":27},"end":{"line":165,"column":28}},"loc":{"start":{"line":165,"column":64},"end":{"line":257,"column":3}},"line":165},"14":{"name":"(anonymous_14)","decl":{"start":{"line":190,"column":23},"end":{"line":190,"column":24}},"loc":{"start":{"line":190,"column":29},"end":{"line":190,"column":48}},"line":190},"15":{"name":"(anonymous_15)","decl":{"start":{"line":196,"column":23},"end":{"line":196,"column":24}},"loc":{"start":{"line":196,"column":29},"end":{"line":196,"column":52}},"line":196},"16":{"name":"(anonymous_16)","decl":{"start":{"line":207,"column":23},"end":{"line":207,"column":24}},"loc":{"start":{"line":207,"column":29},"end":{"line":207,"column":49}},"line":207},"17":{"name":"(anonymous_17)","decl":{"start":{"line":213,"column":23},"end":{"line":213,"column":24}},"loc":{"start":{"line":213,"column":29},"end":{"line":213,"column":49}},"line":213},"18":{"name":"(anonymous_18)","decl":{"start":{"line":219,"column":23},"end":{"line":219,"column":24}},"loc":{"start":{"line":219,"column":29},"end":{"line":219,"column":52}},"line":219},"19":{"name":"(anonymous_19)","decl":{"start":{"line":259,"column":27},"end":{"line":259,"column":28}},"loc":{"start":{"line":260,"column":4},"end":{"line":274,"column":11}},"line":260},"20":{"name":"(anonymous_20)","decl":{"start":{"line":270,"column":17},"end":{"line":270,"column":18}},"loc":{"start":{"line":270,"column":23},"end":{"line":270,"column":49}},"line":270},"21":{"name":"(anonymous_21)","decl":{"start":{"line":293,"column":22},"end":{"line":293,"column":23}},"loc":{"start":{"line":293,"column":32},"end":{"line":293,"column":39}},"line":293}},"branchMap":{"0":{"loc":{"start":{"line":49,"column":4},"end":{"line":53,"column":5}},"type":"if","locations":[{"start":{"line":49,"column":4},"end":{"line":53,"column":5}},{"start":{"line":51,"column":11},"end":{"line":53,"column":5}}],"line":49},"1":{"loc":{"start":{"line":57,"column":4},"end":{"line":60,"column":5}},"type":"if","locations":[{"start":{"line":57,"column":4},"end":{"line":60,"column":5}},{"start":{},"end":{}}],"line":57},"2":{"loc":{"start":{"line":63,"column":6},"end":{"line":70,"column":7}},"type":"if","locations":[{"start":{"line":63,"column":6},"end":{"line":70,"column":7}},{"start":{"line":68,"column":13},"end":{"line":70,"column":7}}],"line":63},"3":{"loc":{"start":{"line":96,"column":16},"end":{"line":96,"column":71}},"type":"binary-expr","locations":[{"start":{"line":96,"column":16},"end":{"line":96,"column":32}},{"start":{"line":96,"column":36},"end":{"line":96,"column":71}}],"line":96},"4":{"loc":{"start":{"line":101,"column":4},"end":{"line":101,"column":27}},"type":"if","locations":[{"start":{"line":101,"column":4},"end":{"line":101,"column":27}},{"start":{},"end":{}}],"line":101},"5":{"loc":{"start":{"line":105,"column":6},"end":{"line":108,"column":7}},"type":"if","locations":[{"start":{"line":105,"column":6},"end":{"line":108,"column":7}},{"start":{},"end":{}}],"line":105},"6":{"loc":{"start":{"line":106,"column":53},"end":{"line":106,"column":81}},"type":"binary-expr","locations":[{"start":{"line":106,"column":53},"end":{"line":106,"column":68}},{"start":{"line":106,"column":72},"end":{"line":106,"column":81}}],"line":106},"7":{"loc":{"start":{"line":124,"column":4},"end":{"line":127,"column":5}},"type":"if","locations":[{"start":{"line":124,"column":4},"end":{"line":127,"column":5}},{"start":{},"end":{}}],"line":124},"8":{"loc":{"start":{"line":129,"column":4},"end":{"line":132,"column":5}},"type":"if","locations":[{"start":{"line":129,"column":4},"end":{"line":132,"column":5}},{"start":{},"end":{}}],"line":129},"9":{"loc":{"start":{"line":138,"column":6},"end":{"line":144,"column":7}},"type":"if","locations":[{"start":{"line":138,"column":6},"end":{"line":144,"column":7}},{"start":{"line":142,"column":13},"end":{"line":144,"column":7}}],"line":138},"10":{"loc":{"start":{"line":143,"column":29},"end":{"line":143,"column":90}},"type":"binary-expr","locations":[{"start":{"line":143,"column":29},"end":{"line":143,"column":41}},{"start":{"line":143,"column":45},"end":{"line":143,"column":90}}],"line":143},"11":{"loc":{"start":{"line":154,"column":4},"end":{"line":154,"column":35}},"type":"if","locations":[{"start":{"line":154,"column":4},"end":{"line":154,"column":35}},{"start":{},"end":{}}],"line":154},"12":{"loc":{"start":{"line":171,"column":39},"end":{"line":171,"column":64}},"type":"binary-expr","locations":[{"start":{"line":171,"column":39},"end":{"line":171,"column":45}},{"start":{"line":171,"column":49},"end":{"line":171,"column":64}}],"line":171},"13":{"loc":{"start":{"line":174,"column":46},"end":{"line":174,"column":71}},"type":"binary-expr","locations":[{"start":{"line":174,"column":46},"end":{"line":174,"column":52}},{"start":{"line":174,"column":56},"end":{"line":174,"column":71}}],"line":174},"14":{"loc":{"start":{"line":175,"column":15},"end":{"line":175,"column":68}},"type":"binary-expr","locations":[{"start":{"line":175,"column":15},"end":{"line":175,"column":30}},{"start":{"line":175,"column":34},"end":{"line":175,"column":68}}],"line":175},"15":{"loc":{"start":{"line":177,"column":45},"end":{"line":177,"column":70}},"type":"binary-expr","locations":[{"start":{"line":177,"column":45},"end":{"line":177,"column":51}},{"start":{"line":177,"column":55},"end":{"line":177,"column":70}}],"line":177},"16":{"loc":{"start":{"line":199,"column":15},"end":{"line":203,"column":15}},"type":"cond-expr","locations":[{"start":{"line":200,"column":16},"end":{"line":200,"column":60}},{"start":{"line":202,"column":16},"end":{"line":202,"column":63}}],"line":199},"17":{"loc":{"start":{"line":228,"column":46},"end":{"line":228,"column":71}},"type":"binary-expr","locations":[{"start":{"line":228,"column":46},"end":{"line":228,"column":52}},{"start":{"line":228,"column":56},"end":{"line":228,"column":71}}],"line":228},"18":{"loc":{"start":{"line":231,"column":46},"end":{"line":231,"column":71}},"type":"binary-expr","locations":[{"start":{"line":231,"column":46},"end":{"line":231,"column":52}},{"start":{"line":231,"column":56},"end":{"line":231,"column":71}}],"line":231},"19":{"loc":{"start":{"line":236,"column":46},"end":{"line":236,"column":71}},"type":"binary-expr","locations":[{"start":{"line":236,"column":46},"end":{"line":236,"column":52}},{"start":{"line":236,"column":56},"end":{"line":236,"column":71}}],"line":236},"20":{"loc":{"start":{"line":239,"column":46},"end":{"line":239,"column":71}},"type":"binary-expr","locations":[{"start":{"line":239,"column":46},"end":{"line":239,"column":52}},{"start":{"line":239,"column":56},"end":{"line":239,"column":71}}],"line":239},"21":{"loc":{"start":{"line":244,"column":46},"end":{"line":244,"column":71}},"type":"binary-expr","locations":[{"start":{"line":244,"column":46},"end":{"line":244,"column":52}},{"start":{"line":244,"column":56},"end":{"line":244,"column":71}}],"line":244},"22":{"loc":{"start":{"line":247,"column":46},"end":{"line":247,"column":71}},"type":"binary-expr","locations":[{"start":{"line":247,"column":46},"end":{"line":247,"column":52}},{"start":{"line":247,"column":56},"end":{"line":247,"column":71}}],"line":247},"23":{"loc":{"start":{"line":248,"column":15},"end":{"line":250,"column":33}},"type":"cond-expr","locations":[{"start":{"line":249,"column":18},"end":{"line":249,"column":126}},{"start":{"line":250,"column":18},"end":{"line":250,"column":33}}],"line":248},"24":{"loc":{"start":{"line":249,"column":35},"end":{"line":249,"column":63}},"type":"binary-expr","locations":[{"start":{"line":249,"column":35},"end":{"line":249,"column":52}},{"start":{"line":249,"column":56},"end":{"line":249,"column":63}}],"line":249},"25":{"loc":{"start":{"line":260,"column":41},"end":{"line":260,"column":71}},"type":"binary-expr","locations":[{"start":{"line":260,"column":41},"end":{"line":260,"column":47}},{"start":{"line":260,"column":51},"end":{"line":260,"column":71}}],"line":260},"26":{"loc":{"start":{"line":262,"column":39},"end":{"line":262,"column":64}},"type":"binary-expr","locations":[{"start":{"line":262,"column":39},"end":{"line":262,"column":45}},{"start":{"line":262,"column":49},"end":{"line":262,"column":64}}],"line":262},"27":{"loc":{"start":{"line":265,"column":41},"end":{"line":265,"column":66}},"type":"binary-expr","locations":[{"start":{"line":265,"column":41},"end":{"line":265,"column":47}},{"start":{"line":265,"column":51},"end":{"line":265,"column":66}}],"line":265},"28":{"loc":{"start":{"line":277,"column":2},"end":{"line":286,"column":3}},"type":"if","locations":[{"start":{"line":277,"column":2},"end":{"line":286,"column":3}},{"start":{},"end":{}}],"line":277},"29":{"loc":{"start":{"line":277,"column":6},"end":{"line":277,"column":45}},"type":"binary-expr","locations":[{"start":{"line":277,"column":6},"end":{"line":277,"column":15}},{"start":{"line":277,"column":19},"end":{"line":277,"column":45}}],"line":277},"30":{"loc":{"start":{"line":279,"column":60},"end":{"line":279,"column":90}},"type":"binary-expr","locations":[{"start":{"line":279,"column":60},"end":{"line":279,"column":66}},{"start":{"line":279,"column":70},"end":{"line":279,"column":90}}],"line":279},"31":{"loc":{"start":{"line":281,"column":42},"end":{"line":281,"column":67}},"type":"binary-expr","locations":[{"start":{"line":281,"column":42},"end":{"line":281,"column":48}},{"start":{"line":281,"column":52},"end":{"line":281,"column":67}}],"line":281},"32":{"loc":{"start":{"line":289,"column":36},"end":{"line":289,"column":66}},"type":"binary-expr","locations":[{"start":{"line":289,"column":36},"end":{"line":289,"column":42}},{"start":{"line":289,"column":46},"end":{"line":289,"column":66}}],"line":289},"33":{"loc":{"start":{"line":313,"column":45},"end":{"line":313,"column":78}},"type":"binary-expr","locations":[{"start":{"line":313,"column":45},"end":{"line":313,"column":51}},{"start":{"line":313,"column":55},"end":{"line":313,"column":78}}],"line":313},"34":{"loc":{"start":{"line":314,"column":45},"end":{"line":314,"column":70}},"type":"binary-expr","locations":[{"start":{"line":314,"column":45},"end":{"line":314,"column":51}},{"start":{"line":314,"column":55},"end":{"line":314,"column":70}}],"line":314},"35":{"loc":{"start":{"line":318,"column":40},"end":{"line":318,"column":70}},"type":"binary-expr","locations":[{"start":{"line":318,"column":40},"end":{"line":318,"column":46}},{"start":{"line":318,"column":50},"end":{"line":318,"column":70}}],"line":318},"36":{"loc":{"start":{"line":322,"column":36},"end":{"line":322,"column":60}},"type":"cond-expr","locations":[{"start":{"line":322,"column":45},"end":{"line":322,"column":51}},{"start":{"line":322,"column":54},"end":{"line":322,"column":60}}],"line":322}},"s":{"0":0,"1":0,"2":0,"3":0,"4":0,"5":0,"6":0,"7":0,"8":0,"9":0,"10":0,"11":0,"12":0,"13":0,"14":0,"15":0,"16":0,"17":0,"18":0,"19":0,"20":0,"21":0,"22":0,"23":0,"24":0,"25":0,"26":0,"27":0,"28":0,"29":0,"30":0,"31":0,"32":0,"33":0,"34":0,"35":0,"36":0,"37":0,"38":0,"39":0,"40":0,"41":0,"42":0,"43":0,"44":0,"45":0,"46":0,"47":0,"48":0,"49":0,"50":0,"51":0,"52":0,"53":0,"54":0,"55":0,"56":0,"57":0,"58":0,"59":0,"60":0,"61":0,"62":0,"63":0,"64":0,"65":0,"66":0,"67":0,"68":0,"69":0,"70":0,"71":0,"72":0,"73":0,"74":0,"75":0,"76":0,"77":0,"78":0,"79":0,"80":0,"81":0,"82":0,"83":0,"84":0,"85":0,"86":0,"87":0,"88":0,"89":0,"90":0,"91":0,"92":0,"93":0,"94":0,"95":0,"96":0},"f":{"0":0,"1":0,"2":0,"3":0,"4":0,"5":0,"6":0,"7":0,"8":0,"9":0,"10":0,"11":0,"12":0,"13":0,"14":0,"15":0,"16":0,"17":0,"18":0,"19":0,"20":0,"21":0},"b":{"0":[0,0],"1":[0,0],"2":[0,0],"3":[0,0],"4":[0,0],"5":[0,0],"6":[0,0],"7":[0,0],"8":[0,0],"9":[0,0],"10":[0,0],"11":[0,0],"12":[0,0],"13":[0,0],"14":[0,0],"15":[0,0],"16":[0,0],"17":[0,0],"18":[0,0],"19":[0,0],"20":[0,0],"21":[0,0],"22":[0,0],"23":[0,0],"24":[0,0],"25":[0,0],"26":[0,0],"27":[0,0],"28":[0,0],"29":[0,0],"30":[0,0],"31":[0,0],"32":[0,0],"33":[0,0],"34":[0,0],"35":[0,0],"36":[0,0]}}
,"/Users/nathanaeldavidson/Overtime+/app/(tabs)/home.tsx": {"path":"/Users/nathanaeldavidson/Overtime+/app/(tabs)/home.tsx","statementMap":{"0":{"start":{"line":26,"column":17},"end":{"line":26,"column":28}},"1":{"start":{"line":27,"column":22},"end":{"line":27,"column":38}},"2":{"start":{"line":28,"column":17},"end":{"line":28,"column":39}},"3":{"start":{"line":30,"column":45},"end":{"line":30,"column":62}},"4":{"start":{"line":33,"column":21},"end":{"line":33,"column":30}},"5":{"start":{"line":34,"column":21},"end":{"line":34,"column":80}},"6":{"start":{"line":35,"column":35},"end":{"line":35,"column":51}},"7":{"start":{"line":36,"column":122},"end":{"line":36,"column":136}},"8":{"start":{"line":38,"column":40},"end":{"line":38,"column":66}},"9":{"start":{"line":39,"column":40},"end":{"line":39,"column":59}},"10":{"start":{"line":40,"column":50},"end":{"line":40,"column":84}},"11":{"start":{"line":41,"column":52},"end":{"line":41,"column":67}},"12":{"start":{"line":42,"column":44},"end":{"line":42,"column":78}},"13":{"start":{"line":43,"column":58},"end":{"line":43,"column":73}},"14":{"start":{"line":45,"column":2},"end":{"line":52,"column":9}},"15":{"start":{"line":47,"column":21},"end":{"line":49,"column":13}},"16":{"start":{"line":48,"column":6},"end":{"line":48,"column":39}},"17":{"start":{"line":51,"column":4},"end":{"line":51,"column":41}},"18":{"start":{"line":51,"column":17},"end":{"line":51,"column":40}},"19":{"start":{"line":54,"column":2},"end":{"line":59,"column":27}},"20":{"start":{"line":55,"column":4},"end":{"line":58,"column":5}},"21":{"start":{"line":56,"column":21},"end":{"line":56,"column":51}},"22":{"start":{"line":57,"column":6},"end":{"line":57,"column":29}},"23":{"start":{"line":62,"column":2},"end":{"line":85,"column":25}},"24":{"start":{"line":63,"column":29},"end":{"line":80,"column":5}},"25":{"start":{"line":64,"column":26},"end":{"line":64,"column":47}},"26":{"start":{"line":66,"column":6},"end":{"line":79,"column":7}},"27":{"start":{"line":67,"column":22},"end":{"line":67,"column":38}},"28":{"start":{"line":70,"column":8},"end":{"line":76,"column":9}},"29":{"start":{"line":71,"column":10},"end":{"line":71,"column":69}},"30":{"start":{"line":72,"column":10},"end":{"line":72,"column":49}},"31":{"start":{"line":73,"column":10},"end":{"line":73,"column":36}},"32":{"start":{"line":75,"column":10},"end":{"line":75,"column":43}},"33":{"start":{"line":78,"column":8},"end":{"line":78,"column":34}},"34":{"start":{"line":82,"column":4},"end":{"line":84,"column":5}},"35":{"start":{"line":83,"column":6},"end":{"line":83,"column":25}},"36":{"start":{"line":88,"column":2},"end":{"line":95,"column":9}},"37":{"start":{"line":89,"column":27},"end":{"line":91,"column":5}},"38":{"start":{"line":90,"column":6},"end":{"line":90,"column":20}},"39":{"start":{"line":94,"column":4},"end":{"line":94,"column":21}},"40":{"start":{"line":98,"column":2},"end":{"line":103,"column":4}},"41":{"start":{"line":100,"column":6},"end":{"line":100,"column":20}},"42":{"start":{"line":101,"column":6},"end":{"line":101,"column":17}},"43":{"start":{"line":105,"column":27},"end":{"line":163,"column":3}},"44":{"start":{"line":106,"column":4},"end":{"line":113,"column":5}},"45":{"start":{"line":107,"column":6},"end":{"line":111,"column":8}},"46":{"start":{"line":110,"column":38},"end":{"line":110,"column":68}},"47":{"start":{"line":112,"column":6},"end":{"line":112,"column":13}},"48":{"start":{"line":116,"column":4},"end":{"line":122,"column":5}},"49":{"start":{"line":117,"column":6},"end":{"line":120,"column":8}},"50":{"start":{"line":121,"column":6},"end":{"line":121,"column":13}},"51":{"start":{"line":124,"column":4},"end":{"line":162,"column":5}},"52":{"start":{"line":125,"column":20},"end":{"line":125,"column":36}},"53":{"start":{"line":126,"column":32},"end":{"line":126,"column":48}},"54":{"start":{"line":127,"column":21},"end":{"line":127,"column":40}},"55":{"start":{"line":130,"column":26},"end":{"line":130,"column":68}},"56":{"start":{"line":133,"column":36},"end":{"line":149,"column":7}},"57":{"start":{"line":151,"column":6},"end":{"line":151,"column":29}},"58":{"start":{"line":152,"column":6},"end":{"line":152,"column":36}},"59":{"start":{"line":154,"column":22},"end":{"line":156,"column":67}},"60":{"start":{"line":158,"column":6},"end":{"line":158,"column":44}},"61":{"start":{"line":160,"column":6},"end":{"line":160,"column":52}},"62":{"start":{"line":161,"column":6},"end":{"line":161,"column":71}},"63":{"start":{"line":165,"column":25},"end":{"line":248,"column":3}},"64":{"start":{"line":166,"column":4},"end":{"line":173,"column":5}},"65":{"start":{"line":167,"column":6},"end":{"line":171,"column":8}},"66":{"start":{"line":170,"column":38},"end":{"line":170,"column":68}},"67":{"start":{"line":172,"column":6},"end":{"line":172,"column":13}},"68":{"start":{"line":175,"column":4},"end":{"line":247,"column":5}},"69":{"start":{"line":176,"column":20},"end":{"line":176,"column":36}},"70":{"start":{"line":177,"column":32},"end":{"line":177,"column":48}},"71":{"start":{"line":178,"column":21},"end":{"line":178,"column":40}},"72":{"start":{"line":181,"column":6},"end":{"line":243,"column":7}},"73":{"start":{"line":183,"column":42},"end":{"line":187,"column":9}},"74":{"start":{"line":189,"column":8},"end":{"line":189,"column":39}},"75":{"start":{"line":190,"column":8},"end":{"line":190,"column":39}},"76":{"start":{"line":191,"column":8},"end":{"line":191,"column":35}},"77":{"start":{"line":194,"column":28},"end":{"line":194,"column":70}},"78":{"start":{"line":196,"column":8},"end":{"line":242,"column":9}},"79":{"start":{"line":198,"column":40},"end":{"line":214,"column":11}},"80":{"start":{"line":216,"column":10},"end":{"line":216,"column":37}},"81":{"start":{"line":217,"column":10},"end":{"line":217,"column":41}},"82":{"start":{"line":218,"column":10},"end":{"line":218,"column":37}},"83":{"start":{"line":221,"column":40},"end":{"line":237,"column":11}},"84":{"start":{"line":239,"column":10},"end":{"line":239,"column":37}},"85":{"start":{"line":240,"column":10},"end":{"line":240,"column":40}},"86":{"start":{"line":241,"column":10},"end":{"line":241,"column":37}},"87":{"start":{"line":245,"column":6},"end":{"line":245,"column":50}},"88":{"start":{"line":246,"column":6},"end":{"line":246,"column":69}},"89":{"start":{"line":250,"column":20},"end":{"line":250,"column":34}},"90":{"start":{"line":251,"column":20},"end":{"line":251,"column":34}},"91":{"start":{"line":252,"column":23},"end":{"line":252,"column":58}},"92":{"start":{"line":255,"column":2},"end":{"line":260,"column":5}},"93":{"start":{"line":262,"column":2},"end":{"line":283,"column":3}},"94":{"start":{"line":263,"column":4},"end":{"line":282,"column":6}},"95":{"start":{"line":269,"column":26},"end":{"line":269,"column":56}},"96":{"start":{"line":275,"column":12},"end":{"line":275,"column":52}},"97":{"start":{"line":276,"column":12},"end":{"line":276,"column":26}},"98":{"start":{"line":285,"column":2},"end":{"line":306,"column":3}},"99":{"start":{"line":286,"column":4},"end":{"line":305,"column":6}},"100":{"start":{"line":292,"column":26},"end":{"line":292,"column":56}},"101":{"start":{"line":298,"column":12},"end":{"line":298,"column":52}},"102":{"start":{"line":299,"column":12},"end":{"line":299,"column":26}},"103":{"start":{"line":308,"column":2},"end":{"line":477,"column":4}},"104":{"start":{"line":387,"column":57},"end":{"line":387,"column":82}},"105":{"start":{"line":415,"column":16},"end":{"line":421,"column":17}},"106":{"start":{"line":416,"column":18},"end":{"line":416,"column":109}},"107":{"start":{"line":417,"column":34},"end":{"line":417,"column":63}},"108":{"start":{"line":418,"column":18},"end":{"line":418,"column":141}},"109":{"start":{"line":420,"column":18},"end":{"line":420,"column":85}},"110":{"start":{"line":437,"column":14},"end":{"line":450,"column":21}},"111":{"start":{"line":455,"column":29},"end":{"line":455,"column":55}},"112":{"start":{"line":469,"column":10},"end":{"line":469,"column":38}},"113":{"start":{"line":470,"column":10},"end":{"line":470,"column":33}},"114":{"start":{"line":473,"column":10},"end":{"line":473,"column":36}},"115":{"start":{"line":480,"column":15},"end":{"line":664,"column":2}}},"fnMap":{"0":{"name":"HomeScreen","decl":{"start":{"line":25,"column":24},"end":{"line":25,"column":34}},"loc":{"start":{"line":25,"column":37},"end":{"line":478,"column":1}},"line":25},"1":{"name":"(anonymous_1)","decl":{"start":{"line":45,"column":12},"end":{"line":45,"column":13}},"loc":{"start":{"line":45,"column":18},"end":{"line":52,"column":3}},"line":45},"2":{"name":"(anonymous_2)","decl":{"start":{"line":47,"column":33},"end":{"line":47,"column":34}},"loc":{"start":{"line":47,"column":39},"end":{"line":49,"column":5}},"line":47},"3":{"name":"(anonymous_3)","decl":{"start":{"line":51,"column":11},"end":{"line":51,"column":12}},"loc":{"start":{"line":51,"column":17},"end":{"line":51,"column":40}},"line":51},"4":{"name":"(anonymous_4)","decl":{"start":{"line":54,"column":12},"end":{"line":54,"column":13}},"loc":{"start":{"line":54,"column":18},"end":{"line":59,"column":3}},"line":54},"5":{"name":"(anonymous_5)","decl":{"start":{"line":62,"column":12},"end":{"line":62,"column":13}},"loc":{"start":{"line":62,"column":18},"end":{"line":85,"column":3}},"line":62},"6":{"name":"(anonymous_6)","decl":{"start":{"line":63,"column":29},"end":{"line":63,"column":30}},"loc":{"start":{"line":63,"column":41},"end":{"line":80,"column":5}},"line":63},"7":{"name":"(anonymous_7)","decl":{"start":{"line":88,"column":12},"end":{"line":88,"column":13}},"loc":{"start":{"line":88,"column":18},"end":{"line":95,"column":3}},"line":88},"8":{"name":"(anonymous_8)","decl":{"start":{"line":89,"column":27},"end":{"line":89,"column":28}},"loc":{"start":{"line":89,"column":33},"end":{"line":91,"column":5}},"line":89},"9":{"name":"(anonymous_9)","decl":{"start":{"line":99,"column":22},"end":{"line":99,"column":23}},"loc":{"start":{"line":99,"column":28},"end":{"line":102,"column":5}},"line":99},"10":{"name":"(anonymous_10)","decl":{"start":{"line":105,"column":27},"end":{"line":105,"column":28}},"loc":{"start":{"line":105,"column":39},"end":{"line":163,"column":3}},"line":105},"11":{"name":"(anonymous_11)","decl":{"start":{"line":110,"column":32},"end":{"line":110,"column":33}},"loc":{"start":{"line":110,"column":38},"end":{"line":110,"column":68}},"line":110},"12":{"name":"(anonymous_12)","decl":{"start":{"line":165,"column":25},"end":{"line":165,"column":26}},"loc":{"start":{"line":165,"column":37},"end":{"line":248,"column":3}},"line":165},"13":{"name":"(anonymous_13)","decl":{"start":{"line":170,"column":32},"end":{"line":170,"column":33}},"loc":{"start":{"line":170,"column":38},"end":{"line":170,"column":68}},"line":170},"14":{"name":"(anonymous_14)","decl":{"start":{"line":269,"column":20},"end":{"line":269,"column":21}},"loc":{"start":{"line":269,"column":26},"end":{"line":269,"column":56}},"line":269},"15":{"name":"(anonymous_15)","decl":{"start":{"line":274,"column":19},"end":{"line":274,"column":20}},"loc":{"start":{"line":274,"column":25},"end":{"line":277,"column":11}},"line":274},"16":{"name":"(anonymous_16)","decl":{"start":{"line":292,"column":20},"end":{"line":292,"column":21}},"loc":{"start":{"line":292,"column":26},"end":{"line":292,"column":56}},"line":292},"17":{"name":"(anonymous_17)","decl":{"start":{"line":297,"column":19},"end":{"line":297,"column":20}},"loc":{"start":{"line":297,"column":25},"end":{"line":300,"column":11}},"line":297},"18":{"name":"(anonymous_18)","decl":{"start":{"line":387,"column":43},"end":{"line":387,"column":44}},"loc":{"start":{"line":387,"column":57},"end":{"line":387,"column":82}},"line":387},"19":{"name":"(anonymous_19)","decl":{"start":{"line":414,"column":23},"end":{"line":414,"column":24}},"loc":{"start":{"line":414,"column":35},"end":{"line":422,"column":15}},"line":414},"20":{"name":"(anonymous_20)","decl":{"start":{"line":436,"column":34},"end":{"line":436,"column":35}},"loc":{"start":{"line":437,"column":14},"end":{"line":450,"column":21}},"line":437},"21":{"name":"(anonymous_21)","decl":{"start":{"line":455,"column":23},"end":{"line":455,"column":24}},"loc":{"start":{"line":455,"column":29},"end":{"line":455,"column":55}},"line":455},"22":{"name":"(anonymous_22)","decl":{"start":{"line":468,"column":17},"end":{"line":468,"column":18}},"loc":{"start":{"line":468,"column":23},"end":{"line":471,"column":9}},"line":468},"23":{"name":"(anonymous_23)","decl":{"start":{"line":472,"column":20},"end":{"line":472,"column":21}},"loc":{"start":{"line":472,"column":26},"end":{"line":474,"column":9}},"line":472}},"branchMap":{"0":{"loc":{"start":{"line":34,"column":21},"end":{"line":34,"column":80}},"type":"cond-expr","locations":[{"start":{"line":34,"column":31},"end":{"line":34,"column":72}},{"start":{"line":34,"column":75},"end":{"line":34,"column":80}}],"line":34},"1":{"loc":{"start":{"line":55,"column":4},"end":{"line":58,"column":5}},"type":"if","locations":[{"start":{"line":55,"column":4},"end":{"line":58,"column":5}},{"start":{},"end":{}}],"line":55},"2":{"loc":{"start":{"line":66,"column":6},"end":{"line":79,"column":7}},"type":"if","locations":[{"start":{"line":66,"column":6},"end":{"line":79,"column":7}},{"start":{"line":77,"column":13},"end":{"line":79,"column":7}}],"line":66},"3":{"loc":{"start":{"line":70,"column":8},"end":{"line":76,"column":9}},"type":"if","locations":[{"start":{"line":70,"column":8},"end":{"line":76,"column":9}},{"start":{"line":74,"column":15},"end":{"line":76,"column":9}}],"line":70},"4":{"loc":{"start":{"line":82,"column":4},"end":{"line":84,"column":5}},"type":"if","locations":[{"start":{"line":82,"column":4},"end":{"line":84,"column":5}},{"start":{},"end":{}}],"line":82},"5":{"loc":{"start":{"line":106,"column":4},"end":{"line":113,"column":5}},"type":"if","locations":[{"start":{"line":106,"column":4},"end":{"line":113,"column":5}},{"start":{},"end":{}}],"line":106},"6":{"loc":{"start":{"line":106,"column":8},"end":{"line":106,"column":34}},"type":"binary-expr","locations":[{"start":{"line":106,"column":8},"end":{"line":106,"column":19}},{"start":{"line":106,"column":23},"end":{"line":106,"column":34}}],"line":106},"7":{"loc":{"start":{"line":116,"column":4},"end":{"line":122,"column":5}},"type":"if","locations":[{"start":{"line":116,"column":4},"end":{"line":122,"column":5}},{"start":{},"end":{}}],"line":116},"8":{"loc":{"start":{"line":130,"column":26},"end":{"line":130,"column":68}},"type":"binary-expr","locations":[{"start":{"line":130,"column":26},"end":{"line":130,"column":34}},{"start":{"line":130,"column":38},"end":{"line":130,"column":62}},{"start":{"line":130,"column":66},"end":{"line":130,"column":68}}],"line":130},"9":{"loc":{"start":{"line":140,"column":26},"end":{"line":140,"column":56}},"type":"binary-expr","locations":[{"start":{"line":140,"column":26},"end":{"line":140,"column":50}},{"start":{"line":140,"column":54},"end":{"line":140,"column":56}}],"line":140},"10":{"loc":{"start":{"line":154,"column":22},"end":{"line":156,"column":67}},"type":"cond-expr","locations":[{"start":{"line":155,"column":10},"end":{"line":155,"column":49}},{"start":{"line":156,"column":10},"end":{"line":156,"column":67}}],"line":154},"11":{"loc":{"start":{"line":166,"column":4},"end":{"line":173,"column":5}},"type":"if","locations":[{"start":{"line":166,"column":4},"end":{"line":173,"column":5}},{"start":{},"end":{}}],"line":166},"12":{"loc":{"start":{"line":166,"column":8},"end":{"line":166,"column":34}},"type":"binary-expr","locations":[{"start":{"line":166,"column":8},"end":{"line":166,"column":19}},{"start":{"line":166,"column":23},"end":{"line":166,"column":34}}],"line":166},"13":{"loc":{"start":{"line":181,"column":6},"end":{"line":243,"column":7}},"type":"if","locations":[{"start":{"line":181,"column":6},"end":{"line":243,"column":7}},{"start":{"line":192,"column":13},"end":{"line":243,"column":7}}],"line":181},"14":{"loc":{"start":{"line":194,"column":28},"end":{"line":194,"column":70}},"type":"binary-expr","locations":[{"start":{"line":194,"column":28},"end":{"line":194,"column":36}},{"start":{"line":194,"column":40},"end":{"line":194,"column":64}},{"start":{"line":194,"column":68},"end":{"line":194,"column":70}}],"line":194},"15":{"loc":{"start":{"line":196,"column":8},"end":{"line":242,"column":9}},"type":"if","locations":[{"start":{"line":196,"column":8},"end":{"line":242,"column":9}},{"start":{"line":219,"column":15},"end":{"line":242,"column":9}}],"line":196},"16":{"loc":{"start":{"line":203,"column":25},"end":{"line":203,"column":66}},"type":"binary-expr","locations":[{"start":{"line":203,"column":25},"end":{"line":203,"column":45}},{"start":{"line":203,"column":49},"end":{"line":203,"column":66}}],"line":203},"17":{"loc":{"start":{"line":205,"column":30},"end":{"line":205,"column":59}},"type":"binary-expr","locations":[{"start":{"line":205,"column":30},"end":{"line":205,"column":53}},{"start":{"line":205,"column":57},"end":{"line":205,"column":59}}],"line":205},"18":{"loc":{"start":{"line":258,"column":13},"end":{"line":258,"column":54}},"type":"cond-expr","locations":[{"start":{"line":258,"column":23},"end":{"line":258,"column":39}},{"start":{"line":258,"column":42},"end":{"line":258,"column":54}}],"line":258},"19":{"loc":{"start":{"line":259,"column":17},"end":{"line":259,"column":62}},"type":"cond-expr","locations":[{"start":{"line":259,"column":27},"end":{"line":259,"column":47}},{"start":{"line":259,"column":50},"end":{"line":259,"column":62}}],"line":259},"20":{"loc":{"start":{"line":262,"column":2},"end":{"line":283,"column":3}},"type":"if","locations":[{"start":{"line":262,"column":2},"end":{"line":283,"column":3}},{"start":{},"end":{}}],"line":262},"21":{"loc":{"start":{"line":264,"column":38},"end":{"line":264,"column":68}},"type":"binary-expr","locations":[{"start":{"line":264,"column":38},"end":{"line":264,"column":44}},{"start":{"line":264,"column":48},"end":{"line":264,"column":68}}],"line":264},"22":{"loc":{"start":{"line":285,"column":2},"end":{"line":306,"column":3}},"type":"if","locations":[{"start":{"line":285,"column":2},"end":{"line":306,"column":3}},{"start":{},"end":{}}],"line":285},"23":{"loc":{"start":{"line":287,"column":38},"end":{"line":287,"column":68}},"type":"binary-expr","locations":[{"start":{"line":287,"column":38},"end":{"line":287,"column":44}},{"start":{"line":287,"column":48},"end":{"line":287,"column":68}}],"line":287},"24":{"loc":{"start":{"line":309,"column":42},"end":{"line":309,"column":72}},"type":"binary-expr","locations":[{"start":{"line":309,"column":42},"end":{"line":309,"column":48}},{"start":{"line":309,"column":52},"end":{"line":309,"column":72}}],"line":309},"25":{"loc":{"start":{"line":312,"column":40},"end":{"line":312,"column":65}},"type":"binary-expr","locations":[{"start":{"line":312,"column":40},"end":{"line":312,"column":46}},{"start":{"line":312,"column":50},"end":{"line":312,"column":65}}],"line":312},"26":{"loc":{"start":{"line":313,"column":43},"end":{"line":313,"column":68}},"type":"binary-expr","locations":[{"start":{"line":313,"column":43},"end":{"line":313,"column":49}},{"start":{"line":313,"column":53},"end":{"line":313,"column":68}}],"line":313},"27":{"loc":{"start":{"line":321,"column":44},"end":{"line":321,"column":69}},"type":"binary-expr","locations":[{"start":{"line":321,"column":44},"end":{"line":321,"column":50}},{"start":{"line":321,"column":54},"end":{"line":321,"column":69}}],"line":321},"28":{"loc":{"start":{"line":325,"column":11},"end":{"line":339,"column":11}},"type":"cond-expr","locations":[{"start":{"line":326,"column":12},"end":{"line":334,"column":19}},{"start":{"line":336,"column":12},"end":{"line":338,"column":19}}],"line":325},"29":{"loc":{"start":{"line":327,"column":48},"end":{"line":327,"column":73}},"type":"binary-expr","locations":[{"start":{"line":327,"column":48},"end":{"line":327,"column":54}},{"start":{"line":327,"column":58},"end":{"line":327,"column":73}}],"line":327},"30":{"loc":{"start":{"line":336,"column":43},"end":{"line":336,"column":68}},"type":"binary-expr","locations":[{"start":{"line":336,"column":43},"end":{"line":336,"column":49}},{"start":{"line":336,"column":53},"end":{"line":336,"column":68}}],"line":336},"31":{"loc":{"start":{"line":348,"column":14},"end":{"line":348,"column":55}},"type":"binary-expr","locations":[{"start":{"line":348,"column":14},"end":{"line":348,"column":30}},{"start":{"line":348,"column":34},"end":{"line":348,"column":55}}],"line":348},"32":{"loc":{"start":{"line":355,"column":14},"end":{"line":355,"column":59}},"type":"binary-expr","locations":[{"start":{"line":355,"column":14},"end":{"line":355,"column":30}},{"start":{"line":355,"column":34},"end":{"line":355,"column":59}}],"line":355},"33":{"loc":{"start":{"line":357,"column":15},"end":{"line":357,"column":69}},"type":"cond-expr","locations":[{"start":{"line":357,"column":34},"end":{"line":357,"column":53}},{"start":{"line":357,"column":56},"end":{"line":357,"column":69}}],"line":357},"34":{"loc":{"start":{"line":370,"column":40},"end":{"line":370,"column":65}},"type":"binary-expr","locations":[{"start":{"line":370,"column":40},"end":{"line":370,"column":46}},{"start":{"line":370,"column":50},"end":{"line":370,"column":65}}],"line":370},"35":{"loc":{"start":{"line":371,"column":43},"end":{"line":371,"column":68}},"type":"binary-expr","locations":[{"start":{"line":371,"column":43},"end":{"line":371,"column":49}},{"start":{"line":371,"column":53},"end":{"line":371,"column":68}}],"line":371},"36":{"loc":{"start":{"line":377,"column":47},"end":{"line":377,"column":72}},"type":"binary-expr","locations":[{"start":{"line":377,"column":47},"end":{"line":377,"column":53}},{"start":{"line":377,"column":57},"end":{"line":377,"column":72}}],"line":377},"37":{"loc":{"start":{"line":380,"column":46},"end":{"line":380,"column":71}},"type":"binary-expr","locations":[{"start":{"line":380,"column":46},"end":{"line":380,"column":52}},{"start":{"line":380,"column":56},"end":{"line":380,"column":71}}],"line":380},"38":{"loc":{"start":{"line":386,"column":47},"end":{"line":386,"column":72}},"type":"binary-expr","locations":[{"start":{"line":386,"column":47},"end":{"line":386,"column":53}},{"start":{"line":386,"column":57},"end":{"line":386,"column":72}}],"line":386},"39":{"loc":{"start":{"line":389,"column":46},"end":{"line":389,"column":71}},"type":"binary-expr","locations":[{"start":{"line":389,"column":46},"end":{"line":389,"column":52}},{"start":{"line":389,"column":56},"end":{"line":389,"column":71}}],"line":389},"40":{"loc":{"start":{"line":395,"column":47},"end":{"line":395,"column":72}},"type":"binary-expr","locations":[{"start":{"line":395,"column":47},"end":{"line":395,"column":53}},{"start":{"line":395,"column":57},"end":{"line":395,"column":72}}],"line":395},"41":{"loc":{"start":{"line":398,"column":46},"end":{"line":398,"column":71}},"type":"binary-expr","locations":[{"start":{"line":398,"column":46},"end":{"line":398,"column":52}},{"start":{"line":398,"column":56},"end":{"line":398,"column":71}}],"line":398},"42":{"loc":{"start":{"line":406,"column":9},"end":{"line":427,"column":9}},"type":"binary-expr","locations":[{"start":{"line":406,"column":9},"end":{"line":406,"column":16}},{"start":{"line":407,"column":10},"end":{"line":426,"column":17}}],"line":406},"43":{"loc":{"start":{"line":407,"column":42},"end":{"line":407,"column":67}},"type":"binary-expr","locations":[{"start":{"line":407,"column":42},"end":{"line":407,"column":48}},{"start":{"line":407,"column":52},"end":{"line":407,"column":67}}],"line":407},"44":{"loc":{"start":{"line":408,"column":45},"end":{"line":408,"column":70}},"type":"binary-expr","locations":[{"start":{"line":408,"column":45},"end":{"line":408,"column":51}},{"start":{"line":408,"column":55},"end":{"line":408,"column":70}}],"line":408},"45":{"loc":{"start":{"line":430,"column":9},"end":{"line":460,"column":9}},"type":"binary-expr","locations":[{"start":{"line":430,"column":9},"end":{"line":430,"column":24}},{"start":{"line":431,"column":10},"end":{"line":459,"column":17}}],"line":430},"46":{"loc":{"start":{"line":431,"column":43},"end":{"line":431,"column":68}},"type":"binary-expr","locations":[{"start":{"line":431,"column":43},"end":{"line":431,"column":49}},{"start":{"line":431,"column":53},"end":{"line":431,"column":68}}],"line":431},"47":{"loc":{"start":{"line":432,"column":46},"end":{"line":432,"column":71}},"type":"binary-expr","locations":[{"start":{"line":432,"column":46},"end":{"line":432,"column":52}},{"start":{"line":432,"column":56},"end":{"line":432,"column":71}}],"line":432},"48":{"loc":{"start":{"line":438,"column":49},"end":{"line":438,"column":74}},"type":"binary-expr","locations":[{"start":{"line":438,"column":49},"end":{"line":438,"column":55}},{"start":{"line":438,"column":59},"end":{"line":438,"column":74}}],"line":438},"49":{"loc":{"start":{"line":444,"column":49},"end":{"line":444,"column":74}},"type":"binary-expr","locations":[{"start":{"line":444,"column":49},"end":{"line":444,"column":55}},{"start":{"line":444,"column":59},"end":{"line":444,"column":74}}],"line":444},"50":{"loc":{"start":{"line":447,"column":53},"end":{"line":447,"column":78}},"type":"binary-expr","locations":[{"start":{"line":447,"column":53},"end":{"line":447,"column":59}},{"start":{"line":447,"column":63},"end":{"line":447,"column":78}}],"line":447}},"s":{"0":0,"1":0,"2":0,"3":0,"4":0,"5":0,"6":0,"7":0,"8":0,"9":0,"10":0,"11":0,"12":0,"13":0,"14":0,"15":0,"16":0,"17":0,"18":0,"19":0,"20":0,"21":0,"22":0,"23":0,"24":0,"25":0,"26":0,"27":0,"28":0,"29":0,"30":0,"31":0,"32":0,"33":0,"34":0,"35":0,"36":0,"37":0,"38":0,"39":0,"40":0,"41":0,"42":0,"43":0,"44":0,"45":0,"46":0,"47":0,"48":0,"49":0,"50":0,"51":0,"52":0,"53":0,"54":0,"55":0,"56":0,"57":0,"58":0,"59":0,"60":0,"61":0,"62":0,"63":0,"64":0,"65":0,"66":0,"67":0,"68":0,"69":0,"70":0,"71":0,"72":0,"73":0,"74":0,"75":0,"76":0,"77":0,"78":0,"79":0,"80":0,"81":0,"82":0,"83":0,"84":0,"85":0,"86":0,"87":0,"88":0,"89":0,"90":0,"91":0,"92":0,"93":0,"94":0,"95":0,"96":0,"97":0,"98":0,"99":0,"100":0,"101":0,"102":0,"103":0,"104":0,"105":0,"106":0,"107":0,"108":0,"109":0,"110":0,"111":0,"112":0,"113":0,"114":0,"115":0},"f":{"0":0,"1":0,"2":0,"3":0,"4":0,"5":0,"6":0,"7":0,"8":0,"9":0,"10":0,"11":0,"12":0,"13":0,"14":0,"15":0,"16":0,"17":0,"18":0,"19":0,"20":0,"21":0,"22":0,"23":0},"b":{"0":[0,0],"1":[0,0],"2":[0,0],"3":[0,0],"4":[0,0],"5":[0,0],"6":[0,0],"7":[0,0],"8":[0,0,0],"9":[0,0],"10":[0,0],"11":[0,0],"12":[0,0],"13":[0,0],"14":[0,0,0],"15":[0,0],"16":[0,0],"17":[0,0],"18":[0,0],"19":[0,0],"20":[0,0],"21":[0,0],"22":[0,0],"23":[0,0],"24":[0,0],"25":[0,0],"26":[0,0],"27":[0,0],"28":[0,0],"29":[0,0],"30":[0,0],"31":[0,0],"32":[0,0],"33":[0,0],"34":[0,0],"35":[0,0],"36":[0,0],"37":[0,0],"38":[0,0],"39":[0,0],"40":[0,0],"41":[0,0],"42":[0,0],"43":[0,0],"44":[0,0],"45":[0,0],"46":[0,0],"47":[0,0],"48":[0,0],"49":[0,0],"50":[0,0]}}
[...]
,"/Users/nathanaeldavidson/Overtime+/lib/state/shiftsStore.ts": {"path":"/Users/nathanaeldavidson/Overtime+/lib/state/shiftsStore.ts","statementMap":{"0":{"start":{"line":24,"column":30},"end":{"line":170,"column":3}},"1":{"start":{"line":24,"column":65},"end":{"line":170,"column":1}},"2":{"start":{"line":30,"column":4},"end":{"line":30,"column":67}},"3":{"start":{"line":31,"column":4},"end":{"line":31,"column":42}},"4":{"start":{"line":32,"column":4},"end":{"line":49,"column":5}},"5":{"start":{"line":33,"column":21},"end":{"line":33,"column":52}},"6":{"start":{"line":34,"column":6},"end":{"line":37,"column":9}},"7":{"start":{"line":36,"column":33},"end":{"line":36,"column":93}},"8":{"start":{"line":38,"column":6},"end":{"line":42,"column":9}},"9":{"start":{"line":44,"column":6},"end":{"line":44,"column":68}},"10":{"start":{"line":45,"column":6},"end":{"line":48,"column":9}},"11":{"start":{"line":53,"column":4},"end":{"line":59,"column":7}},"12":{"start":{"line":60,"column":4},"end":{"line":60,"column":42}},"13":{"start":{"line":61,"column":4},"end":{"line":76,"column":5}},"14":{"start":{"line":62,"column":6},"end":{"line":62,"column":45}},"15":{"start":{"line":63,"column":25},"end":{"line":63,"column":30}},"16":{"start":{"line":64,"column":6},"end":{"line":64,"column":61}},"17":{"start":{"line":65,"column":6},"end":{"line":69,"column":9}},"18":{"start":{"line":71,"column":6},"end":{"line":71,"column":66}},"19":{"start":{"line":72,"column":6},"end":{"line":75,"column":9}},"20":{"start":{"line":80,"column":4},"end":{"line":85,"column":7}},"21":{"start":{"line":86,"column":4},"end":{"line":86,"column":42}},"22":{"start":{"line":87,"column":4},"end":{"line":103,"column":5}},"23":{"start":{"line":88,"column":6},"end":{"line":88,"column":45}},"24":{"start":{"line":89,"column":25},"end":{"line":89,"column":30}},"25":{"start":{"line":90,"column":28},"end":{"line":90,"column":74}},"26":{"start":{"line":90,"column":44},"end":{"line":90,"column":73}},"27":{"start":{"line":91,"column":6},"end":{"line":91,"column":63}},"28":{"start":{"line":92,"column":6},"end":{"line":96,"column":9}},"29":{"start":{"line":98,"column":6},"end":{"line":98,"column":69}},"30":{"start":{"line":99,"column":6},"end":{"line":102,"column":9}},"31":{"start":{"line":107,"column":4},"end":{"line":107,"column":56}},"32":{"start":{"line":108,"column":4},"end":{"line":108,"column":42}},"33":{"start":{"line":109,"column":4},"end":{"line":125,"column":5}},"34":{"start":{"line":110,"column":6},"end":{"line":110,"column":42}},"35":{"start":{"line":111,"column":25},"end":{"line":111,"column":30}},"36":{"start":{"line":112,"column":29},"end":{"line":112,"column":60}},"37":{"start":{"line":112,"column":48},"end":{"line":112,"column":59}},"38":{"start":{"line":113,"column":6},"end":{"line":113,"column":63}},"39":{"start":{"line":114,"column":6},"end":{"line":118,"column":9}},"40":{"start":{"line":120,"column":6},"end":{"line":120,"column":69}},"41":{"start":{"line":121,"column":6},"end":{"line":124,"column":9}},"42":{"start":{"line":128,"column":20},"end":{"line":128,"column":40}},"43":{"start":{"line":132,"column":23},"end":{"line":132,"column":28}},"44":{"start":{"line":133,"column":4},"end":{"line":133,"column":42}},"45":{"start":{"line":137,"column":23},"end":{"line":137,"column":28}},"46":{"start":{"line":138,"column":16},"end":{"line":138,"column":26}},"47":{"start":{"line":139,"column":18},"end":{"line":139,"column":49}},"48":{"start":{"line":141,"column":4},"end":{"line":157,"column":7}},"49":{"start":{"line":143,"column":23},"end":{"line":144,"column":52}},"50":{"start":{"line":146,"column":6},"end":{"line":146,"column":34}},"51":{"start":{"line":146,"column":21},"end":{"line":146,"column":34}},"52":{"start":{"line":149,"column":6},"end":{"line":149,"column":54}},"53":{"start":{"line":149,"column":41},"end":{"line":149,"column":54}},"54":{"start":{"line":152,"column":6},"end":{"line":154,"column":7}},"55":{"start":{"line":153,"column":8},"end":{"line":153,"column":69}},"56":{"start":{"line":153,"column":56},"end":{"line":153,"column":69}},"57":{"start":{"line":156,"column":6},"end":{"line":156,"column":18}},"58":{"start":{"line":161,"column":23},"end":{"line":161,"column":28}},"59":{"start":{"line":162,"column":16},"end":{"line":162,"column":26}},"60":{"start":{"line":163,"column":18},"end":{"line":163,"column":49}},"61":{"start":{"line":165,"column":4},"end":{"line":168,"column":7}},"62":{"start":{"line":166,"column":6},"end":{"line":167,"column":53}}},"fnMap":{"0":{"name":"(anonymous_0)","decl":{"start":{"line":24,"column":50},"end":{"line":24,"column":51}},"loc":{"start":{"line":24,"column":65},"end":{"line":170,"column":1}},"line":24},"1":{"name":"(anonymous_1)","decl":{"start":{"line":29,"column":14},"end":{"line":29,"column":15}},"loc":{"start":{"line":29,"column":26},"end":{"line":50,"column":3}},"line":29},"2":{"name":"(anonymous_2)","decl":{"start":{"line":36,"column":27},"end":{"line":36,"column":28}},"loc":{"start":{"line":36,"column":33},"end":{"line":36,"column":93}},"line":36},"3":{"name":"(anonymous_3)","decl":{"start":{"line":52,"column":12},"end":{"line":52,"column":13}},"loc":{"start":{"line":52,"column":41},"end":{"line":77,"column":3}},"line":52},"4":{"name":"(anonymous_4)","decl":{"start":{"line":79,"column":15},"end":{"line":79,"column":16}},"loc":{"start":{"line":79,"column":44},"end":{"line":104,"column":3}},"line":79},"5":{"name":"(anonymous_5)","decl":{"start":{"line":90,"column":39},"end":{"line":90,"column":40}},"loc":{"start":{"line":90,"column":44},"end":{"line":90,"column":73}},"line":90},"6":{"name":"(anonymous_6)","decl":{"start":{"line":106,"column":15},"end":{"line":106,"column":16}},"loc":{"start":{"line":106,"column":37},"end":{"line":126,"column":3}},"line":106},"7":{"name":"(anonymous_7)","decl":{"start":{"line":112,"column":43},"end":{"line":112,"column":44}},"loc":{"start":{"line":112,"column":48},"end":{"line":112,"column":59}},"line":112},"8":{"name":"(anonymous_8)","decl":{"start":{"line":128,"column":14},"end":{"line":128,"column":15}},"loc":{"start":{"line":128,"column":20},"end":{"line":128,"column":40}},"line":128},"9":{"name":"(anonymous_9)","decl":{"start":{"line":131,"column":16},"end":{"line":131,"column":17}},"loc":{"start":{"line":131,"column":34},"end":{"line":134,"column":3}},"line":131},"10":{"name":"(anonymous_10)","decl":{"start":{"line":136,"column":19},"end":{"line":136,"column":20}},"loc":{"start":{"line":136,"column":61},"end":{"line":158,"column":3}},"line":136},"11":{"name":"(anonymous_11)","decl":{"start":{"line":141,"column":25},"end":{"line":141,"column":26}},"loc":{"start":{"line":141,"column":34},"end":{"line":157,"column":5}},"line":141},"12":{"name":"(anonymous_12)","decl":{"start":{"line":160,"column":19},"end":{"line":160,"column":20}},"loc":{"start":{"line":160,"column":25},"end":{"line":169,"column":3}},"line":160},"13":{"name":"(anonymous_13)","decl":{"start":{"line":165,"column":25},"end":{"line":165,"column":26}},"loc":{"start":{"line":165,"column":34},"end":{"line":168,"column":5}},"line":165}},"branchMap":{"0":{"loc":{"start":{"line":47,"column":15},"end":{"line":47,"column":79}},"type":"cond-expr","locations":[{"start":{"line":47,"column":40},"end":{"line":47,"column":53}},{"start":{"line":47,"column":56},"end":{"line":47,"column":79}}],"line":47},"1":{"loc":{"start":{"line":74,"column":15},"end":{"line":74,"column":77}},"type":"cond-expr","locations":[{"start":{"line":74,"column":40},"end":{"line":74,"column":53}},{"start":{"line":74,"column":56},"end":{"line":74,"column":77}}],"line":74},"2":{"loc":{"start":{"line":90,"column":44},"end":{"line":90,"column":73}},"type":"cond-expr","locations":[{"start":{"line":90,"column":64},"end":{"line":90,"column":69}},{"start":{"line":90,"column":72},"end":{"line":90,"column":73}}],"line":90},"3":{"loc":{"start":{"line":101,"column":15},"end":{"line":101,"column":80}},"type":"cond-expr","locations":[{"start":{"line":101,"column":40},"end":{"line":101,"column":53}},{"start":{"line":101,"column":56},"end":{"line":101,"column":80}}],"line":101},"4":{"loc":{"start":{"line":123,"column":15},"end":{"line":123,"column":80}},"type":"cond-expr","locations":[{"start":{"line":123,"column":40},"end":{"line":123,"column":53}},{"start":{"line":123,"column":56},"end":{"line":123,"column":80}}],"line":123},"5":{"loc":{"start":{"line":143,"column":23},"end":{"line":144,"column":52}},"type":"binary-expr","locations":[{"start":{"line":143,"column":23},"end":{"line":143,"column":48}},{"start":{"line":144,"column":9},"end":{"line":144,"column":24}},{"start":{"line":144,"column":28},"end":{"line":144,"column":51}}],"line":143},"6":{"loc":{"start":{"line":146,"column":6},"end":{"line":146,"column":34}},"type":"if","locations":[{"start":{"line":146,"column":6},"end":{"line":146,"column":34}},{"start":{},"end":{}}],"line":146},"7":{"loc":{"start":{"line":149,"column":6},"end":{"line":149,"column":54}},"type":"if","locations":[{"start":{"line":149,"column":6},"end":{"line":149,"column":54}},{"start":{},"end":{}}],"line":149},"8":{"loc":{"start":{"line":152,"column":6},"end":{"line":154,"column":7}},"type":"if","locations":[{"start":{"line":152,"column":6},"end":{"line":154,"column":7}},{"start":{},"end":{}}],"line":152},"9":{"loc":{"start":{"line":152,"column":10},"end":{"line":152,"column":54}},"type":"binary-expr","locations":[{"start":{"line":152,"column":10},"end":{"line":152,"column":35}},{"start":{"line":152,"column":39},"end":{"line":152,"column":54}}],"line":152},"10":{"loc":{"start":{"line":153,"column":8},"end":{"line":153,"column":69}},"type":"if","locations":[{"start":{"line":153,"column":8},"end":{"line":153,"column":69}},{"start":{},"end":{}}],"line":153},"11":{"loc":{"start":{"line":153,"column":12},"end":{"line":153,"column":54}},"type":"binary-expr","locations":[{"start":{"line":153,"column":12},"end":{"line":153,"column":21}},{"start":{"line":153,"column":25},"end":{"line":153,"column":54}}],"line":153},"12":{"loc":{"start":{"line":166,"column":13},"end":{"line":167,"column":52}},"type":"binary-expr","locations":[{"start":{"line":166,"column":13},"end":{"line":166,"column":38}},{"start":{"line":167,"column":9},"end":{"line":167,"column":24}},{"start":{"line":167,"column":28},"end":{"line":167,"column":51}}],"line":166}},"s":{"0":0,"1":0,"2":0,"3":0,"4":0,"5":0,"6":0,"7":0,"8":0,"9":0,"10":0,"11":0,"12":0,"13":0,"14":0,"15":0,"16":0,"17":0,"18":0,"19":0,"20":0,"21":0,"22":0,"23":0,"24":0,"25":0,"26":0,"27":0,"28":0,"29":0,"30":0,"31":0,"32":0,"33":0,"34":0,"35":0,"36":0,"37":0,"38":0,"39":0,"40":0,"41":0,"42":0,"43":0,"44":0,"45":0,"46":0,"47":0,"48":0,"49":0,"50":0,"51":0,"52":0,"53":0,"54":0,"55":0,"56":0,"57":0,"58":0,"59":0,"60":0,"61":0,"62":0},"f":{"0":0,"1":0,"2":0,"3":0,"4":0,"5":0,"6":0,"7":0,"8":0,"9":0,"10":0,"11":0,"12":0,"13":0},"b":{"0":[0,0],"1":[0,0],"2":[0,0],"3":[0,0],"4":[0,0],"5":[0,0,0],"6":[0,0],"7":[0,0],"8":[0,0],"9":[0,0],"10":[0,0],"11":[0,0],"12":[0,0,0]}}
,"/Users/nathanaeldavidson/Overtime+/lib/storage/profile.ts": {"path":"/Users/nathanaeldavidson/Overtime+/lib/storage/profile.ts","statementMap":{"0":{"start":{"line":4,"column":20},"end":{"line":4,"column":43}},"1":{"start":{"line":8,"column":4},"end":{"line":20,"column":5}},"2":{"start":{"line":9,"column":6},"end":{"line":13,"column":9}},"3":{"start":{"line":14,"column":26},"end":{"line":14,"column":49}},"4":{"start":{"line":15,"column":6},"end":{"line":15,"column":63}},"5":{"start":{"line":16,"column":6},"end":{"line":16,"column":59}},"6":{"start":{"line":18,"column":6},"end":{"line":18,"column":54}},"7":{"start":{"line":19,"column":6},"end":{"line":19,"column":66}},"8":{"start":{"line":24,"column":4},"end":{"line":80,"column":5}},"9":{"start":{"line":25,"column":26},"end":{"line":25,"column":69}},"10":{"start":{"line":26,"column":6},"end":{"line":28,"column":7}},"11":{"start":{"line":27,"column":8},"end":{"line":27,"column":20}},"12":{"start":{"line":30,"column":22},"end":{"line":30,"column":52}},"13":{"start":{"line":33,"column":6},"end":{"line":45,"column":7}},"14":{"start":{"line":34,"column":8},"end":{"line":34,"column":60}},"15":{"start":{"line":35,"column":8},"end":{"line":35,"column":133}},"16":{"start":{"line":37,"column":8},"end":{"line":37,"column":80}},"17":{"start":{"line":38,"column":8},"end":{"line":38,"column":76}},"18":{"start":{"line":40,"column":8},"end":{"line":40,"column":44}},"19":{"start":{"line":43,"column":8},"end":{"line":43,"column":51}},"20":{"start":{"line":44,"column":8},"end":{"line":44,"column":53}},"21":{"start":{"line":48,"column":6},"end":{"line":53,"column":7}},"22":{"start":{"line":49,"column":8},"end":{"line":49,"column":90}},"23":{"start":{"line":50,"column":8},"end":{"line":50,"column":74}},"24":{"start":{"line":52,"column":8},"end":{"line":52,"column":51}},"25":{"start":{"line":56,"column":6},"end":{"line":61,"column":7}},"26":{"start":{"line":57,"column":8},"end":{"line":57,"column":75}},"27":{"start":{"line":58,"column":8},"end":{"line":58,"column":52}},"28":{"start":{"line":60,"column":8},"end":{"line":60,"column":51}},"29":{"start":{"line":64,"column":6},"end":{"line":69,"column":7}},"30":{"start":{"line":65,"column":8},"end":{"line":65,"column":53}},"31":{"start":{"line":66,"column":8},"end":{"line":66,"column":27}},"32":{"start":{"line":68,"column":8},"end":{"line":68,"column":51}},"33":{"start":{"line":71,"column":6},"end":{"line":75,"column":9}},"34":{"start":{"line":76,"column":6},"end":{"line":76,"column":32}},"35":{"start":{"line":78,"column":6},"end":{"line":78,"column":54}},"36":{"start":{"line":79,"column":6},"end":{"line":79,"column":18}},"37":{"start":{"line":84,"column":4},"end":{"line":90,"column":5}},"38":{"start":{"line":85,"column":6},"end":{"line":85,"column":53}},"39":{"start":{"line":86,"column":6},"end":{"line":86,"column":50}},"40":{"start":{"line":88,"column":6},"end":{"line":88,"column":56}},"41":{"start":{"line":89,"column":6},"end":{"line":89,"column":70}},"42":{"start":{"line":94,"column":4},"end":{"line":100,"column":5}},"43":{"start":{"line":95,"column":26},"end":{"line":95,"column":69}},"44":{"start":{"line":96,"column":6},"end":{"line":96,"column":34}},"45":{"start":{"line":98,"column":6},"end":{"line":98,"column":65}},"46":{"start":{"line":99,"column":6},"end":{"line":99,"column":19}},"47":{"start":{"line":105,"column":18},"end":{"line":105,"column":44}},"48":{"start":{"line":106,"column":4},"end":{"line":108,"column":5}},"49":{"start":{"line":107,"column":6},"end":{"line":107,"column":52}},"50":{"start":{"line":109,"column":4},"end":{"line":109,"column":84}},"51":{"start":{"line":109,"column":29},"end":{"line":109,"column":43}},"52":{"start":{"line":115,"column":50},"end":{"line":119,"column":5}},"53":{"start":{"line":122,"column":27},"end":{"line":124,"column":43}},"54":{"start":{"line":126,"column":4},"end":{"line":129,"column":7}},"55":{"start":{"line":127,"column":20},"end":{"line":127,"column":34}},"56":{"start":{"line":128,"column":6},"end":{"line":128,"column":66}},"57":{"start":{"line":134,"column":4},"end":{"line":152,"column":6}},"58":{"start":{"line":157,"column":30},"end":{"line":157,"column":50}}},"fnMap":{"0":{"name":"(anonymous_0)","decl":{"start":{"line":7,"column":2},"end":{"line":7,"column":3}},"loc":{"start":{"line":7,"column":53},"end":{"line":21,"column":3}},"line":7},"1":{"name":"(anonymous_1)","decl":{"start":{"line":23,"column":2},"end":{"line":23,"column":3}},"loc":{"start":{"line":23,"column":47},"end":{"line":81,"column":3}},"line":23},"2":{"name":"(anonymous_2)","decl":{"start":{"line":83,"column":2},"end":{"line":83,"column":3}},"loc":{"start":{"line":83,"column":39},"end":{"line":91,"column":3}},"line":83},"3":{"name":"(anonymous_3)","decl":{"start":{"line":93,"column":2},"end":{"line":93,"column":3}},"loc":{"start":{"line":93,"column":39},"end":{"line":101,"column":3}},"line":93},"4":{"name":"(anonymous_4)","decl":{"start":{"line":104,"column":2},"end":{"line":104,"column":3}},"loc":{"start":{"line":104,"column":45},"end":{"line":110,"column":3}},"line":104},"5":{"name":"(anonymous_5)","decl":{"start":{"line":109,"column":21},"end":{"line":109,"column":22}},"loc":{"start":{"line":109,"column":29},"end":{"line":109,"column":43}},"line":109},"6":{"name":"(anonymous_6)","decl":{"start":{"line":113,"column":2},"end":{"line":113,"column":3}},"loc":{"start":{"line":113,"column":47},"end":{"line":130,"column":3}},"line":113},"7":{"name":"(anonymous_7)","decl":{"start":{"line":126,"column":32},"end":{"line":126,"column":33}},"loc":{"start":{"line":126,"column":41},"end":{"line":129,"column":5}},"line":126},"8":{"name":"(anonymous_8)","decl":{"start":{"line":133,"column":2},"end":{"line":133,"column":3}},"loc":{"start":{"line":133,"column":34},"end":{"line":153,"column":3}},"line":133}},"branchMap":{"0":{"loc":{"start":{"line":26,"column":6},"end":{"line":28,"column":7}},"type":"if","locations":[{"start":{"line":26,"column":6},"end":{"line":28,"column":7}},{"start":{},"end":{}}],"line":26},"1":{"loc":{"start":{"line":33,"column":6},"end":{"line":45,"column":7}},"type":"if","locations":[{"start":{"line":33,"column":6},"end":{"line":45,"column":7}},{"start":{},"end":{}}],"line":33},"2":{"loc":{"start":{"line":33,"column":10},"end":{"line":33,"column":93}},"type":"binary-expr","locations":[{"start":{"line":33,"column":10},"end":{"line":33,"column":52}},{"start":{"line":33,"column":56},"end":{"line":33,"column":93}}],"line":33},"3":{"loc":{"start":{"line":37,"column":56},"end":{"line":37,"column":78}},"type":"binary-expr","locations":[{"start":{"line":37,"column":56},"end":{"line":37,"column":72}},{"start":{"line":37,"column":76},"end":{"line":37,"column":78}}],"line":37},"4":{"loc":{"start":{"line":48,"column":6},"end":{"line":53,"column":7}},"type":"if","locations":[{"start":{"line":48,"column":6},"end":{"line":53,"column":7}},{"start":{},"end":{}}],"line":48},"5":{"loc":{"start":{"line":48,"column":10},"end":{"line":48,"column":54}},"type":"binary-expr","locations":[{"start":{"line":48,"column":10},"end":{"line":48,"column":34}},{"start":{"line":48,"column":38},"end":{"line":48,"column":54}}],"line":48},"6":{"loc":{"start":{"line":56,"column":6},"end":{"line":61,"column":7}},"type":"if","locations":[{"start":{"line":56,"column":6},"end":{"line":61,"column":7}},{"start":{},"end":{}}],"line":56},"7":{"loc":{"start":{"line":64,"column":6},"end":{"line":69,"column":7}},"type":"if","locations":[{"start":{"line":64,"column":6},"end":{"line":69,"column":7}},{"start":{},"end":{}}],"line":64},"8":{"loc":{"start":{"line":106,"column":4},"end":{"line":108,"column":5}},"type":"if","locations":[{"start":{"line":106,"column":4},"end":{"line":108,"column":5}},{"start":{},"end":{}}],"line":106},"9":{"loc":{"start":{"line":122,"column":27},"end":{"line":124,"column":43}},"type":"cond-expr","locations":[{"start":{"line":123,"column":8},"end":{"line":123,"column":26}},{"start":{"line":124,"column":8},"end":{"line":124,"column":43}}],"line":122},"10":{"loc":{"start":{"line":128,"column":13},"end":{"line":128,"column":65}},"type":"binary-expr","locations":[{"start":{"line":128,"column":13},"end":{"line":128,"column":38}},{"start":{"line":128,"column":42},"end":{"line":128,"column":65}}],"line":128}},"s":{"0":0,"1":0,"2":0,"3":0,"4":0,"5":0,"6":0,"7":0,"8":0,"9":0,"10":0,"11":0,"12":0,"13":0,"14":0,"15":0,"16":0,"17":0,"18":0,"19":0,"20":0,"21":0,"22":0,"23":0,"24":0,"25":0,"26":0,"27":0,"28":0,"29":0,"30":0,"31":0,"32":0,"33":0,"34":0,"35":0,"36":0,"37":0,"38":0,"39":0,"40":0,"41":0,"42":0,"43":0,"44":0,"45":0,"46":0,"47":0,"48":0,"49":0,"50":0,"51":0,"52":0,"53":0,"54":0,"55":0,"56":0,"57":0,"58":0},"f":{"0":0,"1":0,"2":0,"3":0,"4":0,"5":0,"6":0,"7":0,"8":0},"b":{"0":[0,0],"1":[0,0],"2":[0,0],"3":[0,0],"4":[0,0],"5":[0,0],"6":[0,0],"7":[0,0],"8":[0,0],"9":[0,0],"10":[0,0]}}
}
