TN:
SF:app/_layout.tsx
FN:11,RootLayout
FN:17,(anonymous_1)
FN:21,(anonymous_2)
FNF:3
FNH:0
FNDA:0,RootLayout
FNDA:0,(anonymous_1)
FNDA:0,(anonymous_2)
DA:12,0
DA:13,0
DA:14,0
DA:15,0
DA:17,0
DA:18,0
DA:21,0
DA:22,0
DA:24,0
DA:25,0
DA:28,0
DA:31,0
DA:38,0
DA:40,0
DA:44,0
LF:15
LH:0
BRDA:46,0,0,0
BRDA:46,0,1,0
BRDA:56,1,0,0
BRDA:56,1,1,0
BRDA:58,2,0,0
BRDA:58,2,1,0
BRDA:60,3,0,0
BRDA:60,3,1,0
BRDA:71,4,0,0
BRDA:71,4,1,0
BRDA:73,5,0,0
BRDA:73,5,1,0
BRDA:75,6,0,0
BRDA:75,6,1,0
BRDA:86,7,0,0
BRDA:86,7,1,0
BRDA:88,8,0,0
BRDA:88,8,1,0
BRDA:90,9,0,0
BRDA:90,9,1,0
BRDA:101,10,0,0
BRDA:101,10,1,0
BRDA:103,11,0,0
BRDA:103,11,1,0
BRDA:105,12,0,0
BRDA:105,12,1,0
BRF:26
BRH:0
end_of_record
TN:
SF:app/clear-data.tsx
FN:17,ClearDataScreen
FN:32,(anonymous_1)
FN:37,(anonymous_2)
FN:46,(anonymous_3)
FN:63,(anonymous_4)
FN:86,(anonymous_5)
FNF:6
FNH:0
FNDA:0,ClearDataScreen
FNDA:0,(anonymous_1)
FNDA:0,(anonymous_2)
FNDA:0,(anonymous_3)
FNDA:0,(anonymous_4)
FNDA:0,(anonymous_5)
DA:18,0
DA:19,0
DA:20,0
DA:22,0
DA:23,0
DA:25,0
DA:26,0
DA:32,0
DA:33,0
DA:34,0
DA:37,0
DA:38,0
DA:47,0
DA:48,0
DA:49,0
DA:50,0
DA:52,0
DA:58,0
DA:60,0
DA:63,0
DA:66,0
DA:69,0
DA:71,0
DA:79,0
DA:86,0
DA:173,0
LF:26
LH:0
BRDA:50,0,0,0
BRDA:50,0,1,0
BRDA:80,1,0,0
BRDA:80,1,1,0
BRDA:83,2,0,0
BRDA:83,2,1,0
BRDA:88,3,0,0
BRDA:88,3,1,0
BRDA:90,4,0,0
BRDA:90,4,1,0
BRDA:94,5,0,0
BRDA:94,5,1,0
BRDA:97,6,0,0
BRDA:97,6,1,0
BRDA:101,7,0,0
BRDA:101,7,1,0
BRDA:105,8,0,0
BRDA:105,8,1,0
BRDA:106,9,0,0
BRDA:106,9,1,0
BRDA:107,10,0,0
BRDA:107,10,1,0
BRDA:109,11,0,0
BRDA:109,11,1,0
BRDA:115,12,0,0
BRDA:115,12,1,0
BRDA:116,13,0,0
BRDA:116,13,1,0
BRDA:120,14,0,0
BRDA:120,14,1,0
BRDA:123,15,0,0
BRDA:123,15,1,0
BRDA:124,16,0,0
BRDA:124,16,1,0
BRDA:129,17,0,0
BRDA:129,17,1,0
BRDA:132,18,0,0
BRDA:132,18,1,0
BRDA:133,19,0,0
BRDA:133,19,1,0
BRDA:136,20,0,0
BRDA:136,20,1,0
BRDA:137,21,0,0
BRDA:137,21,1,0
BRDA:140,22,0,0
BRDA:140,22,1,0
BRDA:141,23,0,0
BRDA:141,23,1,0
BRDA:148,24,0,0
BRDA:148,24,1,0
BRDA:152,25,0,0
BRDA:152,25,1,0
BRDA:153,26,0,0
BRDA:153,26,1,0
BRDA:159,27,0,0
BRDA:159,27,1,0
BRDA:164,28,0,0
BRDA:164,28,1,0
BRF:58
BRH:0
end_of_record
TN:
SF:app/email-settings.tsx
FN:18,EmailSettingsScreen
FN:28,(anonymous_1)
FN:35,(anonymous_2)
FN:62,(anonymous_3)
FN:70,(anonymous_4)
FN:76,(anonymous_5)
FN:107,(anonymous_6)
FNF:7
FNH:0
FNDA:0,EmailSettingsScreen
FNDA:0,(anonymous_1)
FNDA:0,(anonymous_2)
FNDA:0,(anonymous_3)
FNDA:0,(anonymous_4)
FNDA:0,(anonymous_5)
FNDA:0,(anonymous_6)
DA:19,0
DA:20,0
DA:21,0
DA:23,0
DA:24,0
DA:25,0
DA:26,0
DA:28,0
DA:29,0
DA:30,0
DA:31,0
DA:35,0
DA:36,0
DA:39,0
DA:40,0
DA:41,0
DA:42,0
DA:45,0
DA:46,0
DA:47,0
DA:53,0
DA:54,0
DA:56,0
DA:58,0
DA:62,0
DA:63,0
DA:70,0
DA:76,0
DA:77,0
DA:82,0
DA:89,0
DA:90,0
DA:100,0
DA:107,0
DA:192,0
LF:35
LH:0
BRDA:29,0,0,0
BRDA:29,0,1,0
BRDA:30,1,0,0
BRDA:30,1,1,0
BRDA:31,2,0,0
BRDA:31,2,1,0
BRDA:36,3,0,0
BRDA:36,3,1,0
BRDA:40,4,0,0
BRDA:40,4,1,0
BRDA:40,5,0,0
BRDA:40,5,1,0
BRDA:50,6,0,0
BRDA:50,6,1,0
BRDA:78,7,0,0
BRDA:78,7,1,0
BRDA:84,8,0,0
BRDA:84,8,1,0
BRDA:89,9,0,0
BRDA:89,9,1,0
BRDA:89,10,0,0
BRDA:89,10,1,0
BRDA:91,11,0,0
BRDA:91,11,1,0
BRDA:93,12,0,0
BRDA:93,12,1,0
BRDA:101,13,0,0
BRDA:101,13,1,0
BRDA:109,14,0,0
BRDA:109,14,1,0
BRDA:111,15,0,0
BRDA:111,15,1,0
BRDA:117,16,0,0
BRDA:117,16,1,0
BRDA:118,17,0,0
BRDA:118,17,1,0
BRDA:121,18,0,0
BRDA:121,18,1,0
BRDA:125,19,0,0
BRDA:125,19,1,0
BRDA:129,20,0,0
BRDA:129,20,1,0
BRDA:136,21,0,0
BRDA:136,21,1,0
BRDA:138,22,0,0
BRDA:138,22,1,0
BRDA:158,23,0,0
BRDA:158,23,1,0
BRDA:162,24,0,0
BRDA:162,24,1,0
BRDA:166,25,0,0
BRDA:166,25,1,0
BRDA:174,26,0,0
BRDA:174,26,1,0
BRDA:178,27,0,0
BRDA:178,27,1,0
BRF:56
BRH:0
end_of_record
TN:
SF:app/index.tsx
FN:3,Index
FNF:1
FNH:0
FNDA:0,Index
DA:4,0
LF:1
LH:0
BRF:0
BRH:0
end_of_record
TN:
SF:app/(tabs)/_layout.tsx
FN:6,TabLayout
FN:29,(anonymous_1)
FN:38,(anonymous_2)
FN:47,(anonymous_3)
FN:56,(anonymous_4)
FN:65,(anonymous_5)
FNF:6
FNH:0
FNDA:0,TabLayout
FNDA:0,(anonymous_1)
FNDA:0,(anonymous_2)
FNDA:0,(anonymous_3)
FNDA:0,(anonymous_4)
FNDA:0,(anonymous_5)
DA:7,0
DA:8,0
DA:10,0
DA:30,0
DA:39,0
DA:48,0
DA:57,0
DA:66,0
LF:8
LH:0
BRDA:14,0,0,0
BRDA:14,0,1,0
BRDA:16,1,0,0
BRDA:16,1,1,0
BRDA:17,2,0,0
BRDA:17,2,1,0
BRDA:20,3,0,0
BRDA:20,3,1,0
BRDA:22,4,0,0
BRDA:22,4,1,0
BRF:10
BRH:0
end_of_record
TN:
SF:app/(tabs)/exports.tsx
FN:25,ExportsScreen
FN:38,(anonymous_1)
FN:42,(anonymous_2)
FN:48,(anonymous_3)
FN:56,(anonymous_4)
FN:77,(anonymous_5)
FN:86,(anonymous_6)
FN:94,(anonymous_7)
FN:100,(anonymous_8)
FN:104,(anonymous_9)
FN:117,(anonymous_10)
FN:123,(anonymous_11)
FN:153,(anonymous_12)
FN:165,(anonymous_13)
FN:190,(anonymous_14)
FN:196,(anonymous_15)
FN:207,(anonymous_16)
FN:213,(anonymous_17)
FN:219,(anonymous_18)
FN:259,(anonymous_19)
FN:270,(anonymous_20)
FN:293,(anonymous_21)
FNF:22
FNH:0
FNDA:0,ExportsScreen
FNDA:0,(anonymous_1)
FNDA:0,(anonymous_2)
FNDA:0,(anonymous_3)
FNDA:0,(anonymous_4)
FNDA:0,(anonymous_5)
FNDA:0,(anonymous_6)
FNDA:0,(anonymous_7)
FNDA:0,(anonymous_8)
FNDA:0,(anonymous_9)
FNDA:0,(anonymous_10)
FNDA:0,(anonymous_11)
FNDA:0,(anonymous_12)
FNDA:0,(anonymous_13)
FNDA:0,(anonymous_14)
FNDA:0,(anonymous_15)
FNDA:0,(anonymous_16)
FNDA:0,(anonymous_17)
FNDA:0,(anonymous_18)
FNDA:0,(anonymous_19)
FNDA:0,(anonymous_20)
FNDA:0,(anonymous_21)
DA:26,0
DA:27,0
DA:28,0
DA:30,0
DA:31,0
DA:32,0
DA:33,0
DA:34,0
DA:35,0
DA:36,0
DA:38,0
DA:39,0
DA:42,0
DA:43,0
DA:44,0
DA:45,0
DA:48,0
DA:49,0
DA:50,0
DA:52,0
DA:56,0
DA:57,0
DA:58,0
DA:59,0
DA:62,0
DA:63,0
DA:64,0
DA:69,0
DA:72,0
DA:73,0
DA:77,0
DA:78,0
DA:87,0
DA:94,0
DA:95,0
DA:96,0
DA:97,0
DA:100,0
DA:101,0
DA:103,0
DA:104,0
DA:105,0
DA:106,0
DA:107,0
DA:109,0
DA:110,0
DA:111,0
DA:113,0
DA:117,0
DA:118,0
DA:119,0
DA:120,0
DA:123,0
DA:124,0
DA:125,0
DA:126,0
DA:129,0
DA:130,0
DA:131,0
DA:134,0
DA:135,0
DA:136,0
DA:138,0
DA:140,0
DA:141,0
DA:143,0
DA:146,0
DA:147,0
DA:149,0
DA:153,0
DA:154,0
DA:156,0
DA:157,0
DA:158,0
DA:160,0
DA:161,0
DA:165,0
DA:166,0
DA:167,0
DA:168,0
DA:170,0
DA:190,0
DA:196,0
DA:207,0
DA:213,0
DA:219,0
DA:259,0
DA:260,0
DA:270,0
DA:277,0
DA:278,0
DA:288,0
DA:293,0
DA:346,0
LF:94
LH:0
BRDA:49,0,0,0
BRDA:49,0,1,0
BRDA:57,1,0,0
BRDA:57,1,1,0
BRDA:63,2,0,0
BRDA:63,2,1,0
BRDA:96,3,0,0
BRDA:96,3,1,0
BRDA:101,4,0,0
BRDA:101,4,1,0
BRDA:105,5,0,0
BRDA:105,5,1,0
BRDA:106,6,0,0
BRDA:106,6,1,0
BRDA:124,7,0,0
BRDA:124,7,1,0
BRDA:129,8,0,0
BRDA:129,8,1,0
BRDA:138,9,0,0
BRDA:138,9,1,0
BRDA:143,10,0,0
BRDA:143,10,1,0
BRDA:154,11,0,0
BRDA:154,11,1,0
BRDA:171,12,0,0
BRDA:171,12,1,0
BRDA:174,13,0,0
BRDA:174,13,1,0
BRDA:175,14,0,0
BRDA:175,14,1,0
BRDA:177,15,0,0
BRDA:177,15,1,0
BRDA:199,16,0,0
BRDA:199,16,1,0
BRDA:228,17,0,0
BRDA:228,17,1,0
BRDA:231,18,0,0
BRDA:231,18,1,0
BRDA:236,19,0,0
BRDA:236,19,1,0
BRDA:239,20,0,0
BRDA:239,20,1,0
BRDA:244,21,0,0
BRDA:244,21,1,0
BRDA:247,22,0,0
BRDA:247,22,1,0
BRDA:248,23,0,0
BRDA:248,23,1,0
BRDA:249,24,0,0
BRDA:249,24,1,0
BRDA:260,25,0,0
BRDA:260,25,1,0
BRDA:262,26,0,0
BRDA:262,26,1,0
BRDA:265,27,0,0
BRDA:265,27,1,0
BRDA:277,28,0,0
BRDA:277,28,1,0
BRDA:277,29,0,0
BRDA:277,29,1,0
BRDA:279,30,0,0
BRDA:279,30,1,0
BRDA:281,31,0,0
BRDA:281,31,1,0
BRDA:289,32,0,0
BRDA:289,32,1,0
BRDA:313,33,0,0
BRDA:313,33,1,0
BRDA:314,34,0,0
BRDA:314,34,1,0
BRDA:318,35,0,0
BRDA:318,35,1,0
BRDA:322,36,0,0
BRDA:322,36,1,0
BRF:74
BRH:0
end_of_record
TN:
SF:app/(tabs)/home.tsx
FN:25,HomeScreen
FN:45,(anonymous_1)
FN:47,(anonymous_2)
FN:51,(anonymous_3)
FN:54,(anonymous_4)
FN:62,(anonymous_5)
FN:63,(anonymous_6)
FN:88,(anonymous_7)
FN:89,(anonymous_8)
FN:99,(anonymous_9)
FN:105,(anonymous_10)
FN:110,(anonymous_11)
FN:165,(anonymous_12)
FN:170,(anonymous_13)
FN:269,(anonymous_14)
FN:274,(anonymous_15)
FN:292,(anonymous_16)
FN:297,(anonymous_17)
FN:387,(anonymous_18)
FN:414,(anonymous_19)
FN:436,(anonymous_20)
FN:455,(anonymous_21)
FN:468,(anonymous_22)
FN:472,(anonymous_23)
FNF:24
FNH:0
FNDA:0,HomeScreen
FNDA:0,(anonymous_1)
FNDA:0,(anonymous_2)
FNDA:0,(anonymous_3)
FNDA:0,(anonymous_4)
FNDA:0,(anonymous_5)
FNDA:0,(anonymous_6)
FNDA:0,(anonymous_7)
FNDA:0,(anonymous_8)
FNDA:0,(anonymous_9)
FNDA:0,(anonymous_10)
FNDA:0,(anonymous_11)
FNDA:0,(anonymous_12)
FNDA:0,(anonymous_13)
FNDA:0,(anonymous_14)
FNDA:0,(anonymous_15)
FNDA:0,(anonymous_16)
FNDA:0,(anonymous_17)
FNDA:0,(anonymous_18)
FNDA:0,(anonymous_19)
FNDA:0,(anonymous_20)
FNDA:0,(anonymous_21)
FNDA:0,(anonymous_22)
FNDA:0,(anonymous_23)
DA:26,0
DA:27,0
DA:28,0
DA:30,0
DA:33,0
DA:34,0
DA:35,0
DA:36,0
DA:38,0
DA:39,0
DA:40,0
DA:41,0
DA:42,0
DA:43,0
DA:45,0
DA:47,0
DA:48,0
DA:51,0
DA:54,0
DA:55,0
DA:56,0
DA:57,0
DA:62,0
DA:63,0
DA:64,0
DA:66,0
DA:67,0
DA:70,0
DA:71,0
DA:72,0
DA:73,0
DA:75,0
DA:78,0
DA:82,0
DA:83,0
DA:88,0
DA:89,0
DA:90,0
DA:94,0
DA:98,0
DA:100,0
DA:101,0
DA:105,0
DA:106,0
DA:107,0
DA:110,0
DA:112,0
DA:116,0
DA:117,0
DA:121,0
DA:124,0
DA:125,0
DA:126,0
DA:127,0
DA:130,0
DA:133,0
DA:151,0
DA:152,0
DA:154,0
DA:158,0
DA:160,0
DA:161,0
DA:165,0
DA:166,0
DA:167,0
DA:170,0
DA:172,0
DA:175,0
DA:176,0
DA:177,0
DA:178,0
DA:181,0
DA:183,0
DA:189,0
DA:190,0
DA:191,0
DA:194,0
DA:196,0
DA:198,0
DA:216,0
DA:217,0
DA:218,0
DA:221,0
DA:239,0
DA:240,0
DA:241,0
DA:245,0
DA:246,0
DA:250,0
DA:251,0
DA:252,0
DA:255,0
DA:262,0
DA:263,0
DA:269,0
DA:275,0
DA:276,0
DA:285,0
DA:286,0
DA:292,0
DA:298,0
DA:299,0
DA:308,0
DA:387,0
DA:415,0
DA:416,0
DA:417,0
DA:418,0
DA:420,0
DA:437,0
DA:455,0
DA:469,0
DA:470,0
DA:473,0
DA:480,0
LF:115
LH:0
BRDA:34,0,0,0
BRDA:34,0,1,0
BRDA:55,1,0,0
BRDA:55,1,1,0
BRDA:66,2,0,0
BRDA:66,2,1,0
BRDA:70,3,0,0
BRDA:70,3,1,0
BRDA:82,4,0,0
BRDA:82,4,1,0
BRDA:106,5,0,0
BRDA:106,5,1,0
BRDA:106,6,0,0
BRDA:106,6,1,0
BRDA:116,7,0,0
BRDA:116,7,1,0
BRDA:130,8,0,0
BRDA:130,8,1,0
BRDA:130,8,2,0
BRDA:140,9,0,0
BRDA:140,9,1,0
BRDA:154,10,0,0
BRDA:154,10,1,0
BRDA:166,11,0,0
BRDA:166,11,1,0
BRDA:166,12,0,0
BRDA:166,12,1,0
BRDA:181,13,0,0
BRDA:181,13,1,0
BRDA:194,14,0,0
BRDA:194,14,1,0
BRDA:194,14,2,0
BRDA:196,15,0,0
BRDA:196,15,1,0
BRDA:203,16,0,0
BRDA:203,16,1,0
BRDA:205,17,0,0
BRDA:205,17,1,0
BRDA:258,18,0,0
BRDA:258,18,1,0
BRDA:259,19,0,0
BRDA:259,19,1,0
BRDA:262,20,0,0
BRDA:262,20,1,0
BRDA:264,21,0,0
BRDA:264,21,1,0
BRDA:285,22,0,0
BRDA:285,22,1,0
BRDA:287,23,0,0
BRDA:287,23,1,0
BRDA:309,24,0,0
BRDA:309,24,1,0
BRDA:312,25,0,0
BRDA:312,25,1,0
BRDA:313,26,0,0
BRDA:313,26,1,0
BRDA:321,27,0,0
BRDA:321,27,1,0
BRDA:325,28,0,0
BRDA:325,28,1,0
BRDA:327,29,0,0
BRDA:327,29,1,0
BRDA:336,30,0,0
BRDA:336,30,1,0
BRDA:348,31,0,0
BRDA:348,31,1,0
BRDA:355,32,0,0
BRDA:355,32,1,0
BRDA:357,33,0,0
BRDA:357,33,1,0
BRDA:370,34,0,0
BRDA:370,34,1,0
BRDA:371,35,0,0
BRDA:371,35,1,0
BRDA:377,36,0,0
BRDA:377,36,1,0
BRDA:380,37,0,0
BRDA:380,37,1,0
BRDA:386,38,0,0
BRDA:386,38,1,0
BRDA:389,39,0,0
BRDA:389,39,1,0
BRDA:395,40,0,0
BRDA:395,40,1,0
BRDA:398,41,0,0
BRDA:398,41,1,0
BRDA:406,42,0,0
BRDA:406,42,1,0
BRDA:407,43,0,0
BRDA:407,43,1,0
BRDA:408,44,0,0
BRDA:408,44,1,0
BRDA:430,45,0,0
BRDA:430,45,1,0
BRDA:431,46,0,0
BRDA:431,46,1,0
BRDA:432,47,0,0
BRDA:432,47,1,0
BRDA:438,48,0,0
BRDA:438,48,1,0
BRDA:444,49,0,0
BRDA:444,49,1,0
BRDA:447,50,0,0
BRDA:447,50,1,0
BRF:104
BRH:0
end_of_record
TN:
SF:app/(tabs)/log.tsx
FN:21,LogScreen
FN:32,(anonymous_1)
FN:36,(anonymous_2)
FN:42,(anonymous_3)
FN:46,(anonymous_4)
FN:56,(anonymous_5)
FN:65,(anonymous_6)
FN:74,(anonymous_7)
FN:80,(anonymous_8)
FN:84,(anonymous_9)
FN:97,(anonymous_10)
FN:99,(anonymous_11)
FN:105,(anonymous_12)
FN:110,(anonymous_13)
FN:114,(anonymous_14)
FN:127,(anonymous_15)
FN:145,(anonymous_16)
FN:150,(anonymous_17)
FN:157,(anonymous_18)
FN:159,(anonymous_19)
FN:162,(anonymous_20)
FN:165,(anonymous_21)
FN:166,(anonymous_22)
FN:167,(anonymous_23)
FN:174,(anonymous_24)
FN:181,(anonymous_25)
FN:188,(anonymous_26)
FN:189,(anonymous_27)
FN:190,(anonymous_28)
FN:194,(anonymous_29)
FN:200,(anonymous_30)
FN:208,(anonymous_31)
FN:296,(anonymous_32)
FN:356,(anonymous_33)
FNF:34
FNH:0
FNDA:0,LogScreen
FNDA:0,(anonymous_1)
FNDA:0,(anonymous_2)
FNDA:0,(anonymous_3)
FNDA:0,(anonymous_4)
FNDA:0,(anonymous_5)
FNDA:0,(anonymous_6)
FNDA:0,(anonymous_7)
FNDA:0,(anonymous_8)
FNDA:0,(anonymous_9)
FNDA:0,(anonymous_10)
FNDA:0,(anonymous_11)
FNDA:0,(anonymous_12)
FNDA:0,(anonymous_13)
FNDA:0,(anonymous_14)
FNDA:0,(anonymous_15)
FNDA:0,(anonymous_16)
FNDA:0,(anonymous_17)
FNDA:0,(anonymous_18)
FNDA:0,(anonymous_19)
FNDA:0,(anonymous_20)
FNDA:0,(anonymous_21)
FNDA:0,(anonymous_22)
FNDA:0,(anonymous_23)
FNDA:0,(anonymous_24)
FNDA:0,(anonymous_25)
FNDA:0,(anonymous_26)
FNDA:0,(anonymous_27)
FNDA:0,(anonymous_28)
FNDA:0,(anonymous_29)
FNDA:0,(anonymous_30)
FNDA:0,(anonymous_31)
FNDA:0,(anonymous_32)
FNDA:0,(anonymous_33)
DA:22,0
DA:23,0
DA:24,0
DA:26,0
DA:27,0
DA:28,0
DA:29,0
DA:30,0
DA:32,0
DA:33,0
DA:36,0
DA:37,0
DA:38,0
DA:39,0
DA:42,0
DA:43,0
DA:46,0
DA:47,0
DA:48,0
DA:56,0
DA:61,0
DA:65,0
DA:66,0
DA:74,0
DA:80,0
DA:81,0
DA:84,0
DA:85,0
DA:86,0
DA:87,0
DA:92,0
DA:94,0
DA:97,0
DA:98,0
DA:99,0
DA:101,0
DA:105,0
DA:106,0
DA:107,0
DA:108,0
DA:110,0
DA:114,0
DA:115,0
DA:116,0
DA:117,0
DA:120,0
DA:128,0
DA:130,0
DA:131,0
DA:132,0
DA:135,0
DA:137,0
DA:145,0
DA:146,0
DA:147,0
DA:150,0
DA:151,0
DA:153,0
DA:154,0
DA:157,0
DA:158,0
DA:159,0
DA:162,0
DA:163,0
DA:165,0
DA:166,0
DA:167,0
DA:171,0
DA:172,0
DA:174,0
DA:175,0
DA:176,0
DA:178,0
DA:182,0
DA:183,0
DA:185,0
DA:188,0
DA:189,0
DA:190,0
DA:194,0
DA:200,0
DA:201,0
DA:208,0
DA:223,0
DA:224,0
DA:235,0
DA:296,0
DA:356,0
DA:374,0
LF:89
LH:0
BRDA:47,0,0,0
BRDA:47,0,1,0
BRDA:86,1,0,0
BRDA:86,1,1,0
BRDA:98,2,0,0
BRDA:98,2,1,0
BRDA:107,3,0,0
BRDA:107,3,1,0
BRDA:115,4,0,0
BRDA:115,4,1,0
BRDA:122,5,0,0
BRDA:122,5,1,0
BRDA:158,6,0,0
BRDA:158,6,1,0
BRDA:182,7,0,0
BRDA:182,7,1,0
BRDA:182,8,0,0
BRDA:182,8,1,0
BRDA:193,9,0,0
BRDA:193,9,1,0
BRDA:204,10,0,0
BRDA:204,10,1,0
BRDA:205,11,0,0
BRDA:205,11,1,0
BRDA:206,12,0,0
BRDA:206,12,1,0
BRDA:206,12,2,0
BRDA:213,13,0,0
BRDA:213,13,1,0
BRDA:214,14,0,0
BRDA:214,14,1,0
BRDA:215,15,0,0
BRDA:215,15,1,0
BRDA:215,15,2,0
BRDA:223,16,0,0
BRDA:223,16,1,0
BRDA:236,17,0,0
BRDA:236,17,1,0
BRDA:238,18,0,0
BRDA:238,18,1,0
BRDA:248,19,0,0
BRDA:248,19,1,0
BRDA:249,20,0,0
BRDA:249,20,1,0
BRDA:251,21,0,0
BRDA:251,21,1,0
BRDA:254,22,0,0
BRDA:254,22,1,0
BRDA:255,23,0,0
BRDA:255,23,1,0
BRDA:259,24,0,0
BRDA:259,24,1,0
BRDA:269,25,0,0
BRDA:269,25,1,0
BRDA:269,25,2,0
BRDA:270,26,0,0
BRDA:270,26,1,0
BRDA:271,27,0,0
BRDA:271,27,1,0
BRDA:273,28,0,0
BRDA:273,28,1,0
BRDA:276,29,0,0
BRDA:276,29,1,0
BRDA:282,30,0,0
BRDA:282,30,1,0
BRDA:285,31,0,0
BRDA:285,31,1,0
BRDA:292,32,0,0
BRDA:292,32,1,0
BRDA:295,33,0,0
BRDA:295,33,1,0
BRDA:299,34,0,0
BRDA:299,34,1,0
BRDA:303,35,0,0
BRDA:303,35,1,0
BRDA:310,36,0,0
BRDA:310,36,1,0
BRDA:322,37,0,0
BRDA:322,37,1,0
BRDA:326,38,0,0
BRDA:326,38,1,0
BRF:81
BRH:0
end_of_record
TN:
SF:app/(tabs)/profile.tsx
FN:21,ProfileScreen
FN:34,(anonymous_1)
FN:38,(anonymous_2)
FN:46,(anonymous_3)
FN:108,(anonymous_4)
FN:115,(anonymous_5)
FN:120,(anonymous_6)
FN:123,(anonymous_7)
FN:124,(anonymous_8)
FN:134,(anonymous_9)
FN:135,(anonymous_10)
FN:138,(anonymous_11)
FN:140,(anonymous_12)
FN:142,(anonymous_13)
FN:146,(anonymous_14)
FN:147,(anonymous_15)
FN:153,(anonymous_16)
FN:159,(anonymous_17)
FN:170,(anonymous_18)
FN:188,(anonymous_19)
FN:202,(anonymous_20)
FN:268,(anonymous_21)
FN:272,(anonymous_22)
FN:319,(anonymous_23)
FN:320,(anonymous_24)
FN:345,(anonymous_25)
FN:379,(anonymous_26)
FN:403,(anonymous_27)
FN:429,(anonymous_28)
FN:448,(anonymous_29)
FN:501,(anonymous_30)
FN:507,(anonymous_31)
FNF:32
FNH:0
FNDA:0,ProfileScreen
FNDA:0,(anonymous_1)
FNDA:0,(anonymous_2)
FNDA:0,(anonymous_3)
FNDA:0,(anonymous_4)
FNDA:0,(anonymous_5)
FNDA:0,(anonymous_6)
FNDA:0,(anonymous_7)
FNDA:0,(anonymous_8)
FNDA:0,(anonymous_9)
FNDA:0,(anonymous_10)
FNDA:0,(anonymous_11)
FNDA:0,(anonymous_12)
FNDA:0,(anonymous_13)
FNDA:0,(anonymous_14)
FNDA:0,(anonymous_15)
FNDA:0,(anonymous_16)
FNDA:0,(anonymous_17)
FNDA:0,(anonymous_18)
FNDA:0,(anonymous_19)
FNDA:0,(anonymous_20)
FNDA:0,(anonymous_21)
FNDA:0,(anonymous_22)
FNDA:0,(anonymous_23)
FNDA:0,(anonymous_24)
FNDA:0,(anonymous_25)
FNDA:0,(anonymous_26)
FNDA:0,(anonymous_27)
FNDA:0,(anonymous_28)
FNDA:0,(anonymous_29)
FNDA:0,(anonymous_30)
FNDA:0,(anonymous_31)
DA:22,0
DA:23,0
DA:24,0
DA:26,0
DA:27,0
DA:28,0
DA:29,0
DA:30,0
DA:31,0
DA:32,0
DA:34,0
DA:35,0
DA:38,0
DA:39,0
DA:40,0
DA:41,0
DA:42,0
DA:46,0
DA:47,0
DA:48,0
DA:49,0
DA:53,0
DA:54,0
DA:55,0
DA:59,0
DA:60,0
DA:61,0
DA:62,0
DA:65,0
DA:86,0
DA:91,0
DA:97,0
DA:98,0
DA:99,0
DA:100,0
DA:101,0
DA:103,0
DA:104,0
DA:108,0
DA:109,0
DA:110,0
DA:112,0
DA:115,0
DA:116,0
DA:117,0
DA:118,0
DA:120,0
DA:123,0
DA:124,0
DA:125,0
DA:127,0
DA:128,0
DA:130,0
DA:134,0
DA:135,0
DA:138,0
DA:139,0
DA:140,0
DA:142,0
DA:143,0
DA:146,0
DA:147,0
DA:150,0
DA:151,0
DA:152,0
DA:153,0
DA:157,0
DA:158,0
DA:159,0
DA:165,0
DA:170,0
DA:176,0
DA:188,0
DA:196,0
DA:197,0
DA:202,0
DA:208,0
DA:269,0
DA:271,0
DA:272,0
DA:320,0
DA:321,0
DA:345,0
DA:380,0
DA:381,0
DA:404,0
DA:405,0
DA:430,0
DA:431,0
DA:448,0
DA:501,0
DA:507,0
DA:519,0
LF:93
LH:0
BRDA:39,0,0,0
BRDA:39,0,1,0
BRDA:41,1,0,0
BRDA:41,1,1,0
BRDA:42,2,0,0
BRDA:42,2,1,0
BRDA:47,3,0,0
BRDA:47,3,1,0
BRDA:47,4,0,0
BRDA:47,4,1,0
BRDA:47,4,2,0
BRDA:53,5,0,0
BRDA:53,5,1,0
BRDA:53,6,0,0
BRDA:53,6,1,0
BRDA:60,7,0,0
BRDA:60,7,1,0
BRDA:60,8,0,0
BRDA:60,8,1,0
BRDA:66,9,0,0
BRDA:66,9,1,0
BRDA:67,10,0,0
BRDA:67,10,1,0
BRDA:68,11,0,0
BRDA:68,11,1,0
BRDA:69,12,0,0
BRDA:69,12,1,0
BRDA:70,13,0,0
BRDA:70,13,1,0
BRDA:71,14,0,0
BRDA:71,14,1,0
BRDA:72,15,0,0
BRDA:72,15,1,0
BRDA:73,16,0,0
BRDA:73,16,1,0
BRDA:74,17,0,0
BRDA:74,17,1,0
BRDA:75,18,0,0
BRDA:75,18,1,0
BRDA:76,19,0,0
BRDA:76,19,1,0
BRDA:77,20,0,0
BRDA:77,20,1,0
BRDA:80,21,0,0
BRDA:80,21,1,0
BRDA:81,22,0,0
BRDA:81,22,1,0
BRDA:109,23,0,0
BRDA:109,23,1,0
BRDA:117,24,0,0
BRDA:117,24,1,0
BRDA:127,25,0,0
BRDA:127,25,1,0
BRDA:150,26,0,0
BRDA:150,26,1,0
BRDA:150,27,0,0
BRDA:150,27,1,0
BRDA:152,28,0,0
BRDA:152,28,1,0
BRDA:158,29,0,0
BRDA:158,29,1,0
BRDA:174,30,0,0
BRDA:177,31,0,0
BRDA:177,31,1,0
BRDA:178,32,0,0
BRDA:178,32,1,0
BRDA:178,33,0,0
BRDA:178,33,1,0
BRDA:183,34,0,0
BRDA:183,34,1,0
BRDA:184,35,0,0
BRDA:184,35,1,0
BRDA:185,36,0,0
BRDA:185,36,1,0
BRDA:185,36,2,0
BRDA:187,37,0,0
BRDA:187,37,1,0
BRDA:190,38,0,0
BRDA:190,38,1,0
BRDA:196,39,0,0
BRDA:196,39,1,0
BRDA:196,40,0,0
BRDA:196,40,1,0
BRDA:209,41,0,0
BRDA:209,41,1,0
BRDA:212,42,0,0
BRDA:212,42,1,0
BRDA:213,43,0,0
BRDA:213,43,1,0
BRDA:216,44,0,0
BRDA:216,44,1,0
BRDA:217,45,0,0
BRDA:217,45,1,0
BRDA:222,46,0,0
BRDA:222,46,1,0
BRDA:223,47,0,0
BRDA:223,47,1,0
BRDA:228,48,0,0
BRDA:228,48,1,0
BRDA:229,49,0,0
BRDA:229,49,1,0
BRDA:234,50,0,0
BRDA:234,50,1,0
BRDA:235,51,0,0
BRDA:235,51,1,0
BRDA:236,52,0,0
BRDA:236,52,1,0
BRDA:236,52,2,0
BRDA:238,53,0,0
BRDA:238,53,1,0
BRDA:241,54,0,0
BRDA:241,54,1,0
BRDA:249,55,0,0
BRDA:249,55,1,0
BRDA:250,56,0,0
BRDA:250,56,1,0
BRDA:254,57,0,0
BRDA:254,57,1,0
BRDA:255,58,0,0
BRDA:255,58,1,0
BRDA:256,59,0,0
BRDA:256,59,1,0
BRDA:256,59,2,0
BRDA:260,60,0,0
BRDA:260,60,1,0
BRDA:261,61,0,0
BRDA:261,61,1,0
BRDA:262,62,0,0
BRDA:262,62,1,0
BRDA:262,62,2,0
BRDA:264,63,0,0
BRDA:264,63,1,0
BRDA:271,64,0,0
BRDA:271,64,1,0
BRDA:276,65,0,0
BRDA:276,65,1,0
BRDA:284,66,0,0
BRDA:284,66,1,0
BRDA:291,67,0,0
BRDA:291,67,1,0
BRDA:292,68,0,0
BRDA:292,68,1,0
BRDA:297,69,0,0
BRDA:297,69,1,0
BRDA:298,70,0,0
BRDA:298,70,1,0
BRDA:310,71,0,0
BRDA:310,71,1,0
BRDA:311,72,0,0
BRDA:311,72,1,0
BRDA:314,73,0,0
BRDA:314,73,1,0
BRDA:316,74,0,0
BRDA:316,74,1,0
BRDA:318,75,0,0
BRDA:318,75,1,0
BRDA:319,76,0,0
BRDA:319,76,1,0
BRDA:321,77,0,0
BRDA:321,77,1,0
BRDA:327,78,0,0
BRDA:327,78,1,0
BRDA:328,79,0,0
BRDA:328,79,1,0
BRDA:329,80,0,0
BRDA:329,80,1,0
BRDA:329,80,2,0
BRDA:329,80,3,0
BRDA:330,81,0,0
BRDA:330,81,1,0
BRDA:338,82,0,0
BRDA:338,82,1,0
BRDA:339,83,0,0
BRDA:339,83,1,0
BRDA:340,84,0,0
BRDA:340,84,1,0
BRDA:340,84,2,0
BRDA:341,85,0,0
BRDA:341,85,1,0
BRDA:341,85,2,0
BRDA:341,85,3,0
BRDA:342,86,0,0
BRDA:342,86,1,0
BRDA:342,86,2,0
BRDA:342,86,3,0
BRDA:342,86,4,0
BRDA:344,87,0,0
BRDA:344,87,1,0
BRDA:346,88,0,0
BRDA:346,88,1,0
BRDA:346,89,0,0
BRDA:346,89,1,0
BRDA:347,90,0,0
BRDA:347,90,1,0
BRDA:348,91,0,0
BRDA:348,91,1,0
BRDA:348,92,0,0
BRDA:348,92,1,0
BRDA:348,92,2,0
BRDA:355,93,0,0
BRDA:355,93,1,0
BRDA:356,94,0,0
BRDA:356,94,1,0
BRDA:358,95,0,0
BRDA:358,95,1,0
BRDA:359,96,0,0
BRDA:359,96,1,0
BRDA:366,97,0,0
BRDA:366,97,1,0
BRDA:367,98,0,0
BRDA:367,98,1,0
BRDA:372,99,0,0
BRDA:372,99,1,0
BRDA:373,100,0,0
BRDA:373,100,1,0
BRDA:374,101,0,0
BRDA:374,101,1,0
BRDA:374,101,2,0
BRDA:375,102,0,0
BRDA:375,102,1,0
BRDA:376,103,0,0
BRDA:376,103,1,0
BRDA:376,103,2,0
BRDA:378,104,0,0
BRDA:378,104,1,0
BRDA:384,105,0,0
BRDA:384,105,1,0
BRDA:390,106,0,0
BRDA:390,106,1,0
BRDA:391,107,0,0
BRDA:391,107,1,0
BRDA:396,108,0,0
BRDA:396,108,1,0
BRDA:397,109,0,0
BRDA:397,109,1,0
BRDA:398,110,0,0
BRDA:398,110,1,0
BRDA:398,110,2,0
BRDA:399,111,0,0
BRDA:399,111,1,0
BRDA:400,112,0,0
BRDA:400,112,1,0
BRDA:400,112,2,0
BRDA:402,113,0,0
BRDA:402,113,1,0
BRDA:408,114,0,0
BRDA:408,114,1,0
BRDA:416,115,0,0
BRDA:416,115,1,0
BRDA:417,116,0,0
BRDA:417,116,1,0
BRDA:422,117,0,0
BRDA:422,117,1,0
BRDA:423,118,0,0
BRDA:423,118,1,0
BRDA:424,119,0,0
BRDA:424,119,1,0
BRDA:424,119,2,0
BRDA:425,120,0,0
BRDA:425,120,1,0
BRDA:426,121,0,0
BRDA:426,121,1,0
BRDA:426,121,2,0
BRDA:428,122,0,0
BRDA:428,122,1,0
BRDA:434,123,0,0
BRDA:434,123,1,0
BRDA:441,124,0,0
BRDA:441,124,1,0
BRDA:442,125,0,0
BRDA:442,125,1,0
BRDA:447,126,0,0
BRDA:447,126,1,0
BRDA:450,127,0,0
BRDA:450,127,1,0
BRDA:453,128,0,0
BRDA:453,128,1,0
BRDA:458,129,0,0
BRDA:458,129,1,0
BRDA:459,130,0,0
BRDA:459,130,1,0
BRDA:466,131,0,0
BRDA:466,131,1,0
BRDA:470,132,0,0
BRDA:470,132,1,0
BRDA:471,133,0,0
BRDA:471,133,1,0
BRDA:474,134,0,0
BRDA:474,134,1,0
BRDA:482,135,0,0
BRDA:482,135,1,0
BRDA:485,136,0,0
BRDA:485,136,1,0
BRDA:488,137,0,0
BRDA:488,137,1,0
BRDA:491,138,0,0
BRDA:491,138,1,0
BRDA:500,139,0,0
BRDA:500,139,1,0
BRDA:506,140,0,0
BRDA:506,140,1,0
BRF:301
BRH:0
end_of_record
TN:
SF:app/(tabs)/shifts.tsx
FN:18,ShiftsScreen
FN:26,(anonymous_1)
FN:31,(anonymous_2)
FN:37,(anonymous_3)
FN:42,(anonymous_4)
FN:52,(anonymous_5)
FN:66,(anonymous_6)
FN:75,(anonymous_7)
FN:106,(anonymous_8)
FN:121,(anonymous_9)
FN:123,(anonymous_10)
FN:129,(anonymous_11)
FN:137,(anonymous_12)
FN:139,(anonymous_13)
FN:150,(anonymous_14)
FN:154,(anonymous_15)
FN:155,(anonymous_16)
FN:159,(anonymous_17)
FN:166,(anonymous_18)
FN:167,(anonymous_19)
FN:168,(anonymous_20)
FN:177,(anonymous_21)
FN:188,(anonymous_22)
FN:218,(anonymous_23)
FNF:24
FNH:0
FNDA:0,ShiftsScreen
FNDA:0,(anonymous_1)
FNDA:0,(anonymous_2)
FNDA:0,(anonymous_3)
FNDA:0,(anonymous_4)
FNDA:0,(anonymous_5)
FNDA:0,(anonymous_6)
FNDA:0,(anonymous_7)
FNDA:0,(anonymous_8)
FNDA:0,(anonymous_9)
FNDA:0,(anonymous_10)
FNDA:0,(anonymous_11)
FNDA:0,(anonymous_12)
FNDA:0,(anonymous_13)
FNDA:0,(anonymous_14)
FNDA:0,(anonymous_15)
FNDA:0,(anonymous_16)
FNDA:0,(anonymous_17)
FNDA:0,(anonymous_18)
FNDA:0,(anonymous_19)
FNDA:0,(anonymous_20)
FNDA:0,(anonymous_21)
FNDA:0,(anonymous_22)
FNDA:0,(anonymous_23)
DA:19,0
DA:20,0
DA:21,0
DA:23,0
DA:24,0
DA:26,0
DA:27,0
DA:28,0
DA:31,0
DA:32,0
DA:33,0
DA:34,0
DA:37,0
DA:38,0
DA:39,0
DA:42,0
DA:43,0
DA:49,0
DA:52,0
DA:53,0
DA:58,0
DA:67,0
DA:68,0
DA:75,0
DA:76,0
DA:77,0
DA:80,0
DA:81,0
DA:82,0
DA:84,0
DA:85,0
DA:88,0
DA:90,0
DA:91,0
DA:92,0
DA:93,0
DA:95,0
DA:96,0
DA:103,0
DA:106,0
DA:107,0
DA:108,0
DA:111,0
DA:112,0
DA:115,0
DA:116,0
DA:118,0
DA:121,0
DA:122,0
DA:123,0
DA:124,0
DA:129,0
DA:131,0
DA:132,0
DA:133,0
DA:137,0
DA:138,0
DA:139,0
DA:140,0
DA:144,0
DA:145,0
DA:148,0
DA:149,0
DA:150,0
DA:154,0
DA:155,0
DA:157,0
DA:159,0
DA:160,0
DA:161,0
DA:163,0
DA:166,0
DA:167,0
DA:168,0
DA:177,0
DA:178,0
DA:180,0
DA:188,0
DA:202,0
DA:203,0
DA:214,0
DA:218,0
DA:250,0
LF:83
LH:0
BRDA:84,0,0,0
BRDA:84,0,1,0
BRDA:88,1,0,0
BRDA:88,1,1,0
BRDA:88,2,0,0
BRDA:88,2,1,0
BRDA:88,2,2,0
BRDA:90,3,0,0
BRDA:90,3,1,0
BRDA:90,4,0,0
BRDA:90,4,1,0
BRDA:92,5,0,0
BRDA:92,5,1,0
BRDA:95,6,0,0
BRDA:95,6,1,0
BRDA:118,7,0,0
BRDA:118,7,1,0
BRDA:124,8,0,0
BRDA:124,8,1,0
BRDA:124,8,2,0
BRDA:131,9,0,0
BRDA:131,9,1,0
BRDA:132,10,0,0
BRDA:132,10,1,0
BRDA:140,11,0,0
BRDA:140,11,1,0
BRDA:154,12,0,0
BRDA:154,12,1,0
BRDA:157,13,0,0
BRDA:157,13,1,0
BRDA:178,14,0,0
BRDA:178,14,1,0
BRDA:182,15,0,0
BRDA:182,15,1,0
BRDA:192,16,0,0
BRDA:192,16,1,0
BRDA:202,17,0,0
BRDA:202,17,1,0
BRDA:215,18,0,0
BRDA:215,18,1,0
BRF:40
BRH:0
end_of_record
TN:
SF:app/export/preview.tsx
FN:24,ExportPreviewScreen
FN:39,(anonymous_1)
FN:43,(anonymous_2)
FN:77,(anonymous_3)
FN:101,(anonymous_4)
FN:109,(anonymous_5)
FN:129,(anonymous_6)
FN:142,(anonymous_7)
FN:185,(anonymous_8)
FN:189,(anonymous_9)
FN:241,(anonymous_10)
FN:286,(anonymous_11)
FNF:12
FNH:0
FNDA:0,ExportPreviewScreen
FNDA:0,(anonymous_1)
FNDA:0,(anonymous_2)
FNDA:0,(anonymous_3)
FNDA:0,(anonymous_4)
FNDA:0,(anonymous_5)
FNDA:0,(anonymous_6)
FNDA:0,(anonymous_7)
FNDA:0,(anonymous_8)
FNDA:0,(anonymous_9)
FNDA:0,(anonymous_10)
FNDA:0,(anonymous_11)
DA:25,0
DA:26,0
DA:27,0
DA:29,0
DA:30,0
DA:32,0
DA:33,0
DA:34,0
DA:35,0
DA:36,0
DA:37,0
DA:39,0
DA:40,0
DA:43,0
DA:44,0
DA:45,0
DA:46,0
DA:49,0
DA:50,0
DA:51,0
DA:52,0
DA:56,0
DA:57,0
DA:58,0
DA:59,0
DA:62,0
DA:63,0
DA:65,0
DA:67,0
DA:70,0
DA:73,0
DA:75,0
DA:77,0
DA:78,0
DA:79,0
DA:82,0
DA:83,0
DA:84,0
DA:85,0
DA:87,0
DA:88,0
DA:89,0
DA:92,0
DA:94,0
DA:95,0
DA:97,0
DA:101,0
DA:102,0
DA:104,0
DA:105,0
DA:109,0
DA:110,0
DA:112,0
DA:113,0
DA:114,0
DA:119,0
DA:122,0
DA:123,0
DA:129,0
DA:130,0
DA:132,0
DA:133,0
DA:134,0
DA:136,0
DA:137,0
DA:142,0
DA:143,0
DA:145,0
DA:146,0
DA:147,0
DA:149,0
DA:185,0
DA:186,0
DA:189,0
DA:205,0
DA:206,0
DA:216,0
DA:217,0
DA:236,0
DA:237,0
DA:241,0
DA:246,0
DA:286,0
DA:297,0
LF:84
LH:0
BRDA:43,0,0,0
BRDA:44,1,0,0
BRDA:44,1,1,0
BRDA:50,2,0,0
BRDA:50,2,1,0
BRDA:57,3,0,0
BRDA:57,3,1,0
BRDA:67,4,0,0
BRDA:67,4,1,0
BRDA:70,5,0,0
BRDA:70,5,1,0
BRDA:75,6,0,0
BRDA:75,6,1,0
BRDA:78,7,0,0
BRDA:78,7,1,0
BRDA:85,8,0,0
BRDA:85,8,1,0
BRDA:87,9,0,0
BRDA:87,9,1,0
BRDA:104,10,0,0
BRDA:104,10,1,0
BRDA:104,11,0,0
BRDA:104,11,1,0
BRDA:110,12,0,0
BRDA:110,12,1,0
BRDA:113,13,0,0
BRDA:113,13,1,0
BRDA:130,14,0,0
BRDA:130,14,1,0
BRDA:143,15,0,0
BRDA:143,15,1,0
BRDA:150,16,0,0
BRDA:150,16,1,0
BRDA:151,17,0,0
BRDA:151,17,1,0
BRDA:156,18,0,0
BRDA:156,18,1,0
BRDA:159,19,0,0
BRDA:159,19,1,0
BRDA:165,20,0,0
BRDA:165,20,1,0
BRDA:168,21,0,0
BRDA:168,21,1,0
BRDA:174,22,0,0
BRDA:174,22,1,0
BRDA:177,23,0,0
BRDA:177,23,1,0
BRDA:205,24,0,0
BRDA:205,24,1,0
BRDA:207,25,0,0
BRDA:207,25,1,0
BRDA:209,26,0,0
BRDA:209,26,1,0
BRDA:216,27,0,0
BRDA:216,27,1,0
BRDA:218,28,0,0
BRDA:218,28,1,0
BRDA:219,29,0,0
BRDA:219,29,1,0
BRDA:222,30,0,0
BRDA:222,30,1,0
BRDA:236,31,0,0
BRDA:236,31,1,0
BRDA:236,32,0,0
BRDA:236,32,1,0
BRDA:247,33,0,0
BRDA:247,33,1,0
BRDA:250,34,0,0
BRDA:250,34,1,0
BRDA:251,35,0,0
BRDA:251,35,1,0
BRDA:254,36,0,0
BRDA:254,36,1,0
BRDA:260,37,0,0
BRDA:260,37,1,0
BRDA:261,38,0,0
BRDA:261,38,1,0
BRDA:265,39,0,0
BRDA:265,39,1,0
BRDA:269,40,0,0
BRDA:269,40,1,0
BRDA:271,41,0,0
BRDA:271,41,1,0
BRDA:285,42,0,0
BRDA:285,42,1,0
BRDA:288,43,0,0
BRDA:288,43,1,0
BRF:87
BRH:0
end_of_record
TN:
SF:app/export/view.tsx
FN:22,PDFViewerScreen
FN:36,(anonymous_1)
FN:38,(anonymous_2)
FN:46,(anonymous_3)
FN:59,(anonymous_4)
FN:83,(anonymous_5)
FN:107,(anonymous_6)
FN:142,(anonymous_7)
FN:173,(anonymous_8)
FN:191,(anonymous_9)
FN:278,(anonymous_10)
FN:314,(anonymous_11)
FNF:12
FNH:0
FNDA:0,PDFViewerScreen
FNDA:0,(anonymous_1)
FNDA:0,(anonymous_2)
FNDA:0,(anonymous_3)
FNDA:0,(anonymous_4)
FNDA:0,(anonymous_5)
FNDA:0,(anonymous_6)
FNDA:0,(anonymous_7)
FNDA:0,(anonymous_8)
FNDA:0,(anonymous_9)
FNDA:0,(anonymous_10)
FNDA:0,(anonymous_11)
DA:23,0
DA:24,0
DA:25,0
DA:26,0
DA:28,0
DA:29,0
DA:30,0
DA:31,0
DA:32,0
DA:33,0
DA:34,0
DA:36,0
DA:37,0
DA:38,0
DA:39,0
DA:40,0
DA:41,0
DA:46,0
DA:47,0
DA:49,0
DA:51,0
DA:52,0
DA:53,0
DA:55,0
DA:59,0
DA:60,0
DA:61,0
DA:62,0
DA:65,0
DA:66,0
DA:67,0
DA:68,0
DA:73,0
DA:76,0
DA:77,0
DA:79,0
DA:83,0
DA:84,0
DA:85,0
DA:86,0
DA:89,0
DA:90,0
DA:91,0
DA:92,0
DA:97,0
DA:100,0
DA:101,0
DA:103,0
DA:107,0
DA:108,0
DA:109,0
DA:110,0
DA:113,0
DA:114,0
DA:115,0
DA:118,0
DA:119,0
DA:120,0
DA:123,0
DA:124,0
DA:125,0
DA:127,0
DA:129,0
DA:130,0
DA:132,0
DA:135,0
DA:136,0
DA:138,0
DA:142,0
DA:143,0
DA:144,0
DA:145,0
DA:146,0
DA:147,0
DA:150,0
DA:151,0
DA:161,0
DA:162,0
DA:173,0
DA:181,0
DA:182,0
DA:183,0
DA:186,0
DA:187,0
DA:191,0
DA:196,0
DA:278,0
DA:314,0
DA:325,0
LF:89
LH:0
BRDA:37,0,0,0
BRDA:37,0,1,0
BRDA:39,1,0,0
BRDA:39,1,1,0
BRDA:47,2,0,0
BRDA:47,2,1,0
BRDA:60,3,0,0
BRDA:60,3,1,0
BRDA:67,4,0,0
BRDA:67,4,1,0
BRDA:84,5,0,0
BRDA:84,5,1,0
BRDA:91,6,0,0
BRDA:91,6,1,0
BRDA:108,7,0,0
BRDA:108,7,1,0
BRDA:113,8,0,0
BRDA:113,8,1,0
BRDA:118,9,0,0
BRDA:118,9,1,0
BRDA:127,10,0,0
BRDA:127,10,1,0
BRDA:132,11,0,0
BRDA:132,11,1,0
BRDA:143,12,0,0
BRDA:143,12,1,0
BRDA:150,13,0,0
BRDA:150,13,1,0
BRDA:152,14,0,0
BRDA:152,14,1,0
BRDA:154,15,0,0
BRDA:154,15,1,0
BRDA:161,16,0,0
BRDA:161,16,1,0
BRDA:163,17,0,0
BRDA:163,17,1,0
BRDA:165,18,0,0
BRDA:165,18,1,0
BRDA:168,19,0,0
BRDA:168,19,1,0
BRDA:186,20,0,0
BRDA:186,20,1,0
BRDA:197,21,0,0
BRDA:197,21,1,0
BRDA:200,22,0,0
BRDA:200,22,1,0
BRDA:201,23,0,0
BRDA:201,23,1,0
BRDA:204,24,0,0
BRDA:204,24,1,0
BRDA:216,25,0,0
BRDA:216,25,1,0
BRDA:218,26,0,0
BRDA:218,26,1,0
BRDA:221,27,0,0
BRDA:221,27,1,0
BRDA:225,28,0,0
BRDA:225,28,1,0
BRDA:227,29,0,0
BRDA:227,29,1,0
BRDA:230,30,0,0
BRDA:230,30,1,0
BRDA:238,31,0,0
BRDA:238,31,1,0
BRDA:239,32,0,0
BRDA:239,32,1,0
BRDA:244,33,0,0
BRDA:244,33,1,0
BRDA:247,34,0,0
BRDA:247,34,1,0
BRDA:253,35,0,0
BRDA:253,35,1,0
BRDA:256,36,0,0
BRDA:256,36,1,0
BRDA:262,37,0,0
BRDA:262,37,1,0
BRDA:265,38,0,0
BRDA:265,38,1,0
BRDA:266,39,0,0
BRDA:266,39,1,0
BRDA:267,40,0,0
BRDA:267,40,1,0
BRDA:289,41,0,0
BRDA:289,41,1,0
BRDA:302,42,0,0
BRDA:302,42,1,0
BRDA:313,43,0,0
BRDA:313,43,1,0
BRDA:316,44,0,0
BRDA:316,44,1,0
BRF:90
BRH:0
end_of_record
TN:
SF:app/log/[id].tsx
FN:38,EditLogScreen
FN:67,(anonymous_1)
FN:69,(anonymous_2)
FN:93,(anonymous_3)
FN:99,(anonymous_4)
FN:106,(anonymous_5)
FN:126,(anonymous_6)
FN:139,(anonymous_7)
FN:152,(anonymous_8)
FN:166,(anonymous_9)
FN:214,(anonymous_10)
FN:221,(anonymous_11)
FN:228,(anonymous_12)
FN:244,(anonymous_13)
FN:260,(anonymous_14)
FN:264,(anonymous_15)
FN:265,(anonymous_16)
FN:285,(anonymous_17)
FN:298,(anonymous_18)
FN:310,(anonymous_19)
FN:318,(anonymous_20)
FN:338,(anonymous_21)
FN:498,(anonymous_22)
FN:507,(anonymous_23)
FN:515,(anonymous_24)
FNF:25
FNH:0
FNDA:0,EditLogScreen
FNDA:0,(anonymous_1)
FNDA:0,(anonymous_2)
FNDA:0,(anonymous_3)
FNDA:0,(anonymous_4)
FNDA:0,(anonymous_5)
FNDA:0,(anonymous_6)
FNDA:0,(anonymous_7)
FNDA:0,(anonymous_8)
FNDA:0,(anonymous_9)
FNDA:0,(anonymous_10)
FNDA:0,(anonymous_11)
FNDA:0,(anonymous_12)
FNDA:0,(anonymous_13)
FNDA:0,(anonymous_14)
FNDA:0,(anonymous_15)
FNDA:0,(anonymous_16)
FNDA:0,(anonymous_17)
FNDA:0,(anonymous_18)
FNDA:0,(anonymous_19)
FNDA:0,(anonymous_20)
FNDA:0,(anonymous_21)
FNDA:0,(anonymous_22)
FNDA:0,(anonymous_23)
FNDA:0,(anonymous_24)
DA:25,0
DA:39,0
DA:40,0
DA:41,0
DA:42,0
DA:44,0
DA:45,0
DA:46,0
DA:48,0
DA:49,0
DA:50,0
DA:51,0
DA:52,0
DA:53,0
DA:54,0
DA:55,0
DA:56,0
DA:57,0
DA:58,0
DA:59,0
DA:60,0
DA:61,0
DA:62,0
DA:63,0
DA:64,0
DA:65,0
DA:67,0
DA:68,0
DA:69,0
DA:70,0
DA:71,0
DA:73,0
DA:74,0
DA:75,0
DA:76,0
DA:77,0
DA:78,0
DA:79,0
DA:80,0
DA:81,0
DA:82,0
DA:83,0
DA:84,0
DA:85,0
DA:88,0
DA:89,0
DA:92,0
DA:93,0
DA:99,0
DA:101,0
DA:102,0
DA:106,0
DA:107,0
DA:109,0
DA:110,0
DA:111,0
DA:118,0
DA:120,0
DA:122,0
DA:126,0
DA:127,0
DA:128,0
DA:130,0
DA:131,0
DA:132,0
DA:134,0
DA:135,0
DA:139,0
DA:140,0
DA:141,0
DA:143,0
DA:144,0
DA:145,0
DA:147,0
DA:148,0
DA:152,0
DA:153,0
DA:155,0
DA:156,0
DA:157,0
DA:159,0
DA:160,0
DA:163,0
DA:166,0
DA:167,0
DA:169,0
DA:170,0
DA:171,0
DA:172,0
DA:175,0
DA:176,0
DA:177,0
DA:181,0
DA:183,0
DA:190,0
DA:207,0
DA:208,0
DA:209,0
DA:214,0
DA:217,0
DA:221,0
DA:222,0
DA:223,0
DA:228,0
DA:232,0
DA:236,0
DA:237,0
DA:244,0
DA:245,0
DA:255,0
DA:261,0
DA:265,0
DA:285,0
DA:287,0
DA:288,0
DA:291,0
DA:298,0
DA:311,0
DA:319,0
DA:320,0
DA:338,0
DA:339,0
DA:341,0
DA:379,0
DA:498,0
DA:508,0
DA:516,0
DA:517,0
DA:577,0
LF:129
LH:0
BRDA:68,0,0,0
BRDA:68,0,1,0
BRDA:70,1,0,0
BRDA:70,1,1,0
BRDA:77,2,0,0
BRDA:77,2,1,0
BRDA:78,3,0,0
BRDA:78,3,1,0
BRDA:79,4,0,0
BRDA:79,4,1,0
BRDA:80,5,0,0
BRDA:80,5,1,0
BRDA:81,6,0,0
BRDA:81,6,1,0
BRDA:83,7,0,0
BRDA:83,7,1,0
BRDA:85,8,0,0
BRDA:85,8,1,0
BRDA:88,9,0,0
BRDA:88,9,1,0
BRDA:101,10,0,0
BRDA:101,10,1,0
BRDA:101,11,0,0
BRDA:101,11,1,0
BRDA:107,12,0,0
BRDA:107,12,1,0
BRDA:107,13,0,0
BRDA:107,13,1,0
BRDA:107,13,2,0
BRDA:107,13,3,0
BRDA:130,14,0,0
BRDA:130,14,1,0
BRDA:143,15,0,0
BRDA:143,15,1,0
BRDA:155,16,0,0
BRDA:155,16,1,0
BRDA:156,17,0,0
BRDA:156,17,1,0
BRDA:157,18,0,0
BRDA:157,18,1,0
BRDA:159,19,0,0
BRDA:159,19,1,0
BRDA:159,20,0,0
BRDA:159,20,1,0
BRDA:159,20,2,0
BRDA:167,21,0,0
BRDA:167,21,1,0
BRDA:170,22,0,0
BRDA:170,22,1,0
BRDA:175,23,0,0
BRDA:175,23,1,0
BRDA:181,24,0,0
BRDA:181,24,1,0
BRDA:181,24,2,0
BRDA:195,25,0,0
BRDA:195,25,1,0
BRDA:196,26,0,0
BRDA:196,26,1,0
BRDA:197,27,0,0
BRDA:197,27,1,0
BRDA:200,28,0,0
BRDA:200,28,1,0
BRDA:202,29,0,0
BRDA:202,29,1,0
BRDA:203,30,0,0
BRDA:203,30,1,0
BRDA:211,31,0,0
BRDA:211,31,1,0
BRDA:222,32,0,0
BRDA:222,32,1,0
BRDA:236,33,0,0
BRDA:236,33,1,0
BRDA:238,34,0,0
BRDA:238,34,1,0
BRDA:239,35,0,0
BRDA:239,35,1,0
BRDA:256,36,0,0
BRDA:256,36,1,0
BRDA:257,37,0,0
BRDA:257,37,1,0
BRDA:263,38,0,0
BRDA:263,38,1,0
BRDA:271,39,0,0
BRDA:271,39,1,0
BRDA:272,40,0,0
BRDA:272,40,1,0
BRDA:276,41,0,0
BRDA:276,41,1,0
BRDA:287,42,0,0
BRDA:287,42,1,0
BRDA:292,43,0,0
BRDA:292,43,1,0
BRDA:293,44,0,0
BRDA:293,44,1,0
BRDA:297,45,0,0
BRDA:297,45,1,0
BRDA:300,46,0,0
BRDA:300,46,1,0
BRDA:303,47,0,0
BRDA:303,47,1,0
BRDA:304,48,0,0
BRDA:304,48,1,0
BRDA:308,49,0,0
BRDA:308,49,1,0
BRDA:309,50,0,0
BRDA:309,50,1,0
BRDA:315,51,0,0
BRDA:315,51,1,0
BRDA:316,52,0,0
BRDA:316,52,1,0
BRDA:325,53,0,0
BRDA:325,53,1,0
BRDA:326,54,0,0
BRDA:326,54,1,0
BRDA:339,55,0,0
BRDA:339,55,1,0
BRDA:342,56,0,0
BRDA:342,56,1,0
BRDA:343,57,0,0
BRDA:343,57,1,0
BRDA:348,58,0,0
BRDA:348,58,1,0
BRDA:351,59,0,0
BRDA:351,59,1,0
BRDA:356,60,0,0
BRDA:356,60,1,0
BRDA:356,60,2,0
BRDA:358,61,0,0
BRDA:358,61,1,0
BRDA:361,62,0,0
BRDA:361,62,1,0
BRDA:368,63,0,0
BRDA:368,63,1,0
BRDA:371,64,0,0
BRDA:371,64,1,0
BRDA:381,65,0,0
BRDA:381,65,1,0
BRDA:389,66,0,0
BRDA:389,66,1,0
BRDA:391,67,0,0
BRDA:391,67,1,0
BRDA:393,68,0,0
BRDA:393,68,1,0
BRDA:396,69,0,0
BRDA:396,69,1,0
BRDA:401,70,0,0
BRDA:401,70,1,0
BRDA:402,71,0,0
BRDA:402,71,1,0
BRDA:404,72,0,0
BRDA:404,72,1,0
BRDA:412,73,0,0
BRDA:412,73,1,0
BRDA:413,74,0,0
BRDA:413,74,1,0
BRDA:422,75,0,0
BRDA:422,75,1,0
BRDA:424,76,0,0
BRDA:424,76,1,0
BRDA:434,77,0,0
BRDA:434,77,1,0
BRDA:444,78,0,0
BRDA:444,78,1,0
BRDA:457,79,0,0
BRDA:457,79,1,0
BRDA:459,80,0,0
BRDA:459,80,1,0
BRDA:469,81,0,0
BRDA:469,81,1,0
BRDA:479,82,0,0
BRDA:479,82,1,0
BRDA:492,83,0,0
BRDA:492,83,1,0
BRDA:493,84,0,0
BRDA:493,84,1,0
BRDA:497,85,0,0
BRDA:497,85,1,0
BRDA:500,86,0,0
BRDA:500,86,1,0
BRDA:505,87,0,0
BRDA:505,87,1,0
BRDA:506,88,0,0
BRDA:506,88,1,0
BRDA:512,89,0,0
BRDA:512,89,1,0
BRDA:513,90,0,0
BRDA:513,90,1,0
BRDA:522,91,0,0
BRDA:522,91,1,0
BRDA:523,92,0,0
BRDA:523,92,1,0
BRDA:537,93,0,0
BRDA:537,93,1,0
BRDA:538,94,0,0
BRDA:538,94,1,0
BRDA:544,95,0,0
BRDA:544,95,1,0
BRDA:545,96,0,0
BRDA:545,96,1,0
BRDA:550,97,0,0
BRDA:550,97,1,0
BRDA:562,98,0,0
BRDA:562,98,1,0
BRDA:563,99,0,0
BRDA:563,99,1,0
BRDA:565,100,0,0
BRDA:565,100,1,0
BRF:207
BRH:0
end_of_record
TN:
SF:app/log/new.tsx
FN:37,NewLogScreen
FN:65,(anonymous_1)
FN:83,(anonymous_2)
FN:90,(anonymous_3)
FN:97,(anonymous_4)
FN:111,(anonymous_5)
FN:118,(anonymous_6)
FN:128,(anonymous_7)
FN:133,(anonymous_8)
FN:148,(anonymous_9)
FN:161,(anonymous_10)
FN:181,(anonymous_11)
FN:185,(anonymous_12)
FN:189,(anonymous_13)
FN:264,(anonymous_14)
FN:271,(anonymous_15)
FN:287,(anonymous_16)
FN:291,(anonymous_17)
FN:292,(anonymous_18)
FN:312,(anonymous_19)
FN:325,(anonymous_20)
FN:337,(anonymous_21)
FN:345,(anonymous_22)
FN:365,(anonymous_23)
FN:500,(anonymous_24)
FN:509,(anonymous_25)
FN:517,(anonymous_26)
FN:563,(anonymous_27)
FN:585,(anonymous_28)
FN:622,(anonymous_29)
FN:638,(anonymous_30)
FNF:31
FNH:0
FNDA:0,NewLogScreen
FNDA:0,(anonymous_1)
FNDA:0,(anonymous_2)
FNDA:0,(anonymous_3)
FNDA:0,(anonymous_4)
FNDA:0,(anonymous_5)
FNDA:0,(anonymous_6)
FNDA:0,(anonymous_7)
FNDA:0,(anonymous_8)
FNDA:0,(anonymous_9)
FNDA:0,(anonymous_10)
FNDA:0,(anonymous_11)
FNDA:0,(anonymous_12)
FNDA:0,(anonymous_13)
FNDA:0,(anonymous_14)
FNDA:0,(anonymous_15)
FNDA:0,(anonymous_16)
FNDA:0,(anonymous_17)
FNDA:0,(anonymous_18)
FNDA:0,(anonymous_19)
FNDA:0,(anonymous_20)
FNDA:0,(anonymous_21)
FNDA:0,(anonymous_22)
FNDA:0,(anonymous_23)
FNDA:0,(anonymous_24)
FNDA:0,(anonymous_25)
FNDA:0,(anonymous_26)
FNDA:0,(anonymous_27)
FNDA:0,(anonymous_28)
FNDA:0,(anonymous_29)
FNDA:0,(anonymous_30)
DA:24,0
DA:38,0
DA:39,0
DA:40,0
DA:42,0
DA:43,0
DA:44,0
DA:46,0
DA:47,0
DA:48,0
DA:49,0
DA:50,0
DA:51,0
DA:52,0
DA:53,0
DA:54,0
DA:55,0
DA:56,0
DA:57,0
DA:58,0
DA:59,0
DA:60,0
DA:61,0
DA:62,0
DA:63,0
DA:65,0
DA:67,0
DA:68,0
DA:69,0
DA:70,0
DA:71,0
DA:74,0
DA:75,0
DA:78,0
DA:79,0
DA:83,0
DA:85,0
DA:86,0
DA:90,0
DA:92,0
DA:93,0
DA:97,0
DA:100,0
DA:101,0
DA:102,0
DA:104,0
DA:107,0
DA:111,0
DA:113,0
DA:114,0
DA:118,0
DA:119,0
DA:122,0
DA:123,0
DA:125,0
DA:128,0
DA:129,0
DA:130,0
DA:133,0
DA:134,0
DA:135,0
DA:137,0
DA:138,0
DA:139,0
DA:141,0
DA:143,0
DA:144,0
DA:148,0
DA:149,0
DA:150,0
DA:152,0
DA:153,0
DA:154,0
DA:156,0
DA:157,0
DA:161,0
DA:162,0
DA:164,0
DA:165,0
DA:166,0
DA:173,0
DA:175,0
DA:177,0
DA:181,0
DA:182,0
DA:185,0
DA:186,0
DA:189,0
DA:191,0
DA:192,0
DA:193,0
DA:197,0
DA:198,0
DA:199,0
DA:203,0
DA:208,0
DA:209,0
DA:210,0
DA:211,0
DA:216,0
DA:217,0
DA:221,0
DA:224,0
DA:225,0
DA:226,0
DA:230,0
DA:232,0
DA:239,0
DA:259,0
DA:260,0
DA:261,0
DA:264,0
DA:267,0
DA:271,0
DA:272,0
DA:282,0
DA:288,0
DA:292,0
DA:312,0
DA:314,0
DA:315,0
DA:318,0
DA:325,0
DA:338,0
DA:346,0
DA:347,0
DA:365,0
DA:366,0
DA:368,0
DA:406,0
DA:500,0
DA:510,0
DA:518,0
DA:519,0
DA:563,0
DA:585,0
DA:622,0
DA:638,0
DA:653,0
LF:139
LH:0
BRDA:68,0,0,0
BRDA:68,0,1,0
BRDA:69,1,0,0
BRDA:69,1,1,0
BRDA:70,2,0,0
BRDA:70,2,1,0
BRDA:71,3,0,0
BRDA:71,3,1,0
BRDA:74,4,0,0
BRDA:74,4,1,0
BRDA:75,5,0,0
BRDA:75,5,1,0
BRDA:85,6,0,0
BRDA:85,6,1,0
BRDA:85,7,0,0
BRDA:85,7,1,0
BRDA:92,8,0,0
BRDA:92,8,1,0
BRDA:100,9,0,0
BRDA:100,9,1,0
BRDA:100,10,0,0
BRDA:100,10,1,0
BRDA:100,10,2,0
BRDA:101,11,0,0
BRDA:101,11,1,0
BRDA:113,12,0,0
BRDA:113,12,1,0
BRDA:119,13,0,0
BRDA:119,13,1,0
BRDA:119,14,0,0
BRDA:119,14,1,0
BRDA:119,14,2,0
BRDA:119,14,3,0
BRDA:137,15,0,0
BRDA:137,15,1,0
BRDA:152,16,0,0
BRDA:152,16,1,0
BRDA:162,17,0,0
BRDA:162,17,1,0
BRDA:162,18,0,0
BRDA:162,18,1,0
BRDA:162,18,2,0
BRDA:162,18,3,0
BRDA:169,19,0,0
BRDA:169,19,1,0
BRDA:170,20,0,0
BRDA:170,20,1,0
BRDA:182,21,0,0
BRDA:182,21,1,0
BRDA:182,21,2,0
BRDA:182,21,3,0
BRDA:182,21,4,0
BRDA:182,21,5,0
BRDA:186,22,0,0
BRDA:186,22,1,0
BRDA:186,22,2,0
BRDA:186,22,3,0
BRDA:186,22,4,0
BRDA:186,22,5,0
BRDA:191,23,0,0
BRDA:191,23,1,0
BRDA:197,24,0,0
BRDA:197,24,1,0
BRDA:198,25,0,0
BRDA:198,25,1,0
BRDA:208,26,0,0
BRDA:208,26,1,0
BRDA:209,27,0,0
BRDA:209,27,1,0
BRDA:209,28,0,0
BRDA:209,28,1,0
BRDA:216,29,0,0
BRDA:216,29,1,0
BRDA:224,30,0,0
BRDA:224,30,1,0
BRDA:230,31,0,0
BRDA:230,31,1,0
BRDA:230,31,2,0
BRDA:242,32,0,0
BRDA:242,32,1,0
BRDA:243,33,0,0
BRDA:243,33,1,0
BRDA:246,34,0,0
BRDA:246,34,1,0
BRDA:249,35,0,0
BRDA:249,35,1,0
BRDA:252,36,0,0
BRDA:252,36,1,0
BRDA:263,37,0,0
BRDA:263,37,1,0
BRDA:283,38,0,0
BRDA:283,38,1,0
BRDA:284,39,0,0
BRDA:284,39,1,0
BRDA:290,40,0,0
BRDA:290,40,1,0
BRDA:298,41,0,0
BRDA:298,41,1,0
BRDA:299,42,0,0
BRDA:299,42,1,0
BRDA:303,43,0,0
BRDA:303,43,1,0
BRDA:314,44,0,0
BRDA:314,44,1,0
BRDA:319,45,0,0
BRDA:319,45,1,0
BRDA:320,46,0,0
BRDA:320,46,1,0
BRDA:324,47,0,0
BRDA:324,47,1,0
BRDA:327,48,0,0
BRDA:327,48,1,0
BRDA:330,49,0,0
BRDA:330,49,1,0
BRDA:331,50,0,0
BRDA:331,50,1,0
BRDA:335,51,0,0
BRDA:335,51,1,0
BRDA:336,52,0,0
BRDA:336,52,1,0
BRDA:342,53,0,0
BRDA:342,53,1,0
BRDA:343,54,0,0
BRDA:343,54,1,0
BRDA:352,55,0,0
BRDA:352,55,1,0
BRDA:353,56,0,0
BRDA:353,56,1,0
BRDA:366,57,0,0
BRDA:366,57,1,0
BRDA:369,58,0,0
BRDA:369,58,1,0
BRDA:370,59,0,0
BRDA:370,59,1,0
BRDA:375,60,0,0
BRDA:375,60,1,0
BRDA:378,61,0,0
BRDA:378,61,1,0
BRDA:383,62,0,0
BRDA:383,62,1,0
BRDA:383,62,2,0
BRDA:385,63,0,0
BRDA:385,63,1,0
BRDA:388,64,0,0
BRDA:388,64,1,0
BRDA:395,65,0,0
BRDA:395,65,1,0
BRDA:398,66,0,0
BRDA:398,66,1,0
BRDA:408,67,0,0
BRDA:408,67,1,0
BRDA:411,68,0,0
BRDA:411,68,1,0
BRDA:412,69,0,0
BRDA:412,69,1,0
BRDA:423,70,0,0
BRDA:423,70,1,0
BRDA:425,71,0,0
BRDA:425,71,1,0
BRDA:435,72,0,0
BRDA:435,72,1,0
BRDA:445,73,0,0
BRDA:445,73,1,0
BRDA:458,74,0,0
BRDA:458,74,1,0
BRDA:460,75,0,0
BRDA:460,75,1,0
BRDA:470,76,0,0
BRDA:470,76,1,0
BRDA:480,77,0,0
BRDA:480,77,1,0
BRDA:494,78,0,0
BRDA:494,78,1,0
BRDA:495,79,0,0
BRDA:495,79,1,0
BRDA:499,80,0,0
BRDA:499,80,1,0
BRDA:502,81,0,0
BRDA:502,81,1,0
BRDA:507,82,0,0
BRDA:507,82,1,0
BRDA:508,83,0,0
BRDA:508,83,1,0
BRDA:514,84,0,0
BRDA:514,84,1,0
BRDA:515,85,0,0
BRDA:515,85,1,0
BRDA:524,86,0,0
BRDA:524,86,1,0
BRDA:525,87,0,0
BRDA:525,87,1,0
BRDA:539,88,0,0
BRDA:539,88,1,0
BRDA:540,89,0,0
BRDA:540,89,1,0
BRDA:546,90,0,0
BRDA:546,90,1,0
BRDA:547,91,0,0
BRDA:547,91,1,0
BRDA:552,92,0,0
BRDA:552,92,1,0
BRDA:560,93,0,0
BRDA:560,93,1,0
BRDA:565,94,0,0
BRDA:565,94,1,0
BRDA:568,95,0,0
BRDA:568,95,1,0
BRDA:569,96,0,0
BRDA:569,96,1,0
BRDA:573,97,0,0
BRDA:573,97,1,0
BRDA:577,98,0,0
BRDA:577,98,1,0
BRDA:580,99,0,0
BRDA:580,99,1,0
BRDA:584,100,0,0
BRDA:584,100,1,0
BRDA:587,101,0,0
BRDA:587,101,1,0
BRDA:590,102,0,0
BRDA:590,102,1,0
BRDA:591,103,0,0
BRDA:591,103,1,0
BRDA:592,104,0,0
BRDA:592,104,1,0
BRDA:592,104,2,0
BRDA:596,105,0,0
BRDA:596,105,1,0
BRDA:597,106,0,0
BRDA:597,106,1,0
BRDA:600,107,0,0
BRDA:600,107,1,0
BRDA:601,108,0,0
BRDA:601,108,1,0
BRDA:619,109,0,0
BRDA:619,109,1,0
BRDA:620,110,0,0
BRDA:620,110,1,0
BRDA:627,111,0,0
BRDA:627,111,1,0
BRDA:628,112,0,0
BRDA:628,112,1,0
BRDA:636,113,0,0
BRDA:636,113,1,0
BRDA:636,113,2,0
BRDA:636,113,3,0
BRDA:639,114,0,0
BRDA:639,114,1,0
BRDA:639,114,2,0
BRDA:643,115,0,0
BRDA:643,115,1,0
BRDA:643,115,2,0
BRDA:643,115,3,0
BRF:253
BRH:0
end_of_record
TN:
SF:app/shifts/[id].tsx
FN:41,EditShiftScreen
FN:62,(anonymous_1)
FN:64,(anonymous_2)
FN:78,(anonymous_3)
FN:84,(anonymous_4)
FN:109,(anonymous_5)
FN:156,(anonymous_6)
FN:164,(anonymous_7)
FN:213,(anonymous_8)
FN:247,(anonymous_9)
FN:259,(anonymous_10)
FN:276,(anonymous_11)
FN:284,(anonymous_12)
FN:296,(anonymous_13)
FN:302,(anonymous_14)
FN:310,(anonymous_15)
FN:327,(anonymous_16)
FN:336,(anonymous_17)
FN:344,(anonymous_18)
FN:362,(anonymous_19)
FN:371,(anonymous_20)
FN:379,(anonymous_21)
FN:399,(anonymous_22)
FN:427,(anonymous_23)
FN:434,(anonymous_24)
FN:443,(anonymous_25)
FN:451,(anonymous_26)
FN:470,(anonymous_27)
FN:498,(anonymous_28)
FN:508,(anonymous_29)
FN:514,(anonymous_30)
FN:572,(anonymous_31)
FNF:32
FNH:0
FNDA:0,EditShiftScreen
FNDA:0,(anonymous_1)
FNDA:0,(anonymous_2)
FNDA:0,(anonymous_3)
FNDA:0,(anonymous_4)
FNDA:0,(anonymous_5)
FNDA:0,(anonymous_6)
FNDA:0,(anonymous_7)
FNDA:0,(anonymous_8)
FNDA:0,(anonymous_9)
FNDA:0,(anonymous_10)
FNDA:0,(anonymous_11)
FNDA:0,(anonymous_12)
FNDA:0,(anonymous_13)
FNDA:0,(anonymous_14)
FNDA:0,(anonymous_15)
FNDA:0,(anonymous_16)
FNDA:0,(anonymous_17)
FNDA:0,(anonymous_18)
FNDA:0,(anonymous_19)
FNDA:0,(anonymous_20)
FNDA:0,(anonymous_21)
FNDA:0,(anonymous_22)
FNDA:0,(anonymous_23)
FNDA:0,(anonymous_24)
FNDA:0,(anonymous_25)
FNDA:0,(anonymous_26)
FNDA:0,(anonymous_27)
FNDA:0,(anonymous_28)
FNDA:0,(anonymous_29)
FNDA:0,(anonymous_30)
FNDA:0,(anonymous_31)
DA:20,0
DA:26,0
DA:36,0
DA:42,0
DA:43,0
DA:44,0
DA:45,0
DA:47,0
DA:49,0
DA:50,0
DA:51,0
DA:52,0
DA:53,0
DA:54,0
DA:55,0
DA:56,0
DA:57,0
DA:58,0
DA:59,0
DA:60,0
DA:62,0
DA:63,0
DA:64,0
DA:65,0
DA:66,0
DA:67,0
DA:68,0
DA:69,0
DA:70,0
DA:71,0
DA:72,0
DA:73,0
DA:74,0
DA:75,0
DA:77,0
DA:78,0
DA:84,0
DA:85,0
DA:86,0
DA:87,0
DA:91,0
DA:104,0
DA:105,0
DA:106,0
DA:109,0
DA:110,0
DA:112,0
DA:113,0
DA:125,0
DA:126,0
DA:127,0
DA:128,0
DA:131,0
DA:144,0
DA:145,0
DA:151,0
DA:152,0
DA:153,0
DA:156,0
DA:159,0
DA:160,0
DA:164,0
DA:165,0
DA:167,0
DA:168,0
DA:180,0
DA:181,0
DA:182,0
DA:183,0
DA:187,0
DA:190,0
DA:191,0
DA:196,0
DA:200,0
DA:203,0
DA:206,0
DA:214,0
DA:215,0
DA:222,0
DA:226,0
DA:229,0
DA:241,0
DA:243,0
DA:244,0
DA:247,0
DA:250,0
DA:251,0
DA:259,0
DA:260,0
DA:262,0
DA:268,0
DA:277,0
DA:278,0
DA:279,0
DA:280,0
DA:281,0
DA:284,0
DA:287,0
DA:288,0
DA:296,0
DA:297,0
DA:303,0
DA:310,0
DA:327,0
DA:328,0
DA:330,0
DA:337,0
DA:344,0
DA:362,0
DA:363,0
DA:372,0
DA:381,0
DA:399,0
DA:400,0
DA:427,0
DA:428,0
DA:434,0
DA:444,0
DA:452,0
DA:453,0
DA:470,0
DA:471,0
DA:498,0
DA:499,0
DA:509,0
DA:514,0
DA:528,0
DA:529,0
DA:536,0
DA:572,0
DA:600,0
LF:131
LH:0
BRDA:63,0,0,0
BRDA:63,0,1,0
BRDA:65,1,0,0
BRDA:65,1,1,0
BRDA:69,2,0,0
BRDA:69,2,1,0
BRDA:73,3,0,0
BRDA:73,3,1,0
BRDA:75,4,0,0
BRDA:75,4,1,0
BRDA:85,5,0,0
BRDA:85,5,1,0
BRDA:92,6,0,0
BRDA:92,6,1,0
BRDA:95,7,0,0
BRDA:95,7,1,0
BRDA:99,8,0,0
BRDA:99,8,1,0
BRDA:101,9,0,0
BRDA:101,9,1,0
BRDA:110,10,0,0
BRDA:110,10,1,0
BRDA:125,11,0,0
BRDA:125,11,1,0
BRDA:135,12,0,0
BRDA:135,12,1,0
BRDA:139,13,0,0
BRDA:139,13,1,0
BRDA:141,14,0,0
BRDA:141,14,1,0
BRDA:165,15,0,0
BRDA:165,15,1,0
BRDA:180,16,0,0
BRDA:180,16,1,0
BRDA:187,17,0,0
BRDA:187,17,1,0
BRDA:190,18,0,0
BRDA:190,18,1,0
BRDA:203,19,0,0
BRDA:203,19,1,0
BRDA:233,20,0,0
BRDA:233,20,1,0
BRDA:237,21,0,0
BRDA:237,21,1,0
BRDA:260,22,0,0
BRDA:260,22,1,0
BRDA:298,23,0,0
BRDA:298,23,1,0
BRDA:307,24,0,0
BRDA:307,24,1,0
BRDA:308,25,0,0
BRDA:308,25,1,0
BRDA:315,26,0,0
BRDA:315,26,1,0
BRDA:316,27,0,0
BRDA:316,27,1,0
BRDA:328,28,0,0
BRDA:328,28,1,0
BRDA:332,29,0,0
BRDA:332,29,1,0
BRDA:341,30,0,0
BRDA:341,30,1,0
BRDA:342,31,0,0
BRDA:342,31,1,0
BRDA:349,32,0,0
BRDA:349,32,1,0
BRDA:350,33,0,0
BRDA:350,33,1,0
BRDA:364,34,0,0
BRDA:364,34,1,0
BRDA:367,35,0,0
BRDA:367,35,1,0
BRDA:368,36,0,0
BRDA:368,36,1,0
BRDA:376,37,0,0
BRDA:376,37,1,0
BRDA:377,38,0,0
BRDA:377,38,1,0
BRDA:387,39,0,0
BRDA:387,39,1,0
BRDA:388,40,0,0
BRDA:388,40,1,0
BRDA:401,41,0,0
BRDA:401,41,1,0
BRDA:406,42,0,0
BRDA:406,42,1,0
BRDA:415,43,0,0
BRDA:415,43,1,0
BRDA:429,44,0,0
BRDA:429,44,1,0
BRDA:433,45,0,0
BRDA:433,45,1,0
BRDA:436,46,0,0
BRDA:436,46,1,0
BRDA:441,47,0,0
BRDA:441,47,1,0
BRDA:442,48,0,0
BRDA:442,48,1,0
BRDA:448,49,0,0
BRDA:448,49,1,0
BRDA:449,50,0,0
BRDA:449,50,1,0
BRDA:458,51,0,0
BRDA:458,51,1,0
BRDA:459,52,0,0
BRDA:459,52,1,0
BRDA:472,53,0,0
BRDA:472,53,1,0
BRDA:478,54,0,0
BRDA:478,54,1,0
BRDA:487,55,0,0
BRDA:487,55,1,0
BRDA:500,56,0,0
BRDA:500,56,1,0
BRDA:503,57,0,0
BRDA:503,57,1,0
BRDA:507,58,0,0
BRDA:507,58,1,0
BRDA:514,59,0,0
BRDA:514,59,1,0
BRDA:521,60,0,0
BRDA:521,60,1,0
BRDA:522,61,0,0
BRDA:522,61,1,0
BRDA:528,62,0,0
BRDA:528,62,1,0
BRDA:530,63,0,0
BRDA:530,63,1,0
BRDA:531,64,0,0
BRDA:531,64,1,0
BRDA:538,65,0,0
BRDA:538,65,1,0
BRDA:585,66,0,0
BRDA:585,66,1,0
BRDA:585,66,2,0
BRF:135
BRH:0
end_of_record
TN:
SF:app/shifts/new.tsx
FN:41,NewShiftScreen
FN:60,(anonymous_1)
FN:74,(anonymous_2)
FN:106,(anonymous_3)
FN:128,(anonymous_4)
FN:156,(anonymous_5)
FN:164,(anonymous_6)
FN:170,(anonymous_7)
FN:178,(anonymous_8)
FN:195,(anonymous_9)
FN:204,(anonymous_10)
FN:212,(anonymous_11)
FN:230,(anonymous_12)
FN:239,(anonymous_13)
FN:247,(anonymous_14)
FN:249,(anonymous_15)
FN:275,(anonymous_16)
FN:303,(anonymous_17)
FN:310,(anonymous_18)
FN:319,(anonymous_19)
FN:327,(anonymous_20)
FN:346,(anonymous_21)
FN:374,(anonymous_22)
FN:384,(anonymous_23)
FN:391,(anonymous_24)
FN:434,(anonymous_25)
FNF:26
FNH:0
FNDA:0,NewShiftScreen
FNDA:0,(anonymous_1)
FNDA:0,(anonymous_2)
FNDA:0,(anonymous_3)
FNDA:0,(anonymous_4)
FNDA:0,(anonymous_5)
FNDA:0,(anonymous_6)
FNDA:0,(anonymous_7)
FNDA:0,(anonymous_8)
FNDA:0,(anonymous_9)
FNDA:0,(anonymous_10)
FNDA:0,(anonymous_11)
FNDA:0,(anonymous_12)
FNDA:0,(anonymous_13)
FNDA:0,(anonymous_14)
FNDA:0,(anonymous_15)
FNDA:0,(anonymous_16)
FNDA:0,(anonymous_17)
FNDA:0,(anonymous_18)
FNDA:0,(anonymous_19)
FNDA:0,(anonymous_20)
FNDA:0,(anonymous_21)
FNDA:0,(anonymous_22)
FNDA:0,(anonymous_23)
FNDA:0,(anonymous_24)
FNDA:0,(anonymous_25)
DA:20,0
DA:26,0
DA:36,0
DA:42,0
DA:43,0
DA:44,0
DA:46,0
DA:48,0
DA:49,0
DA:50,0
DA:51,0
DA:52,0
DA:53,0
DA:54,0
DA:55,0
DA:56,0
DA:57,0
DA:58,0
DA:60,0
DA:62,0
DA:63,0
DA:64,0
DA:67,0
DA:68,0
DA:70,0
DA:74,0
DA:75,0
DA:76,0
DA:77,0
DA:81,0
DA:82,0
DA:95,0
DA:96,0
DA:97,0
DA:98,0
DA:102,0
DA:103,0
DA:106,0
DA:107,0
DA:108,0
DA:119,0
DA:120,0
DA:121,0
DA:122,0
DA:125,0
DA:126,0
DA:128,0
DA:129,0
DA:141,0
DA:147,0
DA:150,0
DA:151,0
DA:153,0
DA:156,0
DA:159,0
DA:160,0
DA:164,0
DA:165,0
DA:171,0
DA:178,0
DA:195,0
DA:196,0
DA:198,0
DA:205,0
DA:212,0
DA:230,0
DA:231,0
DA:240,0
DA:248,0
DA:249,0
DA:251,0
DA:275,0
DA:276,0
DA:303,0
DA:304,0
DA:310,0
DA:320,0
DA:328,0
DA:329,0
DA:346,0
DA:347,0
DA:374,0
DA:375,0
DA:386,0
DA:391,0
DA:405,0
DA:434,0
DA:452,0
LF:88
LH:0
BRDA:62,0,0,0
BRDA:62,0,1,0
BRDA:62,1,0,0
BRDA:62,1,1,0
BRDA:67,2,0,0
BRDA:67,2,1,0
BRDA:75,3,0,0
BRDA:75,3,1,0
BRDA:86,4,0,0
BRDA:86,4,1,0
BRDA:90,5,0,0
BRDA:90,5,1,0
BRDA:92,6,0,0
BRDA:92,6,1,0
BRDA:96,7,0,0
BRDA:96,7,1,0
BRDA:119,8,0,0
BRDA:119,8,1,0
BRDA:131,9,0,0
BRDA:131,9,1,0
BRDA:133,10,0,0
BRDA:133,10,1,0
BRDA:137,11,0,0
BRDA:137,11,1,0
BRDA:139,12,0,0
BRDA:139,12,1,0
BRDA:155,13,0,0
BRDA:155,13,1,0
BRDA:166,14,0,0
BRDA:166,14,1,0
BRDA:175,15,0,0
BRDA:175,15,1,0
BRDA:176,16,0,0
BRDA:176,16,1,0
BRDA:183,17,0,0
BRDA:183,17,1,0
BRDA:184,18,0,0
BRDA:184,18,1,0
BRDA:196,19,0,0
BRDA:196,19,1,0
BRDA:200,20,0,0
BRDA:200,20,1,0
BRDA:209,21,0,0
BRDA:209,21,1,0
BRDA:210,22,0,0
BRDA:210,22,1,0
BRDA:217,23,0,0
BRDA:217,23,1,0
BRDA:218,24,0,0
BRDA:218,24,1,0
BRDA:232,25,0,0
BRDA:232,25,1,0
BRDA:235,26,0,0
BRDA:235,26,1,0
BRDA:244,27,0,0
BRDA:244,27,1,0
BRDA:245,28,0,0
BRDA:245,28,1,0
BRDA:248,29,0,0
BRDA:248,29,1,0
BRDA:258,30,0,0
BRDA:258,30,1,0
BRDA:259,31,0,0
BRDA:259,31,1,0
BRDA:267,32,0,0
BRDA:267,32,1,0
BRDA:268,33,0,0
BRDA:268,33,1,0
BRDA:277,34,0,0
BRDA:277,34,1,0
BRDA:282,35,0,0
BRDA:282,35,1,0
BRDA:291,36,0,0
BRDA:291,36,1,0
BRDA:305,37,0,0
BRDA:305,37,1,0
BRDA:309,38,0,0
BRDA:309,38,1,0
BRDA:312,39,0,0
BRDA:312,39,1,0
BRDA:317,40,0,0
BRDA:317,40,1,0
BRDA:318,41,0,0
BRDA:318,41,1,0
BRDA:324,42,0,0
BRDA:324,42,1,0
BRDA:325,43,0,0
BRDA:325,43,1,0
BRDA:334,44,0,0
BRDA:334,44,1,0
BRDA:335,45,0,0
BRDA:335,45,1,0
BRDA:348,46,0,0
BRDA:348,46,1,0
BRDA:354,47,0,0
BRDA:354,47,1,0
BRDA:363,48,0,0
BRDA:363,48,1,0
BRDA:376,49,0,0
BRDA:376,49,1,0
BRDA:379,50,0,0
BRDA:379,50,1,0
BRDA:383,51,0,0
BRDA:383,51,1,0
BRDA:391,52,0,0
BRDA:391,52,1,0
BRDA:398,53,0,0
BRDA:398,53,1,0
BRDA:399,54,0,0
BRDA:399,54,1,0
BRDA:407,55,0,0
BRDA:407,55,1,0
BRF:112
BRH:0
end_of_record
TN:
SF:components/CalendarPicker.tsx
FN:17,CalendarPicker
FN:21,(anonymous_1)
FN:47,(anonymous_2)
FN:51,(anonymous_3)
FN:55,(anonymous_4)
FN:60,(anonymous_5)
FN:64,(anonymous_6)
FN:77,(anonymous_7)
FN:99,(anonymous_8)
FN:117,(anonymous_9)
FN:141,(anonymous_10)
FN:158,(anonymous_11)
FN:200,(anonymous_12)
FN:206,(anonymous_13)
FN:215,(anonymous_14)
FNF:15
FNH:0
FNDA:0,CalendarPicker
FNDA:0,(anonymous_1)
FNDA:0,(anonymous_2)
FNDA:0,(anonymous_3)
FNDA:0,(anonymous_4)
FNDA:0,(anonymous_5)
FNDA:0,(anonymous_6)
FNDA:0,(anonymous_7)
FNDA:0,(anonymous_8)
FNDA:0,(anonymous_9)
FNDA:0,(anonymous_10)
FNDA:0,(anonymous_11)
FNDA:0,(anonymous_12)
FNDA:0,(anonymous_13)
FNDA:0,(anonymous_14)
DA:18,0
DA:21,0
DA:22,0
DA:23,0
DA:24,0
DA:26,0
DA:29,0
DA:30,0
DA:31,0
DA:33,0
DA:34,0
DA:35,0
DA:37,0
DA:38,0
DA:40,0
DA:45,0
DA:47,0
DA:48,0
DA:51,0
DA:52,0
DA:55,0
DA:56,0
DA:57,0
DA:60,0
DA:61,0
DA:64,0
DA:65,0
DA:66,0
DA:69,0
DA:70,0
DA:71,0
DA:72,0
DA:73,0
DA:74,0
DA:77,0
DA:78,0
DA:80,0
DA:82,0
DA:85,0
DA:86,0
DA:87,0
DA:88,0
DA:89,0
DA:90,0
DA:92,0
DA:93,0
DA:95,0
DA:99,0
DA:100,0
DA:101,0
DA:102,0
DA:103,0
DA:105,0
DA:108,0
DA:109,0
DA:110,0
DA:112,0
DA:117,0
DA:118,0
DA:119,0
DA:120,0
DA:123,0
DA:124,0
DA:128,0
DA:129,0
DA:130,0
DA:131,0
DA:133,0
DA:141,0
DA:155,0
DA:158,0
DA:159,0
DA:160,0
DA:161,0
DA:169,0
DA:200,0
DA:206,0
DA:216,0
DA:232,0
LF:79
LH:0
BRDA:17,0,0,0
BRDA:17,1,0,0
BRDA:22,2,0,0
BRDA:22,2,1,0
BRDA:78,3,0,0
BRDA:78,3,1,0
BRDA:80,4,0,0
BRDA:80,4,1,0
BRDA:85,5,0,0
BRDA:85,5,1,0
BRDA:100,6,0,0
BRDA:100,6,1,0
BRDA:101,7,0,0
BRDA:101,7,1,0
BRDA:108,8,0,0
BRDA:108,8,1,0
BRDA:138,9,0,0
BRDA:138,9,1,0
BRDA:139,10,0,0
BRDA:139,10,1,0
BRDA:145,11,0,0
BRDA:145,11,1,0
BRDA:146,12,0,0
BRDA:146,12,1,0
BRDA:147,13,0,0
BRDA:147,13,1,0
BRDA:159,14,0,0
BRDA:159,14,1,0
BRDA:174,15,0,0
BRDA:174,15,1,0
BRDA:175,16,0,0
BRDA:175,16,1,0
BRDA:182,17,0,0
BRDA:182,17,1,0
BRDA:183,18,0,0
BRDA:183,18,1,0
BRDA:184,19,0,0
BRDA:184,19,1,0
BRDA:190,20,0,0
BRDA:190,20,1,0
BRDA:191,21,0,0
BRDA:191,21,1,0
BRDA:193,22,0,0
BRDA:193,22,1,0
BRDA:194,23,0,0
BRDA:194,23,1,0
BRDA:199,24,0,0
BRDA:199,24,1,0
BRDA:202,25,0,0
BRDA:202,25,1,0
BRDA:205,26,0,0
BRDA:205,26,1,0
BRDA:208,27,0,0
BRDA:208,27,1,0
BRDA:216,28,0,0
BRDA:216,28,1,0
BRF:56
BRH:0
end_of_record
TN:
SF:components/DepartmentDropdown.tsx
FN:21,DepartmentDropdown
FN:33,(anonymous_1)
FN:38,(anonymous_2)
FN:52,(anonymous_3)
FN:72,(anonymous_4)
FN:77,(anonymous_5)
FN:95,(anonymous_6)
FN:104,(anonymous_7)
FNF:8
FNH:0
FNDA:0,DepartmentDropdown
FNDA:0,(anonymous_1)
FNDA:0,(anonymous_2)
FNDA:0,(anonymous_3)
FNDA:0,(anonymous_4)
FNDA:0,(anonymous_5)
FNDA:0,(anonymous_6)
FNDA:0,(anonymous_7)
DA:29,0
DA:30,0
DA:31,0
DA:33,0
DA:34,0
DA:35,0
DA:38,0
DA:39,0
DA:40,0
DA:43,0
DA:52,0
DA:72,0
DA:77,0
DA:96,0
DA:104,0
DA:130,0
LF:16
LH:0
BRDA:24,0,0,0
BRDA:25,1,0,0
BRDA:26,2,0,0
BRDA:48,3,0,0
BRDA:48,3,1,0
BRDA:49,4,0,0
BRDA:49,4,1,0
BRDA:50,5,0,0
BRDA:50,5,1,0
BRDA:50,5,2,0
BRDA:52,6,0,0
BRDA:52,6,1,0
BRDA:58,7,0,0
BRDA:58,7,1,0
BRDA:59,8,0,0
BRDA:59,8,1,0
BRDA:60,9,0,0
BRDA:60,9,1,0
BRDA:63,10,0,0
BRDA:63,10,1,0
BRDA:65,11,0,0
BRDA:65,11,1,0
BRDA:79,12,0,0
BRDA:79,12,1,0
BRDA:80,13,0,0
BRDA:80,13,1,0
BRDA:81,14,0,0
BRDA:81,14,1,0
BRDA:88,15,0,0
BRDA:88,15,1,0
BRDA:100,16,0,0
BRDA:100,16,1,0
BRDA:101,17,0,0
BRDA:101,17,1,0
BRDA:102,18,0,0
BRDA:102,18,1,0
BRDA:102,18,2,0
BRDA:109,19,0,0
BRDA:109,19,1,0
BRDA:110,20,0,0
BRDA:110,20,1,0
BRDA:115,21,0,0
BRDA:115,21,1,0
BRDA:116,22,0,0
BRDA:116,22,1,0
BRF:45
BRH:0
end_of_record
TN:
SF:components/EmptyState.tsx
FN:12,EmptyState
FNF:1
FNH:0
FNDA:0,EmptyState
DA:19,0
DA:20,0
DA:22,0
DA:34,0
LF:4
LH:0
BRDA:17,0,0,0
BRDA:23,1,0,0
BRDA:23,1,1,0
BRDA:25,2,0,0
BRDA:25,2,1,0
BRDA:26,3,0,0
BRDA:26,3,1,0
BRF:7
BRH:0
end_of_record
TN:
SF:components/HospitalDropdown.tsx
FN:21,HospitalDropdown
FN:32,(anonymous_1)
FN:37,(anonymous_2)
FN:51,(anonymous_3)
FN:71,(anonymous_4)
FN:76,(anonymous_5)
FN:94,(anonymous_6)
FN:103,(anonymous_7)
FNF:8
FNH:0
FNDA:0,HospitalDropdown
FNDA:0,(anonymous_1)
FNDA:0,(anonymous_2)
FNDA:0,(anonymous_3)
FNDA:0,(anonymous_4)
FNDA:0,(anonymous_5)
FNDA:0,(anonymous_6)
FNDA:0,(anonymous_7)
DA:28,0
DA:29,0
DA:30,0
DA:32,0
DA:33,0
DA:34,0
DA:37,0
DA:38,0
DA:39,0
DA:42,0
DA:51,0
DA:71,0
DA:76,0
DA:95,0
DA:103,0
DA:129,0
LF:16
LH:0
BRDA:24,0,0,0
BRDA:25,1,0,0
BRDA:26,2,0,0
BRDA:47,3,0,0
BRDA:47,3,1,0
BRDA:48,4,0,0
BRDA:48,4,1,0
BRDA:49,5,0,0
BRDA:49,5,1,0
BRDA:49,5,2,0
BRDA:51,6,0,0
BRDA:51,6,1,0
BRDA:57,7,0,0
BRDA:57,7,1,0
BRDA:58,8,0,0
BRDA:58,8,1,0
BRDA:59,9,0,0
BRDA:59,9,1,0
BRDA:62,10,0,0
BRDA:62,10,1,0
BRDA:64,11,0,0
BRDA:64,11,1,0
BRDA:78,12,0,0
BRDA:78,12,1,0
BRDA:79,13,0,0
BRDA:79,13,1,0
BRDA:80,14,0,0
BRDA:80,14,1,0
BRDA:87,15,0,0
BRDA:87,15,1,0
BRDA:99,16,0,0
BRDA:99,16,1,0
BRDA:100,17,0,0
BRDA:100,17,1,0
BRDA:101,18,0,0
BRDA:101,18,1,0
BRDA:101,18,2,0
BRDA:108,19,0,0
BRDA:108,19,1,0
BRDA:109,20,0,0
BRDA:109,20,1,0
BRDA:114,21,0,0
BRDA:114,21,1,0
BRDA:115,22,0,0
BRDA:115,22,1,0
BRF:45
BRH:0
end_of_record
TN:
SF:components/InAppPDFViewer.tsx
FN:22,InAppPDFViewer
FN:29,(anonymous_1)
FN:33,(anonymous_2)
FN:46,(anonymous_3)
FN:54,(anonymous_4)
FN:61,(anonymous_5)
FN:67,(anonymous_6)
FN:82,(anonymous_7)
FN:83,(anonymous_8)
FN:160,(anonymous_9)
FNF:10
FNH:0
FNDA:0,InAppPDFViewer
FNDA:0,(anonymous_1)
FNDA:0,(anonymous_2)
FNDA:0,(anonymous_3)
FNDA:0,(anonymous_4)
FNDA:0,(anonymous_5)
FNDA:0,(anonymous_6)
FNDA:0,(anonymous_7)
FNDA:0,(anonymous_8)
FNDA:0,(anonymous_9)
DA:23,0
DA:24,0
DA:25,0
DA:26,0
DA:27,0
DA:29,0
DA:30,0
DA:33,0
DA:34,0
DA:36,0
DA:38,0
DA:39,0
DA:40,0
DA:42,0
DA:46,0
DA:47,0
DA:48,0
DA:49,0
DA:50,0
DA:51,0
DA:54,0
DA:55,0
DA:56,0
DA:57,0
DA:58,0
DA:61,0
DA:62,0
DA:63,0
DA:67,0
DA:68,0
DA:69,0
DA:72,0
DA:74,0
DA:76,0
DA:80,0
DA:82,0
DA:83,0
DA:84,0
DA:86,0
DA:87,0
DA:89,0
DA:90,0
DA:93,0
DA:96,0
DA:97,0
DA:118,0
DA:161,0
DA:182,0
LF:48
LH:0
BRDA:22,0,0,0
BRDA:34,1,0,0
BRDA:34,1,1,0
BRDA:47,2,0,0
BRDA:47,2,1,0
BRDA:96,3,0,0
BRDA:96,3,1,0
BRDA:98,4,0,0
BRDA:98,4,1,0
BRDA:100,5,0,0
BRDA:100,5,1,0
BRDA:103,6,0,0
BRDA:103,6,1,0
BRDA:106,7,0,0
BRDA:106,7,1,0
BRDA:119,8,0,0
BRDA:119,8,1,0
BRDA:121,9,0,0
BRDA:121,9,1,0
BRDA:122,10,0,0
BRDA:122,10,1,0
BRDA:123,11,0,0
BRDA:123,11,1,0
BRDA:125,12,0,0
BRDA:125,12,1,0
BRDA:131,13,0,0
BRDA:131,13,1,0
BRDA:132,14,0,0
BRDA:132,14,1,0
BRDA:133,15,0,0
BRDA:133,15,1,0
BRDA:136,16,0,0
BRDA:136,16,1,0
BRDA:143,17,0,0
BRDA:143,17,1,0
BRDA:146,18,0,0
BRDA:146,18,1,0
BRDA:153,19,0,0
BRDA:153,19,1,0
BRDA:163,20,0,0
BRDA:163,20,1,0
BRF:41
BRH:0
end_of_record
TN:
SF:components/LateBadge.tsx
FN:11,LateBadge
FN:16,(anonymous_1)
FN:17,(anonymous_2)
FN:21,(anonymous_3)
FN:24,(anonymous_4)
FNF:5
FNH:0
FNDA:0,LateBadge
FNDA:0,(anonymous_1)
FNDA:0,(anonymous_2)
FNDA:0,(anonymous_3)
FNDA:0,(anonymous_4)
DA:12,0
DA:13,0
DA:14,0
DA:16,0
DA:17,0
DA:18,0
DA:21,0
DA:24,0
DA:25,0
DA:26,0
DA:27,0
DA:28,0
DA:31,0
DA:32,0
DA:34,0
DA:35,0
DA:36,0
DA:38,0
DA:39,0
DA:43,0
DA:44,0
DA:47,0
DA:56,0
LF:23
LH:0
BRDA:25,0,0,0
BRDA:25,0,1,0
BRDA:25,1,0,0
BRDA:25,1,1,0
BRDA:34,2,0,0
BRDA:34,2,1,0
BRDA:43,3,0,0
BRDA:43,3,1,0
BRDA:43,4,0,0
BRDA:43,4,1,0
BRF:10
BRH:0
end_of_record
TN:
SF:components/LogCard.tsx
FN:20,LogCard
FN:32,(anonymous_1)
FN:41,(anonymous_2)
FN:50,(anonymous_3)
FN:103,(anonymous_4)
FN:104,(anonymous_5)
FN:107,(anonymous_6)
FNF:7
FNH:0
FNDA:0,LogCard
FNDA:0,(anonymous_1)
FNDA:0,(anonymous_2)
FNDA:0,(anonymous_3)
FNDA:0,(anonymous_4)
FNDA:0,(anonymous_5)
FNDA:0,(anonymous_6)
DA:32,0
DA:33,0
DA:34,0
DA:35,0
DA:36,0
DA:37,0
DA:41,0
DA:42,0
DA:43,0
DA:44,0
DA:45,0
DA:46,0
DA:50,0
DA:51,0
DA:58,0
DA:103,0
DA:105,0
DA:107,0
DA:182,0
LF:19
LH:0
BRDA:26,0,0,0
BRDA:27,1,0,0
BRDA:28,2,0,0
BRDA:30,3,0,0
BRDA:33,4,0,0
BRDA:33,4,1,0
BRDA:33,4,2,0
BRDA:33,4,3,0
BRDA:42,5,0,0
BRDA:42,5,1,0
BRDA:42,5,2,0
BRDA:42,5,3,0
BRDA:62,6,0,0
BRDA:62,6,1,0
BRDA:63,7,0,0
BRDA:63,7,1,0
BRDA:64,8,0,0
BRDA:64,8,1,0
BRDA:64,8,2,0
BRDA:65,9,0,0
BRDA:65,9,1,0
BRDA:71,10,0,0
BRDA:71,10,1,0
BRDA:77,11,0,0
BRDA:77,11,1,0
BRDA:79,12,0,0
BRDA:79,12,1,0
BRDA:85,13,0,0
BRDA:85,13,1,0
BRDA:86,14,0,0
BRDA:86,14,1,0
BRDA:98,15,0,0
BRDA:98,15,1,0
BRDA:100,16,0,0
BRDA:100,16,1,0
BRDA:105,17,0,0
BRDA:105,17,1,0
BRDA:106,18,0,0
BRDA:106,18,1,0
BRDA:115,19,0,0
BRDA:115,19,1,0
BRDA:116,20,0,0
BRDA:116,20,1,0
BRDA:121,21,0,0
BRDA:121,21,1,0
BRDA:122,22,0,0
BRDA:122,22,1,0
BRDA:127,23,0,0
BRDA:127,23,1,0
BRDA:127,23,2,0
BRDA:129,24,0,0
BRDA:129,24,1,0
BRDA:130,25,0,0
BRDA:130,25,1,0
BRDA:136,26,0,0
BRDA:136,26,1,0
BRDA:138,27,0,0
BRDA:138,27,1,0
BRDA:139,28,0,0
BRDA:139,28,1,0
BRDA:146,29,0,0
BRDA:146,29,1,0
BRDA:148,30,0,0
BRDA:148,30,1,0
BRDA:148,30,2,0
BRDA:150,31,0,0
BRDA:150,31,1,0
BRDA:153,32,0,0
BRDA:153,32,1,0
BRDA:157,33,0,0
BRDA:157,33,1,0
BRDA:159,34,0,0
BRDA:159,34,1,0
BRDA:162,35,0,0
BRDA:162,35,1,0
BRDA:166,36,0,0
BRDA:166,36,1,0
BRDA:168,37,0,0
BRDA:168,37,1,0
BRDA:171,38,0,0
BRDA:171,38,1,0
BRF:81
BRH:0
end_of_record
TN:
SF:components/NAButton.tsx
FN:10,NAButton
FNF:1
FNH:0
FNDA:0,NAButton
DA:11,0
DA:13,0
DA:38,0
LF:3
LH:0
BRDA:10,0,0,0
BRDA:10,1,0,0
BRDA:17,2,0,0
BRDA:17,2,1,0
BRDA:18,3,0,0
BRDA:18,3,1,0
BRDA:19,4,0,0
BRDA:19,4,1,0
BRDA:20,5,0,0
BRDA:20,5,1,0
BRDA:20,5,2,0
BRDA:27,6,0,0
BRDA:27,6,1,0
BRDA:28,7,0,0
BRDA:28,7,1,0
BRDA:29,8,0,0
BRDA:29,8,1,0
BRDA:30,9,0,0
BRDA:30,9,1,0
BRDA:30,9,2,0
BRF:20
BRH:0
end_of_record
TN:
SF:components/PDFViewer.tsx
FN:21,PDFViewer
FN:27,(anonymous_1)
FN:51,(anonymous_2)
FN:75,(anonymous_3)
FN:86,(anonymous_4)
FN:90,(anonymous_5)
FNF:6
FNH:0
FNDA:0,PDFViewer
FNDA:0,(anonymous_1)
FNDA:0,(anonymous_2)
FNDA:0,(anonymous_3)
FNDA:0,(anonymous_4)
FNDA:0,(anonymous_5)
DA:22,0
DA:23,0
DA:24,0
DA:25,0
DA:27,0
DA:28,0
DA:29,0
DA:30,0
DA:33,0
DA:34,0
DA:35,0
DA:36,0
DA:41,0
DA:44,0
DA:45,0
DA:47,0
DA:51,0
DA:52,0
DA:53,0
DA:54,0
DA:57,0
DA:58,0
DA:59,0
DA:60,0
DA:65,0
DA:68,0
DA:69,0
DA:71,0
DA:75,0
DA:76,0
DA:78,0
DA:79,0
DA:80,0
DA:82,0
DA:86,0
DA:87,0
DA:90,0
DA:91,0
DA:92,0
DA:93,0
DA:94,0
DA:95,0
DA:98,0
DA:163,0
LF:44
LH:0
BRDA:21,0,0,0
BRDA:28,1,0,0
BRDA:28,1,1,0
BRDA:35,2,0,0
BRDA:35,2,1,0
BRDA:52,3,0,0
BRDA:52,3,1,0
BRDA:59,4,0,0
BRDA:59,4,1,0
BRDA:76,5,0,0
BRDA:76,5,1,0
BRDA:76,6,0,0
BRDA:76,6,1,0
BRDA:91,7,0,0
BRDA:91,7,1,0
BRDA:99,8,0,0
BRDA:99,8,1,0
BRDA:100,9,0,0
BRDA:100,9,1,0
BRDA:101,10,0,0
BRDA:101,10,1,0
BRDA:102,11,0,0
BRDA:102,11,1,0
BRDA:104,12,0,0
BRDA:104,12,1,0
BRDA:109,13,0,0
BRDA:109,13,1,0
BRDA:110,14,0,0
BRDA:110,14,1,0
BRDA:112,15,0,0
BRDA:112,15,1,0
BRDA:115,16,0,0
BRDA:115,16,1,0
BRDA:119,17,0,0
BRDA:119,17,1,0
BRDA:121,18,0,0
BRDA:121,18,1,0
BRDA:124,19,0,0
BRDA:124,19,1,0
BRDA:137,20,0,0
BRDA:137,20,1,0
BRDA:150,21,0,0
BRDA:150,21,1,0
BRF:43
BRH:0
end_of_record
TN:
SF:components/QuickEndShiftModal.tsx
FN:43,QuickEndShiftModal
FN:75,(anonymous_1)
FN:95,(anonymous_2)
FN:101,(anonymous_3)
FN:121,(anonymous_4)
FN:129,(anonymous_5)
FN:135,(anonymous_6)
FN:157,(anonymous_7)
FN:165,(anonymous_8)
FN:192,(anonymous_9)
FN:202,(anonymous_10)
FN:210,(anonymous_11)
FN:226,(anonymous_12)
FN:230,(anonymous_13)
FN:231,(anonymous_14)
FN:359,(anonymous_15)
FN:371,(anonymous_16)
FN:379,(anonymous_17)
FN:426,(anonymous_18)
FN:435,(anonymous_19)
FN:443,(anonymous_20)
FNF:21
FNH:0
FNDA:0,QuickEndShiftModal
FNDA:0,(anonymous_1)
FNDA:0,(anonymous_2)
FNDA:0,(anonymous_3)
FNDA:0,(anonymous_4)
FNDA:0,(anonymous_5)
FNDA:0,(anonymous_6)
FNDA:0,(anonymous_7)
FNDA:0,(anonymous_8)
FNDA:0,(anonymous_9)
FNDA:0,(anonymous_10)
FNDA:0,(anonymous_11)
FNDA:0,(anonymous_12)
FNDA:0,(anonymous_13)
FNDA:0,(anonymous_14)
FNDA:0,(anonymous_15)
FNDA:0,(anonymous_16)
FNDA:0,(anonymous_17)
FNDA:0,(anonymous_18)
FNDA:0,(anonymous_19)
FNDA:0,(anonymous_20)
DA:30,0
DA:50,0
DA:51,0
DA:52,0
DA:54,0
DA:55,0
DA:58,0
DA:59,0
DA:60,0
DA:61,0
DA:62,0
DA:63,0
DA:66,0
DA:67,0
DA:68,0
DA:69,0
DA:72,0
DA:75,0
DA:76,0
DA:77,0
DA:78,0
DA:79,0
DA:80,0
DA:82,0
DA:83,0
DA:84,0
DA:85,0
DA:86,0
DA:90,0
DA:95,0
DA:96,0
DA:97,0
DA:101,0
DA:102,0
DA:104,0
DA:105,0
DA:106,0
DA:107,0
DA:109,0
DA:110,0
DA:117,0
DA:121,0
DA:122,0
DA:123,0
DA:124,0
DA:125,0
DA:129,0
DA:130,0
DA:131,0
DA:132,0
DA:135,0
DA:136,0
DA:139,0
DA:140,0
DA:141,0
DA:142,0
DA:144,0
DA:145,0
DA:146,0
DA:151,0
DA:152,0
DA:157,0
DA:161,0
DA:165,0
DA:166,0
DA:168,0
DA:169,0
DA:184,0
DA:187,0
DA:188,0
DA:191,0
DA:193,0
DA:194,0
DA:198,0
DA:202,0
DA:203,0
DA:204,0
DA:205,0
DA:206,0
DA:207,0
DA:210,0
DA:211,0
DA:221,0
DA:227,0
DA:231,0
DA:251,0
DA:253,0
DA:359,0
DA:372,0
DA:380,0
DA:381,0
DA:426,0
DA:436,0
DA:444,0
DA:445,0
DA:508,0
LF:96
LH:0
BRDA:46,0,0,0
BRDA:76,1,0,0
BRDA:76,1,1,0
BRDA:78,2,0,0
BRDA:78,2,1,0
BRDA:79,3,0,0
BRDA:79,3,1,0
BRDA:80,4,0,0
BRDA:80,4,1,0
BRDA:82,5,0,0
BRDA:82,5,1,0
BRDA:83,6,0,0
BRDA:83,6,1,0
BRDA:83,7,0,0
BRDA:83,7,1,0
BRDA:84,8,0,0
BRDA:84,8,1,0
BRDA:84,9,0,0
BRDA:84,9,1,0
BRDA:85,10,0,0
BRDA:85,10,1,0
BRDA:96,11,0,0
BRDA:96,11,1,0
BRDA:102,12,0,0
BRDA:102,12,1,0
BRDA:104,13,0,0
BRDA:104,13,1,0
BRDA:104,14,0,0
BRDA:104,14,1,0
BRDA:106,15,0,0
BRDA:106,15,1,0
BRDA:106,16,0,0
BRDA:106,16,1,0
BRDA:107,17,0,0
BRDA:107,17,1,0
BRDA:107,18,0,0
BRDA:107,18,1,0
BRDA:109,19,0,0
BRDA:109,19,1,0
BRDA:109,20,0,0
BRDA:109,20,1,0
BRDA:109,20,2,0
BRDA:109,20,3,0
BRDA:113,21,0,0
BRDA:113,21,1,0
BRDA:114,22,0,0
BRDA:114,22,1,0
BRDA:123,23,0,0
BRDA:123,23,1,0
BRDA:130,24,0,0
BRDA:130,24,1,0
BRDA:136,25,0,0
BRDA:136,25,1,0
BRDA:136,26,0,0
BRDA:136,26,1,0
BRDA:139,27,0,0
BRDA:139,27,1,0
BRDA:140,28,0,0
BRDA:140,28,1,0
BRDA:144,29,0,0
BRDA:144,29,1,0
BRDA:144,30,0,0
BRDA:144,30,1,0
BRDA:144,30,2,0
BRDA:151,31,0,0
BRDA:151,31,1,0
BRDA:166,32,0,0
BRDA:166,32,1,0
BRDA:171,33,0,0
BRDA:171,33,1,0
BRDA:171,34,0,0
BRDA:171,34,1,0
BRDA:171,35,0,0
BRDA:171,35,1,0
BRDA:172,36,0,0
BRDA:172,36,1,0
BRDA:172,37,0,0
BRDA:172,37,1,0
BRDA:172,38,0,0
BRDA:172,38,1,0
BRDA:173,39,0,0
BRDA:173,39,1,0
BRDA:173,40,0,0
BRDA:173,40,1,0
BRDA:177,41,0,0
BRDA:177,41,1,0
BRDA:178,42,0,0
BRDA:178,42,1,0
BRDA:187,43,0,0
BRDA:187,43,1,0
BRDA:203,44,0,0
BRDA:203,44,1,0
BRDA:203,45,0,0
BRDA:203,45,1,0
BRDA:205,46,0,0
BRDA:205,46,1,0
BRDA:206,47,0,0
BRDA:206,47,1,0
BRDA:222,48,0,0
BRDA:222,48,1,0
BRDA:223,49,0,0
BRDA:223,49,1,0
BRDA:229,50,0,0
BRDA:229,50,1,0
BRDA:237,51,0,0
BRDA:237,51,1,0
BRDA:238,52,0,0
BRDA:238,52,1,0
BRDA:242,53,0,0
BRDA:242,53,1,0
BRDA:251,54,0,0
BRDA:251,54,1,0
BRDA:261,55,0,0
BRDA:261,55,1,0
BRDA:263,56,0,0
BRDA:263,56,1,0
BRDA:271,57,0,0
BRDA:271,57,1,0
BRDA:273,58,0,0
BRDA:273,58,1,0
BRDA:276,59,0,0
BRDA:276,59,1,0
BRDA:283,60,0,0
BRDA:283,60,1,0
BRDA:286,61,0,0
BRDA:286,61,1,0
BRDA:298,62,0,0
BRDA:298,62,1,0
BRDA:311,63,0,0
BRDA:311,63,1,0
BRDA:318,64,0,0
BRDA:318,64,1,0
BRDA:319,65,0,0
BRDA:319,65,1,0
BRDA:322,66,0,0
BRDA:322,66,1,0
BRDA:325,67,0,0
BRDA:325,67,1,0
BRDA:336,68,0,0
BRDA:336,68,1,0
BRDA:337,69,0,0
BRDA:337,69,1,0
BRDA:343,70,0,0
BRDA:343,70,1,0
BRDA:350,71,0,0
BRDA:350,71,1,0
BRDA:353,72,0,0
BRDA:353,72,1,0
BRDA:354,73,0,0
BRDA:354,73,1,0
BRDA:358,74,0,0
BRDA:358,74,1,0
BRDA:361,75,0,0
BRDA:361,75,1,0
BRDA:364,76,0,0
BRDA:364,76,1,0
BRDA:365,77,0,0
BRDA:365,77,1,0
BRDA:369,78,0,0
BRDA:369,78,1,0
BRDA:370,79,0,0
BRDA:370,79,1,0
BRDA:376,80,0,0
BRDA:376,80,1,0
BRDA:377,81,0,0
BRDA:377,81,1,0
BRDA:386,82,0,0
BRDA:386,82,1,0
BRDA:387,83,0,0
BRDA:387,83,1,0
BRDA:399,84,0,0
BRDA:399,84,1,0
BRDA:400,85,0,0
BRDA:400,85,1,0
BRDA:406,86,0,0
BRDA:406,86,1,0
BRDA:407,87,0,0
BRDA:407,87,1,0
BRDA:412,88,0,0
BRDA:412,88,1,0
BRDA:420,89,0,0
BRDA:420,89,1,0
BRDA:421,90,0,0
BRDA:421,90,1,0
BRDA:425,91,0,0
BRDA:425,91,1,0
BRDA:428,92,0,0
BRDA:428,92,1,0
BRDA:433,93,0,0
BRDA:433,93,1,0
BRDA:434,94,0,0
BRDA:434,94,1,0
BRDA:440,95,0,0
BRDA:440,95,1,0
BRDA:441,96,0,0
BRDA:441,96,1,0
BRDA:450,97,0,0
BRDA:450,97,1,0
BRDA:451,98,0,0
BRDA:451,98,1,0
BRDA:462,99,0,0
BRDA:462,99,1,0
BRDA:463,100,0,0
BRDA:463,100,1,0
BRDA:464,101,0,0
BRDA:464,101,1,0
BRDA:467,102,0,0
BRDA:467,102,1,0
BRDA:477,103,0,0
BRDA:477,103,1,0
BRDA:480,104,0,0
BRDA:480,104,1,0
BRDA:489,105,0,0
BRDA:489,105,1,0
BRDA:496,106,0,0
BRDA:496,106,1,0
BRF:216
BRH:0
end_of_record
TN:
SF:components/SharedTimePicker.tsx
FN:16,SharedTimePickerProvider
FN:24,(anonymous_1)
FN:27,(anonymous_2)
FN:31,(anonymous_3)
FN:37,(anonymous_4)
FN:48,(anonymous_5)
FN:79,useSharedTimePicker
FNF:7
FNH:0
FNDA:0,SharedTimePickerProvider
FNDA:0,(anonymous_1)
FNDA:0,(anonymous_2)
FNDA:0,(anonymous_3)
FNDA:0,(anonymous_4)
FNDA:0,(anonymous_5)
FNDA:0,useSharedTimePicker
DA:14,0
DA:17,0
DA:18,0
DA:19,0
DA:20,0
DA:21,0
DA:22,0
DA:24,0
DA:25,0
DA:26,0
DA:27,0
DA:28,0
DA:31,0
DA:32,0
DA:33,0
DA:34,0
DA:37,0
DA:38,0
DA:40,0
DA:41,0
DA:42,0
DA:43,0
DA:44,0
DA:48,0
DA:49,0
DA:51,0
DA:63,0
DA:72,0
DA:80,0
DA:81,0
DA:82,0
DA:84,0
DA:87,0
LF:33
LH:0
BRDA:40,0,0,0
BRDA:40,0,1,0
BRDA:40,1,0,0
BRDA:40,1,1,0
BRDA:49,2,0,0
BRDA:49,2,1,0
BRDA:55,3,0,0
BRDA:55,3,1,0
BRDA:57,4,0,0
BRDA:57,4,1,0
BRDA:81,5,0,0
BRDA:81,5,1,0
BRF:12
BRH:0
end_of_record
TN:
SF:components/ShiftCard.tsx
FN:16,ShiftCard
FN:26,(anonymous_1)
FN:36,(anonymous_2)
FN:46,(anonymous_3)
FN:51,(anonymous_4)
FN:77,(anonymous_5)
FN:105,(anonymous_6)
FN:128,(anonymous_7)
FNF:8
FNH:0
FNDA:0,ShiftCard
FNDA:0,(anonymous_1)
FNDA:0,(anonymous_2)
FNDA:0,(anonymous_3)
FNDA:0,(anonymous_4)
FNDA:0,(anonymous_5)
FNDA:0,(anonymous_6)
FNDA:0,(anonymous_7)
DA:26,0
DA:27,0
DA:28,0
DA:29,0
DA:30,0
DA:31,0
DA:32,0
DA:36,0
DA:37,0
DA:38,0
DA:39,0
DA:40,0
DA:41,0
DA:42,0
DA:46,0
DA:47,0
DA:48,0
DA:51,0
DA:52,0
DA:54,0
DA:55,0
DA:61,0
DA:62,0
DA:65,0
DA:71,0
DA:73,0
DA:77,0
DA:78,0
DA:79,0
DA:82,0
DA:83,0
DA:84,0
DA:85,0
DA:86,0
DA:88,0
DA:89,0
DA:90,0
DA:91,0
DA:92,0
DA:93,0
DA:95,0
DA:101,0
DA:105,0
DA:106,0
DA:107,0
DA:108,0
DA:109,0
DA:110,0
DA:112,0
DA:113,0
DA:114,0
DA:115,0
DA:117,0
DA:124,0
DA:128,0
DA:129,0
DA:131,0
DA:132,0
DA:133,0
DA:135,0
DA:139,0
DA:238,0
LF:62
LH:0
BRDA:21,0,0,0
BRDA:23,1,0,0
BRDA:24,2,0,0
BRDA:27,3,0,0
BRDA:27,3,1,0
BRDA:28,4,0,0
BRDA:28,4,1,0
BRDA:28,4,2,0
BRDA:28,4,3,0
BRDA:37,5,0,0
BRDA:37,5,1,0
BRDA:38,6,0,0
BRDA:38,6,1,0
BRDA:38,6,2,0
BRDA:38,6,3,0
BRDA:52,7,0,0
BRDA:52,7,1,0
BRDA:61,8,0,0
BRDA:61,8,1,0
BRDA:78,9,0,0
BRDA:78,9,1,0
BRDA:78,10,0,0
BRDA:78,10,1,0
BRDA:88,11,0,0
BRDA:88,11,1,0
BRDA:90,12,0,0
BRDA:90,12,1,0
BRDA:92,13,0,0
BRDA:92,13,1,0
BRDA:112,14,0,0
BRDA:112,14,1,0
BRDA:114,15,0,0
BRDA:114,15,1,0
BRDA:129,16,0,0
BRDA:129,16,1,0
BRDA:133,17,0,0
BRDA:133,17,1,0
BRDA:133,17,2,0
BRDA:143,18,0,0
BRDA:143,18,1,0
BRDA:144,19,0,0
BRDA:144,19,1,0
BRDA:145,20,0,0
BRDA:145,20,1,0
BRDA:145,20,2,0
BRDA:146,21,0,0
BRDA:146,21,1,0
BRDA:147,22,0,0
BRDA:147,22,1,0
BRDA:147,22,2,0
BRDA:155,23,0,0
BRDA:155,23,1,0
BRDA:155,24,0,0
BRDA:155,24,1,0
BRDA:155,25,0,0
BRDA:155,25,1,0
BRDA:155,25,2,0
BRDA:156,26,0,0
BRDA:156,26,1,0
BRDA:158,27,0,0
BRDA:158,27,1,0
BRDA:173,28,0,0
BRDA:173,28,1,0
BRDA:173,29,0,0
BRDA:173,29,1,0
BRDA:173,30,0,0
BRDA:173,30,1,0
BRDA:173,30,2,0
BRDA:174,31,0,0
BRDA:174,31,1,0
BRDA:174,32,0,0
BRDA:174,32,1,0
BRDA:176,33,0,0
BRDA:176,33,1,0
BRDA:176,33,2,0
BRDA:177,34,0,0
BRDA:177,34,1,0
BRDA:177,35,0,0
BRDA:177,35,1,0
BRDA:177,36,0,0
BRDA:177,36,1,0
BRDA:177,36,2,0
BRDA:183,37,0,0
BRDA:183,37,1,0
BRDA:183,37,2,0
BRDA:185,38,0,0
BRDA:185,38,1,0
BRDA:185,39,0,0
BRDA:185,39,1,0
BRDA:185,40,0,0
BRDA:185,40,1,0
BRDA:185,40,2,0
BRDA:193,41,0,0
BRDA:193,41,1,0
BRDA:193,42,0,0
BRDA:193,42,1,0
BRDA:194,43,0,0
BRDA:194,43,1,0
BRDA:194,44,0,0
BRDA:194,44,1,0
BRDA:194,45,0,0
BRDA:194,45,1,0
BRDA:194,45,2,0
BRDA:198,46,0,0
BRDA:198,46,1,0
BRDA:198,47,0,0
BRDA:198,47,1,0
BRDA:198,48,0,0
BRDA:198,48,1,0
BRDA:198,48,2,0
BRDA:199,49,0,0
BRDA:199,49,1,0
BRDA:202,50,0,0
BRDA:202,50,1,0
BRDA:202,50,2,0
BRDA:203,51,0,0
BRDA:203,51,1,0
BRDA:203,52,0,0
BRDA:203,52,1,0
BRDA:203,53,0,0
BRDA:203,53,1,0
BRDA:203,53,2,0
BRDA:209,54,0,0
BRDA:209,54,1,0
BRDA:211,55,0,0
BRDA:211,55,1,0
BRDA:213,56,0,0
BRDA:213,56,1,0
BRDA:216,57,0,0
BRDA:216,57,1,0
BRDA:220,58,0,0
BRDA:220,58,1,0
BRDA:222,59,0,0
BRDA:222,59,1,0
BRDA:225,60,0,0
BRDA:225,60,1,0
BRF:136
BRH:0
end_of_record
TN:
SF:components/TimeInput.tsx
FN:14,TimeInput
FN:19,(anonymous_1)
FN:32,(anonymous_2)
FN:61,(anonymous_3)
FNF:4
FNH:0
FNDA:0,TimeInput
FNDA:0,(anonymous_1)
FNDA:0,(anonymous_2)
FNDA:0,(anonymous_3)
DA:15,0
DA:16,0
DA:17,0
DA:19,0
DA:20,0
DA:23,0
DA:24,0
DA:25,0
DA:28,0
DA:29,0
DA:32,0
DA:33,0
DA:36,0
DA:38,0
DA:41,0
DA:42,0
DA:44,0
DA:45,0
DA:46,0
DA:47,0
DA:48,0
DA:49,0
DA:50,0
DA:51,0
DA:52,0
DA:54,0
DA:55,0
DA:58,0
DA:61,0
DA:62,0
DA:63,0
DA:64,0
DA:65,0
DA:66,0
DA:69,0
DA:98,0
LF:36
LH:0
BRDA:14,0,0,0
BRDA:14,1,0,0
BRDA:20,2,0,0
BRDA:20,2,1,0
BRDA:23,3,0,0
BRDA:23,3,1,0
BRDA:33,4,0,0
BRDA:33,4,1,0
BRDA:36,5,0,0
BRDA:36,5,1,0
BRDA:44,6,0,0
BRDA:44,6,1,0
BRDA:47,7,0,0
BRDA:47,7,1,0
BRDA:50,8,0,0
BRDA:50,8,1,0
BRDA:62,9,0,0
BRDA:62,9,1,0
BRDA:62,10,0,0
BRDA:62,10,1,0
BRDA:74,11,0,0
BRDA:74,11,1,0
BRDA:75,12,0,0
BRDA:75,12,1,0
BRDA:76,13,0,0
BRDA:76,13,1,0
BRDA:83,14,0,0
BRDA:83,14,1,0
BRDA:84,15,0,0
BRDA:84,15,1,0
BRDA:85,16,0,0
BRDA:85,16,1,0
BRDA:91,17,0,0
BRDA:91,17,1,0
BRDA:93,18,0,0
BRDA:93,18,1,0
BRF:36
BRH:0
end_of_record
TN:
SF:lib/capabilities.ts
FN:41,hasCapability
FN:48,getAvailableCapabilities
FN:50,(anonymous_2)
FN:51,(anonymous_3)
FN:57,getDisabledCapabilities
FN:59,(anonymous_5)
FN:60,(anonymous_6)
FN:103,enableCapabilityForTesting
FN:113,isExpoGo
FN:122,getCapabilityStatus
FNF:10
FNH:0
FNDA:0,hasCapability
FNDA:0,getAvailableCapabilities
FNDA:0,(anonymous_2)
FNDA:0,(anonymous_3)
FNDA:0,getDisabledCapabilities
FNDA:0,(anonymous_5)
FNDA:0,(anonymous_6)
FNDA:0,enableCapabilityForTesting
FNDA:0,isExpoGo
FNDA:0,getCapabilityStatus
DA:29,0
DA:42,0
DA:49,0
DA:50,0
DA:51,0
DA:58,0
DA:59,0
DA:60,0
DA:104,0
DA:105,0
DA:106,0
DA:116,0
DA:123,0
LF:13
LH:0
BRDA:104,0,0,0
BRDA:104,0,1,0
BRDA:126,1,0,0
BRDA:126,1,1,0
BRDA:132,2,0,0
BRDA:132,2,1,0
BRDA:138,3,0,0
BRDA:138,3,1,0
BRDA:144,4,0,0
BRDA:144,4,1,0
BRDA:150,5,0,0
BRDA:150,5,1,0
BRDA:156,6,0,0
BRDA:156,6,1,0
BRF:14
BRH:0
end_of_record
TN:
SF:lib/clearTestData.ts
FN:3,(anonymous_0)
FN:23,(anonymous_1)
FNF:2
FNH:0
FNDA:0,(anonymous_0)
FNDA:0,(anonymous_1)
DA:3,0
DA:4,0
DA:5,0
DA:7,0
DA:8,0
DA:10,0
DA:11,0
DA:12,0
DA:13,0
DA:15,0
DA:17,0
DA:18,0
DA:23,0
DA:24,0
DA:25,0
DA:26,0
DA:28,0
DA:29,0
DA:30,0
DA:31,0
DA:33,0
DA:35,0
DA:36,0
LF:23
LH:0
BRF:0
BRH:0
end_of_record
TN:
SF:lib/notifications.ts
FN:8,(anonymous_0)
FN:35,(anonymous_1)
FN:71,(anonymous_2)
FN:131,(anonymous_3)
FN:168,(anonymous_4)
FN:172,(anonymous_5)
FN:190,(anonymous_6)
FN:203,(anonymous_7)
FN:215,(anonymous_8)
FN:222,(anonymous_9)
FN:229,(anonymous_10)
FN:245,(anonymous_11)
FN:259,(anonymous_12)
FNF:13
FNH:0
FNDA:0,(anonymous_0)
FNDA:0,(anonymous_1)
FNDA:0,(anonymous_2)
FNDA:0,(anonymous_3)
FNDA:0,(anonymous_4)
FNDA:0,(anonymous_5)
FNDA:0,(anonymous_6)
FNDA:0,(anonymous_7)
FNDA:0,(anonymous_8)
FNDA:0,(anonymous_9)
FNDA:0,(anonymous_10)
FNDA:0,(anonymous_11)
FNDA:0,(anonymous_12)
DA:7,0
DA:8,0
DA:23,0
DA:30,0
DA:36,0
DA:37,0
DA:38,0
DA:40,0
DA:41,0
DA:42,0
DA:45,0
DA:46,0
DA:47,0
DA:51,0
DA:52,0
DA:61,0
DA:63,0
DA:64,0
DA:72,0
DA:74,0
DA:76,0
DA:78,0
DA:79,0
DA:82,0
DA:83,0
DA:84,0
DA:85,0
DA:87,0
DA:88,0
DA:89,0
DA:94,0
DA:96,0
DA:118,0
DA:119,0
DA:122,0
DA:124,0
DA:135,0
DA:136,0
DA:137,0
DA:139,0
DA:141,0
DA:159,0
DA:161,0
DA:169,0
DA:170,0
DA:171,0
DA:173,0
DA:177,0
DA:178,0
DA:181,0
DA:183,0
DA:191,0
DA:192,0
DA:193,0
DA:194,0
DA:196,0
DA:204,0
DA:205,0
DA:207,0
DA:208,0
DA:216,0
DA:223,0
DA:230,0
DA:231,0
DA:232,0
DA:235,0
DA:236,0
DA:239,0
DA:246,0
DA:248,0
DA:250,0
DA:256,0
DA:259,0
DA:260,0
LF:74
LH:0
BRDA:40,0,0,0
BRDA:40,0,1,0
BRDA:45,1,0,0
BRDA:45,1,1,0
BRDA:51,2,0,0
BRDA:51,2,1,0
BRDA:76,3,0,0
BRDA:76,3,1,0
BRDA:88,4,0,0
BRDA:88,4,1,0
BRDA:88,5,0,0
BRDA:88,5,1,0
BRDA:133,6,0,0
BRDA:173,7,0,0
BRDA:173,7,1,0
BRDA:173,7,2,0
BRDA:235,8,0,0
BRDA:235,8,1,0
BRDA:248,9,0,0
BRDA:248,9,1,0
BRDA:248,10,0,0
BRDA:248,10,1,0
BRF:22
BRH:0
end_of_record
TN:
SF:lib/roster.ts
FN:6,getRosterForDate
FN:14,(anonymous_1)
FN:48,isShiftActiveOnDate
FN:63,getWeekIndex
FN:81,getShiftsForDayOfWeek
FN:86,(anonymous_5)
FN:101,getActiveShiftsOnDate
FN:102,(anonymous_7)
FN:108,getNextShiftOccurrence
FN:142,getShiftOccurrencesInRange
FN:179,validateShift
FN:215,timeToMinutes
FNF:12
FNH:0
FNDA:0,getRosterForDate
FNDA:0,(anonymous_1)
FNDA:0,isShiftActiveOnDate
FNDA:0,getWeekIndex
FNDA:0,getShiftsForDayOfWeek
FNDA:0,(anonymous_5)
FNDA:0,getActiveShiftsOnDate
FNDA:0,(anonymous_7)
FNDA:0,getNextShiftOccurrence
FNDA:0,getShiftOccurrencesInRange
FNDA:0,validateShift
FNDA:0,timeToMinutes
DA:7,0
DA:8,0
DA:11,0
DA:14,0
DA:16,0
DA:19,0
DA:22,0
DA:23,0
DA:26,0
DA:29,0
DA:30,0
DA:34,0
DA:36,0
DA:49,0
DA:50,0
DA:51,0
DA:53,0
DA:54,0
DA:56,0
DA:64,0
DA:65,0
DA:68,0
DA:69,0
DA:72,0
DA:73,0
DA:75,0
DA:86,0
DA:87,0
DA:90,0
DA:91,0
DA:94,0
DA:102,0
DA:112,0
DA:113,0
DA:116,0
DA:117,0
DA:120,0
DA:121,0
DA:123,0
DA:124,0
DA:125,0
DA:126,0
DA:128,0
DA:129,0
DA:133,0
DA:136,0
DA:147,0
DA:148,0
DA:149,0
DA:151,0
DA:153,0
DA:154,0
DA:155,0
DA:157,0
DA:159,0
DA:160,0
DA:161,0
DA:162,0
DA:164,0
DA:165,0
DA:170,0
DA:173,0
DA:180,0
DA:183,0
DA:184,0
DA:187,0
DA:188,0
DA:192,0
DA:193,0
DA:194,0
DA:196,0
DA:197,0
DA:202,0
DA:203,0
DA:207,0
DA:208,0
DA:211,0
DA:216,0
DA:217,0
LF:79
LH:0
BRDA:16,0,0,0
BRDA:16,0,1,0
BRDA:19,1,0,0
BRDA:19,1,1,0
BRDA:22,2,0,0
BRDA:22,2,1,0
BRDA:22,3,0,0
BRDA:22,3,1,0
BRDA:22,3,2,0
BRDA:29,4,0,0
BRDA:29,4,1,0
BRDA:40,5,0,0
BRDA:40,5,1,0
BRDA:51,6,0,0
BRDA:51,6,1,0
BRDA:53,7,0,0
BRDA:53,7,1,0
BRDA:54,8,0,0
BRDA:54,8,1,0
BRDA:54,9,0,0
BRDA:54,9,1,0
BRDA:75,10,0,0
BRDA:75,10,1,0
BRDA:87,11,0,0
BRDA:87,11,1,0
BRDA:90,12,0,0
BRDA:90,12,1,0
BRDA:90,13,0,0
BRDA:90,13,1,0
BRDA:90,13,2,0
BRDA:121,14,0,0
BRDA:121,14,1,0
BRDA:123,15,0,0
BRDA:123,15,1,0
BRDA:123,16,0,0
BRDA:123,16,1,0
BRDA:125,17,0,0
BRDA:125,17,1,0
BRDA:125,18,0,0
BRDA:125,18,1,0
BRDA:128,19,0,0
BRDA:128,19,1,0
BRDA:128,20,0,0
BRDA:128,20,1,0
BRDA:154,21,0,0
BRDA:154,21,1,0
BRDA:157,22,0,0
BRDA:157,22,1,0
BRDA:159,23,0,0
BRDA:159,23,1,0
BRDA:159,24,0,0
BRDA:159,24,1,0
BRDA:161,25,0,0
BRDA:161,25,1,0
BRDA:164,26,0,0
BRDA:164,26,1,0
BRDA:183,27,0,0
BRDA:183,27,1,0
BRDA:187,28,0,0
BRDA:187,28,1,0
BRDA:187,29,0,0
BRDA:187,29,1,0
BRDA:192,30,0,0
BRDA:192,30,1,0
BRDA:192,31,0,0
BRDA:192,31,1,0
BRDA:196,32,0,0
BRDA:196,32,1,0
BRDA:202,33,0,0
BRDA:202,33,1,0
BRDA:202,34,0,0
BRDA:202,34,1,0
BRDA:207,35,0,0
BRDA:207,35,1,0
BRDA:207,36,0,0
BRDA:207,36,1,0
BRF:76
BRH:0
end_of_record
TN:
SF:lib/supabase.ts
FN:29,(anonymous_0)
FN:31,(anonymous_1)
FN:35,(anonymous_2)
FN:39,(anonymous_3)
FN:43,(anonymous_4)
FN:48,(anonymous_5)
FN:49,(anonymous_6)
FN:50,(anonymous_7)
FN:51,(anonymous_8)
FN:52,(anonymous_9)
FN:55,(anonymous_10)
FN:56,(anonymous_11)
FN:57,(anonymous_12)
FN:80,(anonymous_13)
FN:87,(anonymous_14)
FN:94,(anonymous_15)
FN:101,(anonymous_16)
FN:114,(anonymous_17)
FN:124,(anonymous_18)
FN:140,(anonymous_19)
FN:150,(anonymous_20)
FN:161,(anonymous_21)
FN:181,(anonymous_22)
FN:191,(anonymous_23)
FN:207,(anonymous_24)
FN:245,(anonymous_25)
FN:274,getSupabaseConfig
FNF:27
FNH:0
FNDA:0,(anonymous_0)
FNDA:0,(anonymous_1)
FNDA:0,(anonymous_2)
FNDA:0,(anonymous_3)
FNDA:0,(anonymous_4)
FNDA:0,(anonymous_5)
FNDA:0,(anonymous_6)
FNDA:0,(anonymous_7)
FNDA:0,(anonymous_8)
FNDA:0,(anonymous_9)
FNDA:0,(anonymous_10)
FNDA:0,(anonymous_11)
FNDA:0,(anonymous_12)
FNDA:0,(anonymous_13)
FNDA:0,(anonymous_14)
FNDA:0,(anonymous_15)
FNDA:0,(anonymous_16)
FNDA:0,(anonymous_17)
FNDA:0,(anonymous_18)
FNDA:0,(anonymous_19)
FNDA:0,(anonymous_20)
FNDA:0,(anonymous_21)
FNDA:0,(anonymous_22)
FNDA:0,(anonymous_23)
FNDA:0,(anonymous_24)
FNDA:0,(anonymous_25)
FNDA:0,getSupabaseConfig
DA:10,0
DA:11,0
DA:13,0
DA:15,0
DA:29,0
DA:32,0
DA:33,0
DA:36,0
DA:37,0
DA:40,0
DA:41,0
DA:44,0
DA:45,0
DA:48,0
DA:49,0
DA:50,0
DA:51,0
DA:52,0
DA:55,0
DA:56,0
DA:57,0
DA:62,0
DA:64,0
DA:68,0
DA:69,0
DA:71,0
DA:74,0
DA:79,0
DA:81,0
DA:82,0
DA:84,0
DA:88,0
DA:89,0
DA:91,0
DA:95,0
DA:96,0
DA:98,0
DA:102,0
DA:103,0
DA:105,0
DA:106,0
DA:113,0
DA:115,0
DA:116,0
DA:117,0
DA:121,0
DA:125,0
DA:126,0
DA:127,0
DA:131,0
DA:132,0
DA:139,0
DA:141,0
DA:142,0
DA:143,0
DA:147,0
DA:151,0
DA:152,0
DA:153,0
DA:157,0
DA:158,0
DA:166,0
DA:167,0
DA:168,0
DA:172,0
DA:173,0
DA:180,0
DA:182,0
DA:183,0
DA:184,0
DA:188,0
DA:192,0
DA:193,0
DA:194,0
DA:198,0
DA:199,0
DA:206,0
DA:214,0
DA:215,0
DA:224,0
DA:226,0
DA:228,0
DA:235,0
DA:246,0
DA:247,0
DA:250,0
DA:252,0
DA:253,0
DA:255,0
DA:256,0
DA:264,0
DA:275,0
LF:92
LH:0
BRDA:13,0,0,0
BRDA:13,0,1,0
BRDA:64,1,0,0
BRDA:64,1,1,0
BRDA:81,2,0,0
BRDA:81,2,1,0
BRDA:88,3,0,0
BRDA:88,3,1,0
BRDA:95,4,0,0
BRDA:95,4,1,0
BRDA:102,5,0,0
BRDA:102,5,1,0
BRDA:106,6,0,0
BRDA:106,6,1,0
BRDA:115,7,0,0
BRDA:115,7,1,0
BRDA:125,8,0,0
BRDA:125,8,1,0
BRDA:141,9,0,0
BRDA:141,9,1,0
BRDA:151,10,0,0
BRDA:151,10,1,0
BRDA:166,11,0,0
BRDA:166,11,1,0
BRDA:182,12,0,0
BRDA:182,12,1,0
BRDA:192,13,0,0
BRDA:192,13,1,0
BRDA:214,14,0,0
BRDA:214,14,1,0
BRDA:240,15,0,0
BRDA:240,15,1,0
BRDA:246,16,0,0
BRDA:246,16,1,0
BRF:34
BRH:0
end_of_record
TN:
SF:lib/time.ts
FN:6,timeToMinutes
FN:17,minutesToTime
FN:27,calculateDuration
FN:47,roundToNearest5
FN:54,formatMinutes
FN:72,computeMinutes
FN:100,getCurrentTime
FN:110,getCurrentDate
FN:117,isValidTime
FN:126,isFinishAfterStart
FN:147,getTimeDifference
FN:167,addMinutesToTime
FN:175,getTimeInTimezone
FN:183,getPreviousISODate
FNF:14
FNH:1
FNDA:0,timeToMinutes
FNDA:0,minutesToTime
FNDA:0,calculateDuration
FNDA:0,roundToNearest5
FNDA:0,formatMinutes
FNDA:0,computeMinutes
FNDA:0,getCurrentTime
FNDA:2,getCurrentDate
FNDA:0,isValidTime
FNDA:0,isFinishAfterStart
FNDA:0,getTimeDifference
FNDA:0,addMinutesToTime
FNDA:0,getTimeInTimezone
FNDA:0,getPreviousISODate
DA:7,0
DA:8,0
DA:10,0
DA:11,0
DA:18,0
DA:19,0
DA:20,0
DA:29,0
DA:30,0
DA:33,0
DA:34,0
DA:37,0
DA:38,0
DA:41,0
DA:48,0
DA:55,0
DA:56,0
DA:58,0
DA:59,0
DA:62,0
DA:63,0
DA:66,0
DA:79,0
DA:81,0
DA:82,0
DA:83,0
DA:86,0
DA:87,0
DA:89,0
DA:101,0
DA:102,0
DA:103,0
DA:104,0
DA:111,2
DA:118,0
DA:119,0
DA:128,0
DA:129,0
DA:132,0
DA:133,0
DA:136,0
DA:137,0
DA:140,0
DA:149,0
DA:150,0
DA:153,0
DA:154,0
DA:157,0
DA:158,0
DA:161,0
DA:168,0
DA:169,0
DA:177,0
DA:184,0
DA:185,0
DA:186,0
LF:56
LH:1
BRDA:7,0,0,0
BRDA:7,0,1,0
BRDA:29,1,0,0
BRDA:29,1,1,0
BRDA:29,2,0,0
BRDA:29,2,1,0
BRDA:37,3,0,0
BRDA:37,3,1,0
BRDA:58,4,0,0
[...]
DA:758,0
DA:770,0
DA:771,0
DA:772,0
DA:773,0
DA:774,0
DA:781,0
DA:782,0
DA:783,0
DA:784,0
DA:785,0
DA:793,0
DA:796,0
DA:797,0
DA:801,0
DA:802,0
DA:803,0
DA:804,0
DA:811,0
DA:812,0
DA:813,0
DA:814,0
DA:821,0
DA:822,0
DA:823,0
DA:824,0
DA:831,0
DA:832,0
DA:833,0
DA:834,0
DA:840,0
DA:841,0
DA:844,0
DA:848,0
DA:849,0
DA:850,0
DA:852,0
DA:853,0
DA:856,0
DA:858,0
DA:859,0
DA:861,0
DA:862,0
LF:332
LH:0
BRDA:14,0,0,0
BRDA:14,0,1,0
BRDA:26,1,0,0
BRDA:30,2,0,0
BRDA:30,2,1,0
BRDA:31,3,0,0
BRDA:31,3,1,0
BRDA:57,4,0,0
BRDA:57,4,1,0
BRDA:57,4,2,0
BRDA:64,5,0,0
BRDA:64,5,1,0
BRDA:64,6,0,0
BRDA:64,6,1,0
BRDA:74,7,0,0
BRDA:74,7,1,0
BRDA:77,8,0,0
BRDA:77,8,1,0
BRDA:82,9,0,0
BRDA:82,9,1,0
BRDA:89,10,0,0
BRDA:89,10,1,0
BRDA:101,11,0,0
BRDA:101,11,1,0
BRDA:106,12,0,0
BRDA:106,12,1,0
BRDA:109,13,0,0
BRDA:109,13,1,0
BRDA:132,14,0,0
BRDA:132,14,1,0
BRDA:139,15,0,0
BRDA:142,16,0,0
BRDA:142,16,1,0
BRDA:143,17,0,0
BRDA:143,17,1,0
BRDA:144,18,0,0
BRDA:144,18,1,0
BRDA:151,19,0,0
BRDA:151,19,1,0
BRDA:173,20,0,0
BRDA:173,20,1,0
BRDA:185,21,0,0
BRDA:185,21,1,0
BRDA:186,22,0,0
BRDA:186,22,1,0
BRDA:187,23,0,0
BRDA:187,23,1,0
BRDA:222,24,0,0
BRDA:222,24,1,0
BRDA:229,25,0,0
BRDA:229,25,1,0
BRDA:233,26,0,0
BRDA:233,26,1,0
BRDA:263,27,0,0
BRDA:263,27,1,0
BRDA:272,28,0,0
BRDA:272,28,1,0
BRDA:273,29,0,0
BRDA:273,29,1,0
BRDA:316,30,0,0
BRDA:316,30,1,0
BRDA:326,31,0,0
BRDA:326,31,1,0
BRDA:326,32,0,0
BRDA:326,32,1,0
BRDA:326,32,2,0
BRDA:334,33,0,0
BRDA:334,33,1,0
BRDA:341,34,0,0
BRDA:341,34,1,0
BRDA:355,35,0,0
BRDA:355,35,1,0
BRDA:355,36,0,0
BRDA:355,36,1,0
BRDA:364,37,0,0
BRDA:364,37,1,0
BRDA:368,38,0,0
BRDA:368,38,1,0
BRDA:368,39,0,0
BRDA:368,39,1,0
BRDA:370,40,0,0
BRDA:370,40,1,0
BRDA:371,41,0,0
BRDA:371,41,1,0
BRDA:381,42,0,0
BRDA:381,42,1,0
BRDA:390,43,0,0
BRDA:390,43,1,0
BRDA:390,44,0,0
BRDA:390,44,1,0
BRDA:391,45,0,0
BRDA:391,45,1,0
BRDA:399,46,0,0
BRDA:399,46,1,0
BRDA:399,47,0,0
BRDA:399,47,1,0
BRDA:400,48,0,0
BRDA:400,48,1,0
BRDA:408,49,0,0
BRDA:408,49,1,0
BRDA:408,50,0,0
BRDA:408,50,1,0
BRDA:409,51,0,0
BRDA:409,51,1,0
BRDA:417,52,0,0
BRDA:417,52,1,0
BRDA:417,53,0,0
BRDA:417,53,1,0
BRDA:418,54,0,0
BRDA:418,54,1,0
BRDA:426,55,0,0
BRDA:426,55,1,0
BRDA:426,56,0,0
BRDA:426,56,1,0
BRDA:445,57,0,0
BRDA:445,57,1,0
BRDA:445,58,0,0
BRDA:445,58,1,0
BRDA:445,58,2,0
BRDA:447,59,0,0
BRDA:447,59,1,0
BRDA:448,60,0,0
BRDA:448,60,1,0
BRDA:459,61,0,0
BRDA:459,61,1,0
BRDA:459,62,0,0
BRDA:459,62,1,0
BRDA:467,63,0,0
BRDA:467,63,1,0
BRDA:467,64,0,0
BRDA:467,64,1,0
BRDA:478,65,0,0
BRDA:478,65,1,0
BRDA:478,66,0,0
BRDA:478,66,1,0
BRDA:485,67,0,0
BRDA:485,67,1,0
BRDA:485,68,0,0
BRDA:485,68,1,0
BRDA:492,69,0,0
BRDA:492,69,1,0
BRDA:492,70,0,0
BRDA:492,70,1,0
BRDA:499,71,0,0
BRDA:499,71,1,0
BRDA:508,72,0,0
BRDA:508,72,1,0
BRDA:540,73,0,0
BRDA:540,73,1,0
BRDA:540,74,0,0
BRDA:540,74,1,0
BRDA:540,74,2,0
BRDA:544,75,0,0
BRDA:544,75,1,0
BRDA:544,76,0,0
BRDA:544,76,1,0
BRDA:556,77,0,0
BRDA:556,77,1,0
BRDA:556,78,0,0
BRDA:556,78,1,0
BRDA:561,79,0,0
BRDA:561,79,1,0
BRDA:567,80,0,0
BRDA:567,80,1,0
BRDA:600,81,0,0
BRDA:600,81,1,0
BRDA:611,82,0,0
BRDA:611,82,1,0
BRDA:613,83,0,0
BRDA:613,83,1,0
BRDA:613,84,0,0
BRDA:613,84,1,0
BRDA:622,85,0,0
BRDA:622,85,1,0
BRDA:630,86,0,0
BRDA:630,86,1,0
BRDA:645,87,0,0
BRDA:645,87,1,0
BRDA:647,88,0,0
BRDA:647,88,1,0
BRDA:656,89,0,0
BRDA:656,89,1,0
BRDA:659,90,0,0
BRDA:659,90,1,0
BRDA:661,91,0,0
BRDA:661,91,1,0
BRDA:662,92,0,0
BRDA:662,92,1,0
BRDA:673,93,0,0
BRDA:673,93,1,0
BRDA:675,94,0,0
BRDA:675,94,1,0
BRDA:685,95,0,0
BRDA:685,95,1,0
BRDA:687,96,0,0
BRDA:687,96,1,0
BRDA:688,97,0,0
BRDA:688,97,1,0
BRDA:697,98,0,0
BRDA:697,98,1,0
BRDA:699,99,0,0
BRDA:699,99,1,0
BRDA:700,100,0,0
BRDA:700,100,1,0
BRDA:709,101,0,0
BRDA:709,101,1,0
BRDA:711,102,0,0
BRDA:711,102,1,0
BRDA:712,103,0,0
BRDA:712,103,1,0
BRDA:721,104,0,0
BRDA:721,104,1,0
BRDA:723,105,0,0
BRDA:723,105,1,0
BRDA:724,106,0,0
BRDA:724,106,1,0
BRDA:733,107,0,0
BRDA:733,107,1,0
BRDA:735,108,0,0
BRDA:735,108,1,0
BRDA:755,109,0,0
BRDA:755,109,1,0
BRDA:759,110,0,0
BRDA:759,110,1,0
BRDA:760,111,0,0
BRDA:760,111,1,0
BRDA:771,112,0,0
BRDA:771,112,1,0
BRDA:773,113,0,0
BRDA:773,113,1,0
BRDA:782,114,0,0
BRDA:782,114,1,0
BRDA:784,115,0,0
BRDA:784,115,1,0
BRDA:796,116,0,0
BRDA:796,116,1,0
BRDA:801,117,0,0
BRDA:801,117,1,0
BRDA:803,118,0,0
BRDA:803,118,1,0
BRDA:811,119,0,0
BRDA:811,119,1,0
BRDA:813,120,0,0
BRDA:813,120,1,0
BRDA:821,121,0,0
BRDA:821,121,1,0
BRDA:823,122,0,0
BRDA:823,122,1,0
BRDA:831,123,0,0
BRDA:831,123,1,0
BRF:250
BRH:0
end_of_record
TN:
SF:lib/pdf/coordinate-converter.ts
FN:54,convertCoordinates
FN:75,convertPreviewToPDF
FN:161,generateCoordinateMap
FN:230,validateCoordinates
FNF:4
FNH:0
FNDA:0,convertCoordinates
FNDA:0,convertPreviewToPDF
FNDA:0,generateCoordinateMap
FNDA:0,validateCoordinates
DA:58,0
DA:60,0
DA:63,0
DA:76,0
DA:77,0
DA:79,0
DA:96,0
DA:97,0
DA:99,0
DA:104,0
DA:105,0
DA:106,0
DA:108,0
DA:109,0
DA:112,0
DA:115,0
DA:116,0
DA:117,0
DA:118,0
DA:120,0
DA:122,0
DA:123,0
DA:124,0
DA:126,0
DA:127,0
DA:128,0
DA:133,0
DA:139,0
DA:140,0
DA:141,0
DA:144,0
DA:145,0
DA:147,0
DA:151,0
DA:153,0
DA:154,0
DA:162,0
DA:163,0
DA:165,0
DA:219,0
DA:220,0
DA:222,0
DA:223,0
DA:231,0
DA:232,0
DA:233,0
DA:236,0
DA:237,0
DA:239,0
DA:244,0
DA:245,0
DA:247,0
DA:248,0
DA:249,0
DA:250,0
DA:251,0
DA:252,0
DA:254,0
DA:261,0
DA:262,0
DA:264,0
DA:268,0
DA:273,0
DA:274,0
DA:281,0
DA:282,0
DA:283,0
DA:285,0
DA:286,0
DA:287,0
DA:290,0
DA:291,0
DA:292,0
DA:293,0
DA:294,0
DA:298,0
DA:299,0
LF:77
LH:0
BRDA:58,0,0,0
BRDA:58,0,1,0
BRDA:58,1,0,0
BRDA:58,1,1,0
BRDA:58,1,2,0
BRDA:58,1,3,0
BRDA:97,2,0,0
BRDA:97,2,1,0
BRDA:97,3,0,0
BRDA:97,3,1,0
BRDA:97,3,2,0
BRDA:97,3,3,0
BRDA:109,4,0,0
BRDA:109,4,1,0
BRDA:109,5,0,0
BRDA:109,5,1,0
BRDA:109,5,2,0
BRDA:109,5,3,0
BRDA:116,6,0,0
BRDA:116,6,1,0
BRDA:120,7,0,0
BRDA:120,7,1,0
BRDA:124,8,0,0
BRDA:124,8,1,0
BRDA:127,9,0,0
BRDA:127,9,1,0
BRDA:145,10,0,0
BRDA:145,10,1,0
BRDA:145,11,0,0
BRDA:145,11,1,0
BRDA:145,11,2,0
BRDA:145,11,3,0
BRDA:237,12,0,0
BRDA:237,12,1,0
BRDA:237,13,0,0
BRDA:237,13,1,0
BRDA:237,13,2,0
BRDA:237,13,3,0
BRDA:250,14,0,0
BRDA:250,14,1,0
BRDA:252,15,0,0
BRDA:252,15,1,0
BRDA:252,16,0,0
BRDA:252,16,1,0
BRDA:252,16,2,0
BRDA:252,16,3,0
BRDA:262,17,0,0
BRDA:262,17,1,0
BRDA:262,18,0,0
BRDA:262,18,1,0
BRDA:262,18,2,0
BRDA:262,18,3,0
BRDA:281,19,0,0
BRDA:281,19,1,0
BRDA:282,20,0,0
BRDA:282,20,1,0
BRDA:283,21,0,0
BRDA:283,21,1,0
BRDA:291,22,0,0
BRDA:291,22,1,0
BRF:60
BRH:0
end_of_record
TN:
SF:lib/pdf/coordinate-mapper.ts
FN:12,createCoordinateMapper
FN:53,drawCoordinateGrid
FN:103,drawFieldLabels
FN:123,(anonymous_3)
FNF:4
FNH:0
FNDA:0,createCoordinateMapper
FNDA:0,drawCoordinateGrid
FNDA:0,drawFieldLabels
FNDA:0,(anonymous_3)
DA:13,0
DA:15,0
DA:16,0
DA:17,0
DA:19,0
DA:20,0
DA:23,0
DA:26,0
DA:29,0
DA:30,0
DA:33,0
DA:34,0
DA:37,0
DA:38,0
DA:39,0
DA:40,0
DA:42,0
DA:43,0
DA:45,0
DA:46,0
DA:54,0
DA:55,0
DA:58,0
DA:59,0
DA:67,0
DA:68,0
DA:79,0
DA:80,0
DA:88,0
DA:89,0
DA:104,0
DA:105,0
DA:108,0
DA:123,0
DA:124,0
LF:35
LH:0
BRDA:67,0,0,0
BRDA:67,0,1,0
BRDA:88,1,0,0
BRDA:88,1,1,0
BRF:4
BRH:0
end_of_record
TN:
SF:lib/pdf/coordinate-validator.ts
FN:39,loadWorksheet
FN:51,convertToPDFCoords
FN:73,validateWorksheet
FN:108,testWorksheetField
FN:128,testWorksheetSection
FN:153,generateWorksheetVerification
FN:178,testFieldGroup
FN:207,generateProgressReport
FN:279,runCoordinateTests
FN:287,(anonymous_9)
FNF:10
FNH:0
FNDA:0,loadWorksheet
FNDA:0,convertToPDFCoords
FNDA:0,validateWorksheet
FNDA:0,testWorksheetField
FNDA:0,testWorksheetSection
FNDA:0,generateWorksheetVerification
FNDA:0,testFieldGroup
FNDA:0,generateProgressReport
FNDA:0,runCoordinateTests
FNDA:0,(anonymous_9)
DA:40,0
DA:41,0
DA:43,0
DA:44,0
DA:55,0
DA:57,0
DA:60,0
DA:79,0
DA:80,0
DA:81,0
DA:82,0
DA:85,0
DA:86,0
DA:87,0
DA:88,0
DA:90,0
DA:92,0
DA:97,0
DA:113,0
DA:114,0
DA:116,0
DA:118,0
DA:121,0
DA:122,0
DA:132,0
DA:133,0
DA:134,0
DA:136,0
DA:137,0
DA:139,0
DA:143,0
DA:144,0
DA:147,0
DA:154,0
DA:155,0
DA:158,0
DA:159,0
DA:160,0
DA:162,0
DA:163,0
DA:168,0
DA:169,0
DA:172,0
DA:182,0
DA:183,0
DA:186,0
DA:187,0
DA:188,0
DA:191,0
DA:192,0
DA:197,0
DA:198,0
DA:201,0
DA:221,0
DA:222,0
DA:224,0
DA:231,0
DA:232,0
DA:233,0
DA:235,0
DA:236,0
DA:237,0
DA:239,0
DA:243,0
DA:250,0
DA:252,0
DA:253,0
DA:256,0
DA:257,0
DA:260,0
DA:261,0
DA:264,0
DA:280,0
DA:282,0
DA:283,0
DA:285,0
DA:286,0
DA:287,0
DA:288,0
DA:289,0
DA:291,0
DA:294,0
DA:296,0
DA:297,0
DA:298,0
DA:300,0
LF:86
LH:0
BRDA:55,0,0,0
BRDA:55,0,1,0
BRDA:55,1,0,0
BRDA:55,1,1,0
BRDA:55,1,2,0
BRDA:55,1,3,0
BRDA:88,2,0,0
BRDA:88,2,1,0
BRDA:88,3,0,0
BRDA:88,3,1,0
BRDA:88,3,2,0
BRDA:88,3,3,0
BRDA:116,4,0,0
BRDA:116,4,1,0
BRDA:116,5,0,0
BRDA:116,5,1,0
BRDA:116,5,2,0
BRDA:116,5,3,0
BRDA:116,5,4,0
BRDA:137,6,0,0
BRDA:137,6,1,0
BRDA:137,7,0,0
BRDA:137,7,1,0
BRDA:137,7,2,0
BRDA:137,7,3,0
BRDA:143,8,0,0
BRDA:143,8,1,0
BRDA:160,9,0,0
BRDA:160,9,1,0
BRDA:160,10,0,0
BRDA:160,10,1,0
BRDA:160,10,2,0
BRDA:160,10,3,0
BRDA:168,11,0,0
BRDA:168,11,1,0
BRDA:188,12,0,0
BRDA:188,12,1,0
BRDA:188,13,0,0
BRDA:188,13,1,0
BRDA:188,13,2,0
BRDA:188,13,3,0
BRDA:188,13,4,0
BRDA:197,14,0,0
BRDA:197,14,1,0
BRDA:237,15,0,0
BRDA:237,15,1,0
BRDA:237,16,0,0
BRDA:237,16,1,0
BRDA:237,16,2,0
BRDA:237,16,3,0
BRDA:246,17,0,0
BRDA:246,17,1,0
BRDA:252,18,0,0
BRDA:252,18,1,0
BRDA:256,19,0,0
BRDA:256,19,1,0
BRDA:260,20,0,0
BRDA:260,20,1,0
BRDA:269,21,0,0
BRDA:269,21,1,0
BRDA:285,22,0,0
BRDA:285,22,1,0
BRDA:288,23,0,0
BRDA:288,23,1,0
BRF:64
BRH:0
end_of_record
TN:
SF:lib/pdf/field-analyzer.ts
FN:183,getTableRowCoordinates
FN:198,getFieldsBySection
FN:199,(anonymous_2)
FN:205,getTableRowFields
FN:206,(anonymous_4)
FN:210,(anonymous_5)
FNF:6
FNH:0
FNDA:0,getTableRowCoordinates
FNDA:0,getFieldsBySection
FNDA:0,(anonymous_2)
FNDA:0,getTableRowFields
FNDA:0,(anonymous_4)
FNDA:0,(anonymous_5)
DA:20,0
DA:184,0
DA:185,0
DA:187,0
DA:199,0
DA:206,0
DA:207,0
DA:210,0
LF:8
LH:0
BRDA:207,0,0,0
BRDA:207,0,1,0
BRF:2
BRH:0
end_of_record
TN:
SF:lib/pdf/field-tester.ts
FN:23,loadAVACTemplate
FN:58,testSingleField
FN:139,testMultipleFields
FN:211,generateVerificationPDF
FN:295,quickTestField
FNF:5
FNH:0
FNDA:0,loadAVACTemplate
FNDA:0,testSingleField
FNDA:0,testMultipleFields
FNDA:0,generateVerificationPDF
FNDA:0,quickTestField
DA:24,0
DA:25,0
DA:26,0
DA:28,0
DA:29,0
DA:32,0
DA:33,0
DA:34,0
DA:36,0
DA:37,0
DA:38,0
DA:39,0
DA:40,0
DA:43,0
DA:44,0
DA:48,0
DA:50,0
DA:51,0
DA:63,0
DA:64,0
DA:65,0
DA:68,0
DA:69,0
DA:70,0
DA:73,0
DA:74,0
DA:77,0
DA:80,0
DA:89,0
DA:98,0
DA:107,0
DA:108,0
DA:109,0
DA:113,0
DA:114,0
DA:115,0
DA:117,0
DA:118,0
DA:119,0
DA:120,0
DA:121,0
DA:123,0
DA:126,0
DA:128,0
DA:129,0
DA:131,0
DA:132,0
DA:143,0
DA:144,0
DA:147,0
DA:148,0
DA:149,0
DA:152,0
DA:153,0
DA:156,0
DA:157,0
DA:160,0
DA:169,0
DA:179,0
DA:180,0
DA:181,0
DA:185,0
DA:186,0
DA:187,0
DA:189,0
DA:190,0
DA:191,0
DA:192,0
DA:193,0
DA:195,0
DA:198,0
DA:200,0
DA:201,0
DA:203,0
DA:204,0
DA:214,0
DA:215,0
DA:218,0
DA:219,0
DA:220,0
DA:223,0
DA:224,0
DA:227,0
DA:229,0
DA:230,0
DA:231,0
DA:232,0
DA:233,0
DA:234,0
DA:235,0
DA:236,0
DA:237,0
DA:238,0
DA:240,0
DA:244,0
DA:253,0
DA:263,0
DA:264,0
DA:265,0
DA:269,0
DA:270,0
DA:271,0
DA:273,0
DA:274,0
DA:275,0
DA:276,0
DA:277,0
DA:279,0
DA:282,0
DA:284,0
DA:285,0
DA:287,0
DA:288,0
DA:302,0
LF:114
LH:0
BRDA:28,0,0,0
BRDA:28,0,1,0
BRDA:32,1,0,0
BRDA:32,1,1,0
BRDA:36,2,0,0
BRDA:36,2,1,0
BRDA:77,3,0,0
BRDA:77,3,1,0
BRDA:157,4,0,0
BRDA:157,4,1,0
BRDA:230,5,0,0
BRDA:230,5,1,0
BRDA:232,6,0,0
BRDA:232,6,1,0
BRDA:233,7,0,0
BRDA:233,7,1,0
BRDA:235,8,0,0
BRDA:235,8,1,0
BRDA:237,9,0,0
BRDA:237,9,1,0
BRF:20
BRH:0
end_of_record
TN:
SF:lib/pdf/smoTestData.ts
FN:6,generateSMOProfile
FN:26,generateSMOLogs
FNF:2
FNH:0
FNDA:0,generateSMOProfile
FNDA:0,generateSMOLogs
DA:7,0
DA:27,0
DA:29,0
LF:3
LH:0
BRF:0
BRH:0
end_of_record
TN:
SF:lib/pdf/testAVAC.ts
FN:8,generateTestProfile
FN:28,generateTestLogs
FN:71,testAVACGeneration
FN:95,(anonymous_3)
FN:115,quickAVACTest
FNF:5
FNH:0
FNDA:0,generateTestProfile
FNDA:0,generateTestLogs
FNDA:0,testAVACGeneration
FNDA:0,(anonymous_3)
FNDA:0,quickAVACTest
DA:9,0
DA:29,0
DA:31,0
DA:72,0
DA:73,0
DA:76,0
DA:77,0
DA:79,0
DA:87,0
DA:90,0
DA:95,0
DA:100,0
DA:101,0
DA:102,0
DA:104,0
DA:105,0
DA:107,0
DA:108,0
DA:116,0
DA:117,0
DA:118,0
DA:120,0
LF:22
LH:0
BRDA:95,0,0,0
BRDA:95,0,1,0
BRF:2
BRH:0
end_of_record
TN:
SF:lib/pdf/testSMOAVAC.ts
FN:9,testSMOAVACGeneration
FN:33,(anonymous_1)
FN:53,quickSMOTest
FNF:3
FNH:0
FNDA:0,testSMOAVACGeneration
FNDA:0,(anonymous_1)
FNDA:0,quickSMOTest
DA:10,0
DA:11,0
DA:14,0
DA:15,0
DA:17,0
DA:25,0
DA:28,0
DA:33,0
DA:38,0
DA:39,0
DA:40,0
DA:42,0
DA:43,0
DA:45,0
DA:46,0
DA:54,0
DA:55,0
DA:56,0
DA:58,0
LF:19
LH:0
BRDA:33,0,0,0
BRDA:33,0,1,0
BRF:2
BRH:0
end_of_record
TN:
SF:lib/pdf/maps/qld_avac_v85.ts
FN:1087,getRowYPosition
FN:1092,getMaxRowsPerPage
FNF:2
FNH:0
FNDA:0,getRowYPosition
FNDA:0,getMaxRowsPerPage
DA:20,0
DA:1072,0
DA:1082,0
DA:1089,0
DA:1093,0
LF:5
LH:0
BRF:0
BRH:0
end_of_record
TN:
SF:lib/state/logsStore.ts
FN:40,(anonymous_0)
FN:46,(anonymous_1)
FN:63,(anonymous_2)
FN:80,(anonymous_3)
FN:98,(anonymous_4)
FN:103,(anonymous_5)
FN:117,(anonymous_6)
FN:122,(anonymous_7)
FN:136,(anonymous_8)
FN:138,(anonymous_9)
FN:150,(anonymous_10)
FN:154,(anonymous_11)
FN:166,(anonymous_12)
FN:173,(anonymous_13)
FN:202,(anonymous_14)
FN:207,(anonymous_15)
FN:221,(anonymous_16)
FN:226,(anonymous_17)
FN:240,(anonymous_18)
FN:244,(anonymous_19)
FN:256,(anonymous_20)
FN:270,(anonymous_21)
FN:274,(anonymous_22)
FN:300,(anonymous_23)
FN:303,(anonymous_24)
FN:305,(anonymous_25)
FN:308,(anonymous_26)
FN:313,(anonymous_27)
FN:318,(anonymous_28)
FN:323,(anonymous_29)
FN:333,(anonymous_30)
FN:334,(anonymous_31)
FN:338,(anonymous_32)
FN:340,(anonymous_33)
FN:343,(anonymous_34)
FN:345,(anonymous_35)
FN:357,(anonymous_36)
FNF:37
FNH:9
FNDA:1,(anonymous_0)
FNDA:0,(anonymous_1)
FNDA:0,(anonymous_2)
FNDA:2,(anonymous_3)
FNDA:1,(anonymous_4)
FNDA:1,(anonymous_5)
FNDA:0,(anonymous_6)
FNDA:0,(anonymous_7)
FNDA:0,(anonymous_8)
FNDA:0,(anonymous_9)
FNDA:0,(anonymous_10)
FNDA:0,(anonymous_11)
FNDA:0,(anonymous_12)
FNDA:0,(anonymous_13)
FNDA:0,(anonymous_14)
FNDA:0,(anonymous_15)
FNDA:0,(anonymous_16)
FNDA:0,(anonymous_17)
FNDA:0,(anonymous_18)
FNDA:0,(anonymous_19)
FNDA:0,(anonymous_20)
FNDA:0,(anonymous_21)
FNDA:0,(anonymous_22)
FNDA:0,(anonymous_23)
FNDA:0,(anonymous_24)
FNDA:0,(anonymous_25)
FNDA:0,(anonymous_26)
FNDA:0,(anonymous_27)
FNDA:0,(anonymous_28)
FNDA:0,(anonymous_29)
FNDA:0,(anonymous_30)
FNDA:0,(anonymous_31)
FNDA:3,(anonymous_32)
FNDA:3,(anonymous_33)
FNDA:3,(anonymous_34)
FNDA:1,(anonymous_35)
FNDA:1,(anonymous_36)
DA:40,1
DA:47,0
DA:48,0
DA:49,0
DA:50,0
DA:56,0
DA:64,0
DA:65,0
DA:66,0
DA:67,0
DA:73,0
DA:81,2
DA:82,2
DA:83,2
DA:84,2
DA:85,2
DA:91,0
DA:99,1
DA:100,1
DA:101,1
DA:102,1
DA:103,1
DA:104,1
DA:110,0
DA:118,0
DA:119,0
DA:120,0
DA:121,0
DA:122,0
DA:123,0
DA:129,0
DA:137,0
DA:138,0
DA:139,0
DA:141,0
DA:147,0
DA:151,0
DA:152,0
DA:153,0
DA:154,0
DA:156,0
DA:157,0
DA:161,0
DA:166,0
DA:170,0
DA:173,0
DA:174,0
DA:180,0
DA:181,0
DA:182,0
DA:186,0
DA:192,0
DA:194,0
DA:198,0
DA:203,0
DA:204,0
DA:205,0
DA:206,0
DA:207,0
DA:208,0
DA:214,0
DA:222,0
DA:223,0
DA:224,0
DA:225,0
DA:226,0
DA:227,0
DA:233,0
DA:241,0
DA:242,0
DA:243,0
DA:244,0
DA:245,0
DA:246,0
DA:249,0
DA:255,0
DA:256,0
DA:257,0
DA:263,0
DA:271,0
DA:272,0
DA:273,0
DA:274,0
DA:275,0
DA:281,0
DA:282,0
DA:283,0
DA:287,0
DA:293,0
DA:300,0
DA:304,0
DA:305,0
DA:309,0
DA:310,0
DA:314,0
DA:315,0
DA:319,0
DA:320,0
DA:324,0
DA:334,0
DA:339,3
DA:340,3
DA:344,3
DA:345,3
DA:346,3
DA:348,1
DA:354,1
DA:359,1
LF:108
LH:20
BRDA:58,0,0,0
BRDA:58,0,1,0
BRDA:75,1,0,0
BRDA:75,1,1,0
BRDA:93,2,0,0
BRDA:93,2,1,0
BRDA:103,3,0,1
BRDA:103,3,1,0
BRDA:112,4,0,0
BRDA:112,4,1,0
BRDA:131,5,0,0
BRDA:131,5,1,0
BRDA:139,6,0,0
BRDA:139,6,1,0
BRDA:154,7,0,0
BRDA:154,7,1,0
BRDA:156,8,0,0
BRDA:156,8,1,0
BRDA:164,9,0,0
BRDA:164,9,1,0
BRDA:174,10,0,0
BRDA:174,10,1,0
BRDA:181,11,0,0
BRDA:181,11,1,0
BRDA:196,12,0,0
BRDA:196,12,1,0
BRDA:207,13,0,0
BRDA:207,13,1,0
BRDA:216,14,0,0
BRDA:216,14,1,0
BRDA:235,15,0,0
BRDA:235,15,1,0
BRDA:245,16,0,0
BRDA:245,16,1,0
BRDA:256,17,0,0
BRDA:256,17,1,0
BRDA:265,18,0,0
BRDA:265,18,1,0
BRDA:275,19,0,0
BRDA:275,19,1,0
BRDA:282,20,0,0
BRDA:282,20,1,0
BRDA:295,21,0,0
BRDA:295,21,1,0
BRDA:329,22,0,0
BRDA:329,22,1,0
BRDA:340,23,0,3
BRDA:340,23,1,2
BRDA:340,24,0,3
BRDA:340,24,1,2
BRDA:346,25,0,2
BRDA:346,25,1,1
BRF:52
BRH:7
end_of_record
TN:
SF:lib/state/profileStore.ts
FN:22,(anonymous_0)
FN:27,(anonymous_1)
FN:54,(anonymous_2)
FN:77,(anonymous_3)
FN:94,(anonymous_4)
FN:97,(anonymous_5)
FN:108,(anonymous_6)
FN:115,(anonymous_7)
FNF:8
FNH:0
FNDA:0,(anonymous_0)
FNDA:0,(anonymous_1)
FNDA:0,(anonymous_2)
FNDA:0,(anonymous_3)
FNDA:0,(anonymous_4)
FNDA:0,(anonymous_5)
FNDA:0,(anonymous_6)
FNDA:0,(anonymous_7)
DA:22,0
DA:28,0
DA:29,0
DA:30,0
DA:31,0
DA:32,0
DA:33,0
DA:34,0
DA:36,0
DA:41,0
DA:46,0
DA:47,0
DA:55,0
DA:56,0
DA:57,0
DA:58,0
DA:59,0
DA:64,0
DA:69,0
DA:70,0
DA:78,0
DA:79,0
DA:80,0
DA:81,0
DA:87,0
DA:94,0
DA:98,0
DA:99,0
DA:100,0
DA:105,0
DA:109,0
DA:110,0
DA:111,0
DA:112,0
DA:116,0
DA:117,0
DA:118,0
DA:119,0
LF:38
LH:0
BRDA:31,0,0,0
BRDA:31,0,1,0
BRDA:32,1,0,0
BRDA:32,1,1,0
BRDA:43,2,0,0
BRDA:43,2,1,0
BRDA:49,3,0,0
BRDA:49,3,1,0
BRDA:66,4,0,0
BRDA:66,4,1,0
BRDA:72,5,0,0
BRDA:72,5,1,0
BRDA:89,6,0,0
BRDA:89,6,1,0
BRDA:99,7,0,0
BRDA:99,7,1,0
BRDA:110,8,0,0
BRDA:110,8,1,0
BRF:18
BRH:0
end_of_record
TN:
SF:lib/state/shiftsStore.ts
FN:24,(anonymous_0)
FN:29,(anonymous_1)
FN:36,(anonymous_2)
FN:52,(anonymous_3)
FN:79,(anonymous_4)
FN:90,(anonymous_5)
FN:106,(anonymous_6)
FN:112,(anonymous_7)
FN:128,(anonymous_8)
FN:131,(anonymous_9)
FN:136,(anonymous_10)
FN:141,(anonymous_11)
FN:160,(anonymous_12)
FN:165,(anonymous_13)
FNF:14
FNH:0
FNDA:0,(anonymous_0)
FNDA:0,(anonymous_1)
FNDA:0,(anonymous_2)
FNDA:0,(anonymous_3)
FNDA:0,(anonymous_4)
FNDA:0,(anonymous_5)
FNDA:0,(anonymous_6)
FNDA:0,(anonymous_7)
FNDA:0,(anonymous_8)
FNDA:0,(anonymous_9)
FNDA:0,(anonymous_10)
FNDA:0,(anonymous_11)
FNDA:0,(anonymous_12)
FNDA:0,(anonymous_13)
DA:24,0
DA:30,0
DA:31,0
DA:32,0
DA:33,0
DA:34,0
DA:36,0
DA:38,0
DA:44,0
DA:45,0
DA:53,0
DA:60,0
DA:61,0
DA:62,0
DA:63,0
DA:64,0
DA:65,0
DA:71,0
DA:72,0
DA:80,0
DA:86,0
DA:87,0
DA:88,0
DA:89,0
DA:90,0
DA:91,0
DA:92,0
DA:98,0
DA:99,0
DA:107,0
DA:108,0
DA:109,0
DA:110,0
DA:111,0
DA:112,0
DA:113,0
DA:114,0
DA:120,0
DA:121,0
DA:128,0
DA:132,0
DA:133,0
DA:137,0
DA:138,0
DA:139,0
DA:141,0
DA:143,0
DA:146,0
DA:149,0
DA:152,0
DA:153,0
DA:156,0
DA:161,0
DA:162,0
DA:163,0
DA:165,0
DA:166,0
LF:57
LH:0
BRDA:47,0,0,0
BRDA:47,0,1,0
BRDA:74,1,0,0
BRDA:74,1,1,0
BRDA:90,2,0,0
BRDA:90,2,1,0
BRDA:101,3,0,0
BRDA:101,3,1,0
BRDA:123,4,0,0
BRDA:123,4,1,0
BRDA:143,5,0,0
BRDA:143,5,1,0
BRDA:143,5,2,0
BRDA:146,6,0,0
BRDA:146,6,1,0
BRDA:149,7,0,0
BRDA:149,7,1,0
BRDA:152,8,0,0
BRDA:152,8,1,0
BRDA:152,9,0,0
BRDA:152,9,1,0
BRDA:153,10,0,0
BRDA:153,10,1,0
BRDA:153,11,0,0
BRDA:153,11,1,0
BRDA:166,12,0,0
BRDA:166,12,1,0
BRDA:166,12,2,0
BRF:28
BRH:0
end_of_record
TN:
SF:lib/storage/profile.ts
FN:7,(anonymous_0)
FN:23,(anonymous_1)
FN:83,(anonymous_2)
FN:93,(anonymous_3)
FN:104,(anonymous_4)
FN:109,(anonymous_5)
FN:113,(anonymous_6)
FN:126,(anonymous_7)
FN:133,(anonymous_8)
FNF:9
FNH:0
FNDA:0,(anonymous_0)
FNDA:0,(anonymous_1)
FNDA:0,(anonymous_2)
FNDA:0,(anonymous_3)
FNDA:0,(anonymous_4)
FNDA:0,(anonymous_5)
FNDA:0,(anonymous_6)
FNDA:0,(anonymous_7)
FNDA:0,(anonymous_8)
DA:4,0
DA:8,0
DA:9,0
DA:14,0
DA:15,0
DA:16,0
DA:18,0
DA:19,0
DA:24,0
DA:25,0
DA:26,0
DA:27,0
DA:30,0
DA:33,0
DA:34,0
DA:35,0
DA:37,0
DA:38,0
DA:40,0
DA:43,0
DA:44,0
DA:48,0
DA:49,0
DA:50,0
DA:52,0
DA:56,0
DA:57,0
DA:58,0
DA:60,0
DA:64,0
DA:65,0
DA:66,0
DA:68,0
DA:71,0
DA:76,0
DA:78,0
DA:79,0
DA:84,0
DA:85,0
DA:86,0
DA:88,0
DA:89,0
DA:94,0
DA:95,0
DA:96,0
DA:98,0
DA:99,0
DA:105,0
DA:106,0
DA:107,0
DA:109,0
DA:115,0
DA:122,0
DA:126,0
DA:127,0
DA:128,0
DA:134,0
DA:157,0
LF:58
LH:0
BRDA:26,0,0,0
BRDA:26,0,1,0
BRDA:33,1,0,0
BRDA:33,1,1,0
BRDA:33,2,0,0
BRDA:33,2,1,0
BRDA:37,3,0,0
BRDA:37,3,1,0
BRDA:48,4,0,0
BRDA:48,4,1,0
BRDA:48,5,0,0
BRDA:48,5,1,0
BRDA:56,6,0,0
BRDA:56,6,1,0
BRDA:64,7,0,0
BRDA:64,7,1,0
BRDA:106,8,0,0
BRDA:106,8,1,0
BRDA:122,9,0,0
BRDA:122,9,1,0
BRDA:128,10,0,0
BRDA:128,10,1,0
BRF:22
BRH:0
end_of_record
